<?xml version="1.0" encoding="UTF-8"?>
<testsuites>
  <testsuite name="/opt/project/tests" tests="1549" assertions="1775" errors="0" failures="0" skipped="0" time="115.958672">
    <testsuite name="Tests\Bo\BetFinderTest" file="/opt/project/tests/bo/BetFinderTest.php" tests="2" assertions="6" errors="0" failures="0" skipped="0" time="0.011063">
      <testsuite name="Tests\Bo\BetFinderTest::testGetBetFinderFullData" tests="1" assertions="3" errors="0" failures="0" skipped="0" time="0.007818">
        <testcase name="testGetBetFinderFullData with data set #0" class="Tests\Bo\BetFinderTest" classname="Tests.Bo.BetFinderTest" file="/opt/project/tests/bo/BetFinderTest.php" line="13" assertions="3" time="0.007818"/>
      </testsuite>
      <testsuite name="Tests\Bo\BetFinderTest::testGetBetFinderDiffData" tests="1" assertions="3" errors="0" failures="0" skipped="0" time="0.003245">
        <testcase name="testGetBetFinderDiffData with data set #0" class="Tests\Bo\BetFinderTest" classname="Tests.Bo.BetFinderTest" file="/opt/project/tests/bo/BetFinderTest.php" line="411" assertions="3" time="0.003245"/>
      </testsuite>
    </testsuite>
    <testsuite name="Tests\Bo\BetPromptsTest" file="/opt/project/tests/bo/BetPromptsTest.php" tests="2" assertions="2" errors="0" failures="0" skipped="0" time="0.201122">
      <testsuite name="Tests\Bo\BetPromptsTest::testGetBetPrompts" tests="2" assertions="2" errors="0" failures="0" skipped="0" time="0.201122">
        <testcase name="testGetBetPrompts with data set #0" class="Tests\Bo\BetPromptsTest" classname="Tests.Bo.BetPromptsTest" file="/opt/project/tests/bo/BetPromptsTest.php" line="19" assertions="1" time="0.061468"/>
        <testcase name="testGetBetPrompts with data set #1" class="Tests\Bo\BetPromptsTest" classname="Tests.Bo.BetPromptsTest" file="/opt/project/tests/bo/BetPromptsTest.php" line="19" assertions="1" time="0.139654"/>
      </testsuite>
    </testsuite>
    <testsuite name="Tests\Bo\Bloodstock\DamTest" file="/opt/project/tests/bo/Bloodstock/DamTest.php" tests="7" assertions="21" errors="0" failures="0" skipped="0" time="0.017040">
      <testsuite name="Tests\Bo\Bloodstock\DamTest::testGetProgenyEntries" tests="1" assertions="3" errors="0" failures="0" skipped="0" time="0.001855">
        <testcase name="testGetProgenyEntries with data set #0" class="Tests\Bo\Bloodstock\DamTest" classname="Tests.Bo.Bloodstock.DamTest" file="/opt/project/tests/bo/Bloodstock/DamTest.php" line="13" assertions="3" time="0.001855"/>
      </testsuite>
      <testsuite name="Tests\Bo\Bloodstock\DamTest::testGetProgenyResults" tests="1" assertions="3" errors="0" failures="0" skipped="0" time="0.003206">
        <testcase name="testGetProgenyResults with data set #0" class="Tests\Bo\Bloodstock\DamTest" classname="Tests.Bo.Bloodstock.DamTest" file="/opt/project/tests/bo/Bloodstock/DamTest.php" line="59" assertions="3" time="0.003206"/>
      </testsuite>
      <testsuite name="Tests\Bo\Bloodstock\DamTest::testGetProgenyResultsSalesDefault" tests="3" assertions="9" errors="0" failures="0" skipped="0" time="0.006683">
        <testcase name="testGetProgenyResultsSalesDefault with data set #0" class="Tests\Bo\Bloodstock\DamTest" classname="Tests.Bo.Bloodstock.DamTest" file="/opt/project/tests/bo/Bloodstock/DamTest.php" line="163" assertions="3" time="0.002476"/>
        <testcase name="testGetProgenyResultsSalesDefault with data set #1" class="Tests\Bo\Bloodstock\DamTest" classname="Tests.Bo.Bloodstock.DamTest" file="/opt/project/tests/bo/Bloodstock/DamTest.php" line="163" assertions="3" time="0.002436"/>
        <testcase name="testGetProgenyResultsSalesDefault with data set #2" class="Tests\Bo\Bloodstock\DamTest" classname="Tests.Bo.Bloodstock.DamTest" file="/opt/project/tests/bo/Bloodstock/DamTest.php" line="163" assertions="3" time="0.001771"/>
      </testsuite>
      <testsuite name="Tests\Bo\Bloodstock\DamTest::testGetProgenySales" tests="1" assertions="3" errors="0" failures="0" skipped="0" time="0.003272">
        <testcase name="testGetProgenySales with data set #0" class="Tests\Bo\Bloodstock\DamTest" classname="Tests.Bo.Bloodstock.DamTest" file="/opt/project/tests/bo/Bloodstock/DamTest.php" line="320" assertions="3" time="0.003272"/>
      </testsuite>
      <testsuite name="Tests\Bo\Bloodstock\DamTest::testGetProgenyResultsSeasons" tests="1" assertions="3" errors="0" failures="0" skipped="0" time="0.002024">
        <testcase name="testGetProgenyResultsSeasons with data set #0" class="Tests\Bo\Bloodstock\DamTest" classname="Tests.Bo.Bloodstock.DamTest" file="/opt/project/tests/bo/Bloodstock/DamTest.php" line="441" assertions="3" time="0.002024"/>
      </testsuite>
    </testsuite>
    <testsuite name="Tests\Bo\Bloodstock\Sales\Catalogue\VendorsTest" file="/opt/project/tests/bo/Bloodstock/Sales/Catalogue/VendorsTest.php" tests="1" assertions="1" errors="0" failures="0" skipped="0" time="0.010814">
      <testsuite name="Tests\Bo\Bloodstock\Sales\Catalogue\VendorsTest::testGetVendors" tests="1" assertions="1" errors="0" failures="0" skipped="0" time="0.010814">
        <testcase name="testGetVendors with data set #0" class="Tests\Bo\Bloodstock\Sales\Catalogue\VendorsTest" classname="Tests.Bo.Bloodstock.Sales.Catalogue.VendorsTest" file="/opt/project/tests/bo/Bloodstock/Sales/Catalogue/VendorsTest.php" line="23" assertions="1" time="0.010814"/>
      </testsuite>
    </testsuite>
    <testsuite name="Tests\Bo\Bloodstock\SalesStatisticsTest" file="/opt/project/tests/bo/Bloodstock/SalesStatisticsTest.php" tests="5" assertions="10" errors="0" failures="0" skipped="0" time="0.803713">
      <testsuite name="Tests\Bo\Bloodstock\SalesStatisticsTest::testGetSires" tests="1" assertions="2" errors="0" failures="0" skipped="0" time="0.269649">
        <testcase name="testGetSires with data set #0" class="Tests\Bo\Bloodstock\SalesStatisticsTest" classname="Tests.Bo.Bloodstock.SalesStatisticsTest" file="/opt/project/tests/bo/Bloodstock/SalesStatisticsTest.php" line="23" assertions="2" time="0.269649"/>
      </testsuite>
      <testsuite name="Tests\Bo\Bloodstock\SalesStatisticsTest::testGetSales" tests="1" assertions="2" errors="0" failures="0" skipped="0" time="0.066265">
        <testcase name="testGetSales with data set #0" class="Tests\Bo\Bloodstock\SalesStatisticsTest" classname="Tests.Bo.Bloodstock.SalesStatisticsTest" file="/opt/project/tests/bo/Bloodstock/SalesStatisticsTest.php" line="45" assertions="2" time="0.066265"/>
      </testsuite>
      <testsuite name="Tests\Bo\Bloodstock\SalesStatisticsTest::testGetVendors" tests="1" assertions="2" errors="0" failures="0" skipped="0" time="0.257662">
        <testcase name="testGetVendors with data set #0" class="Tests\Bo\Bloodstock\SalesStatisticsTest" classname="Tests.Bo.Bloodstock.SalesStatisticsTest" file="/opt/project/tests/bo/Bloodstock/SalesStatisticsTest.php" line="67" assertions="2" time="0.257662"/>
      </testsuite>
      <testsuite name="Tests\Bo\Bloodstock\SalesStatisticsTest::testGetBuyers" tests="2" assertions="4" errors="0" failures="0" skipped="0" time="0.210137">
        <testcase name="testGetBuyers with data set #0" class="Tests\Bo\Bloodstock\SalesStatisticsTest" classname="Tests.Bo.Bloodstock.SalesStatisticsTest" file="/opt/project/tests/bo/Bloodstock/SalesStatisticsTest.php" line="89" assertions="2" time="0.208757"/>
        <testcase name="testGetBuyers with data set #1" class="Tests\Bo\Bloodstock\SalesStatisticsTest" classname="Tests.Bo.Bloodstock.SalesStatisticsTest" file="/opt/project/tests/bo/Bloodstock/SalesStatisticsTest.php" line="89" assertions="2" time="0.001380"/>
      </testsuite>
    </testsuite>
    <testsuite name="Tests\Bo\Bloodstock\SalesTest" file="/opt/project/tests/bo/Bloodstock/SalesTest.php" tests="7" assertions="7" errors="0" failures="0" skipped="0" time="0.192962">
      <testsuite name="Tests\Bo\Bloodstock\SalesTest::testGetUpcomingSales" tests="1" assertions="1" errors="0" failures="0" skipped="0" time="0.023833">
        <testcase name="testGetUpcomingSales with data set #0" class="Tests\Bo\Bloodstock\SalesTest" classname="Tests.Bo.Bloodstock.SalesTest" file="/opt/project/tests/bo/Bloodstock/SalesTest.php" line="21" assertions="1" time="0.023833"/>
      </testsuite>
      <testsuite name="Tests\Bo\Bloodstock\SalesTest::testGetSalesResults" tests="1" assertions="1" errors="0" failures="0" skipped="0" time="0.034318">
        <testcase name="testGetSalesResults with data set #0" class="Tests\Bo\Bloodstock\SalesTest" classname="Tests.Bo.Bloodstock.SalesTest" file="/opt/project/tests/bo/Bloodstock/SalesTest.php" line="44" assertions="1" time="0.034318"/>
      </testsuite>
      <testsuite name="Tests\Bo\Bloodstock\SalesTest::testGetCatalogue" tests="1" assertions="1" errors="0" failures="0" skipped="0" time="0.017750">
        <testcase name="testGetCatalogue with data set #0" class="Tests\Bo\Bloodstock\SalesTest" classname="Tests.Bo.Bloodstock.SalesTest" file="/opt/project/tests/bo/Bloodstock/SalesTest.php" line="64" assertions="1" time="0.017750"/>
      </testsuite>
      <testsuite name="Tests\Bo\Bloodstock\SalesTest::testGetCatalogueSires" tests="1" assertions="1" errors="0" failures="0" skipped="0" time="0.016810">
        <testcase name="testGetCatalogueSires with data set #0" class="Tests\Bo\Bloodstock\SalesTest" classname="Tests.Bo.Bloodstock.SalesTest" file="/opt/project/tests/bo/Bloodstock/SalesTest.php" line="87" assertions="1" time="0.016810"/>
      </testsuite>
      <testsuite name="Tests\Bo\Bloodstock\SalesTest::testGetPreviouslySold" tests="1" assertions="1" errors="0" failures="0" skipped="0" time="0.027676">
        <testcase name="testGetPreviouslySold with data set #0" class="Tests\Bo\Bloodstock\SalesTest" classname="Tests.Bo.Bloodstock.SalesTest" file="/opt/project/tests/bo/Bloodstock/SalesTest.php" line="110" assertions="1" time="0.027676"/>
      </testsuite>
      <testsuite name="Tests\Bo\Bloodstock\SalesTest::testGetCompanyNames" tests="1" assertions="1" errors="0" failures="0" skipped="0" time="0.004350">
        <testcase name="testGetCompanyNames with data set #0" class="Tests\Bo\Bloodstock\SalesTest" classname="Tests.Bo.Bloodstock.SalesTest" file="/opt/project/tests/bo/Bloodstock/SalesTest.php" line="133" assertions="1" time="0.004350"/>
      </testsuite>
      <testsuite name="Tests\Bo\Bloodstock\SalesTest::testGetUpcomingNames" tests="1" assertions="1" errors="0" failures="0" skipped="0" time="0.068225">
        <testcase name="testGetUpcomingNames with data set #0" class="Tests\Bo\Bloodstock\SalesTest" classname="Tests.Bo.Bloodstock.SalesTest" file="/opt/project/tests/bo/Bloodstock/SalesTest.php" line="156" assertions="1" time="0.068225"/>
      </testsuite>
    </testsuite>
    <testsuite name="Tests\Bo\Bloodstock\StallionBookTest" file="/opt/project/tests/bo/Bloodstock/StallionBookTest.php" tests="10" assertions="28" errors="0" failures="0" skipped="0" time="0.031145">
      <testsuite name="Tests\Bo\Bloodstock\StallionBookTest::testGetSearchResult" tests="9" assertions="27" errors="0" failures="0" skipped="0" time="0.022006">
        <testcase name="testGetSearchResult with data set #0" class="Tests\Bo\Bloodstock\StallionBookTest" classname="Tests.Bo.Bloodstock.StallionBookTest" file="/opt/project/tests/bo/Bloodstock/StallionBookTest.php" line="22" assertions="3" time="0.003983"/>
        <testcase name="testGetSearchResult with data set #1" class="Tests\Bo\Bloodstock\StallionBookTest" classname="Tests.Bo.Bloodstock.StallionBookTest" file="/opt/project/tests/bo/Bloodstock/StallionBookTest.php" line="22" assertions="3" time="0.002224"/>
        <testcase name="testGetSearchResult with data set #2" class="Tests\Bo\Bloodstock\StallionBookTest" classname="Tests.Bo.Bloodstock.StallionBookTest" file="/opt/project/tests/bo/Bloodstock/StallionBookTest.php" line="22" assertions="3" time="0.001931"/>
        <testcase name="testGetSearchResult with data set #3" class="Tests\Bo\Bloodstock\StallionBookTest" classname="Tests.Bo.Bloodstock.StallionBookTest" file="/opt/project/tests/bo/Bloodstock/StallionBookTest.php" line="22" assertions="3" time="0.001697"/>
        <testcase name="testGetSearchResult with data set #4" class="Tests\Bo\Bloodstock\StallionBookTest" classname="Tests.Bo.Bloodstock.StallionBookTest" file="/opt/project/tests/bo/Bloodstock/StallionBookTest.php" line="22" assertions="3" time="0.002555"/>
        <testcase name="testGetSearchResult with data set #5" class="Tests\Bo\Bloodstock\StallionBookTest" classname="Tests.Bo.Bloodstock.StallionBookTest" file="/opt/project/tests/bo/Bloodstock/StallionBookTest.php" line="22" assertions="3" time="0.002064"/>
        <testcase name="testGetSearchResult with data set #6" class="Tests\Bo\Bloodstock\StallionBookTest" classname="Tests.Bo.Bloodstock.StallionBookTest" file="/opt/project/tests/bo/Bloodstock/StallionBookTest.php" line="22" assertions="3" time="0.002995"/>
        <testcase name="testGetSearchResult with data set #7" class="Tests\Bo\Bloodstock\StallionBookTest" classname="Tests.Bo.Bloodstock.StallionBookTest" file="/opt/project/tests/bo/Bloodstock/StallionBookTest.php" line="22" assertions="3" time="0.001848"/>
        <testcase name="testGetSearchResult with data set #8" class="Tests\Bo\Bloodstock\StallionBookTest" classname="Tests.Bo.Bloodstock.StallionBookTest" file="/opt/project/tests/bo/Bloodstock/StallionBookTest.php" line="22" assertions="3" time="0.002709"/>
      </testsuite>
      <testsuite name="Tests\Bo\Bloodstock\StallionBookTest::testGetNames" tests="1" assertions="1" errors="0" failures="0" skipped="0" time="0.009139">
        <testcase name="testGetNames with data set #0" class="Tests\Bo\Bloodstock\StallionBookTest" classname="Tests.Bo.Bloodstock.StallionBookTest" file="/opt/project/tests/bo/Bloodstock/StallionBookTest.php" line="46" assertions="1" time="0.009139"/>
      </testsuite>
    </testsuite>
    <testsuite name="Tests\Bo\Bloodstock\StallionStatisticsTest" file="/opt/project/tests/bo/Bloodstock/StallionStatisticsTest.php" tests="5" assertions="7" errors="0" failures="0" skipped="0" time="0.936025">
      <testsuite name="Tests\Bo\Bloodstock\StallionStatisticsTest::testGetRating" tests="1" assertions="1" errors="0" failures="0" skipped="0" time="0.042150">
        <testcase name="testGetRating with data set #0" class="Tests\Bo\Bloodstock\StallionStatisticsTest" classname="Tests.Bo.Bloodstock.StallionStatisticsTest" file="/opt/project/tests/bo/Bloodstock/StallionStatisticsTest.php" line="23" assertions="1" time="0.042150"/>
      </testsuite>
      <testsuite name="Tests\Bo\Bloodstock\StallionStatisticsTest::testGetYearlings" tests="1" assertions="2" errors="0" failures="0" skipped="0" time="0.026388">
        <testcase name="testGetYearlings with data set #0" class="Tests\Bo\Bloodstock\StallionStatisticsTest" classname="Tests.Bo.Bloodstock.StallionStatisticsTest" file="/opt/project/tests/bo/Bloodstock/StallionStatisticsTest.php" line="44" assertions="2" time="0.026388"/>
      </testsuite>
      <testsuite name="Tests\Bo\Bloodstock\StallionStatisticsTest::testGetTopSires" tests="1" assertions="2" errors="0" failures="0" skipped="0" time="0.825428">
        <testcase name="testGetTopSires with data set #0" class="Tests\Bo\Bloodstock\StallionStatisticsTest" classname="Tests.Bo.Bloodstock.StallionStatisticsTest" file="/opt/project/tests/bo/Bloodstock/StallionStatisticsTest.php" line="67" assertions="2" time="0.825428"/>
      </testsuite>
      <testsuite name="Tests\Bo\Bloodstock\StallionStatisticsTest::testGetTopStallions" tests="2" assertions="2" errors="0" failures="0" skipped="0" time="0.042059">
        <testcase name="testGetTopStallions with data set #0" class="Tests\Bo\Bloodstock\StallionStatisticsTest" classname="Tests.Bo.Bloodstock.StallionStatisticsTest" file="/opt/project/tests/bo/Bloodstock/StallionStatisticsTest.php" line="89" assertions="1" time="0.021577"/>
        <testcase name="testGetTopStallions with data set #1" class="Tests\Bo\Bloodstock\StallionStatisticsTest" classname="Tests.Bo.Bloodstock.StallionStatisticsTest" file="/opt/project/tests/bo/Bloodstock/StallionStatisticsTest.php" line="89" assertions="1" time="0.020482"/>
      </testsuite>
    </testsuite>
    <testsuite name="Tests\Bo\Bloodstock\StallionTest" file="/opt/project/tests/bo/Bloodstock/StallionTest.php" tests="11" assertions="22" errors="0" failures="0" skipped="0" time="0.168114">
      <testsuite name="Tests\Bo\Bloodstock\StallionTest::testGetNickDescendants" tests="2" assertions="2" errors="0" failures="0" skipped="0" time="0.014583">
        <testcase name="testGetNickDescendants with data set #0" class="Tests\Bo\Bloodstock\StallionTest" classname="Tests.Bo.Bloodstock.StallionTest" file="/opt/project/tests/bo/Bloodstock/StallionTest.php" line="28" assertions="1" time="0.006080"/>
        <testcase name="testGetNickDescendants with data set #1" class="Tests\Bo\Bloodstock\StallionTest" classname="Tests.Bo.Bloodstock.StallionTest" file="/opt/project/tests/bo/Bloodstock/StallionTest.php" line="28" assertions="1" time="0.008503"/>
      </testsuite>
      <testsuite name="Tests\Bo\Bloodstock\StallionTest::testGetProgenyStatisticsTop" tests="3" assertions="9" errors="0" failures="0" skipped="0" time="0.008445">
        <testcase name="testGetProgenyStatisticsTop with data set #0" class="Tests\Bo\Bloodstock\StallionTest" classname="Tests.Bo.Bloodstock.StallionTest" file="/opt/project/tests/bo/Bloodstock/StallionTest.php" line="48" assertions="3" time="0.002811"/>
        <testcase name="testGetProgenyStatisticsTop with data set #1" class="Tests\Bo\Bloodstock\StallionTest" classname="Tests.Bo.Bloodstock.StallionTest" file="/opt/project/tests/bo/Bloodstock/StallionTest.php" line="48" assertions="3" time="0.002245"/>
        <testcase name="testGetProgenyStatisticsTop with data set #2" class="Tests\Bo\Bloodstock\StallionTest" classname="Tests.Bo.Bloodstock.StallionTest" file="/opt/project/tests/bo/Bloodstock/StallionTest.php" line="48" assertions="3" time="0.003389"/>
      </testsuite>
      <testsuite name="Tests\Bo\Bloodstock\StallionTest::testGetProgenyBroodmareSiresStatisticsTop" tests="1" assertions="3" errors="0" failures="0" skipped="0" time="0.001466">
        <testcase name="testGetProgenyBroodmareSiresStatisticsTop with data set #0" class="Tests\Bo\Bloodstock\StallionTest" classname="Tests.Bo.Bloodstock.StallionTest" file="/opt/project/tests/bo/Bloodstock/StallionTest.php" line="71" assertions="3" time="0.001466"/>
      </testsuite>
      <testsuite name="Tests\Bo\Bloodstock\StallionTest::testGetProgenyEntries" tests="1" assertions="3" errors="0" failures="0" skipped="0" time="0.003050">
        <testcase name="testGetProgenyEntries with data set #0" class="Tests\Bo\Bloodstock\StallionTest" classname="Tests.Bo.Bloodstock.StallionTest" file="/opt/project/tests/bo/Bloodstock/StallionTest.php" line="96" assertions="3" time="0.003050"/>
      </testsuite>
      <testsuite name="Tests\Bo\Bloodstock\StallionTest::testGetFeeHistory" tests="2" assertions="2" errors="0" failures="0" skipped="0" time="0.037363">
        <testcase name="testGetFeeHistory with data set #0" class="Tests\Bo\Bloodstock\StallionTest" classname="Tests.Bo.Bloodstock.StallionTest" file="/opt/project/tests/bo/Bloodstock/StallionTest.php" line="119" assertions="1" time="0.017212"/>
        <testcase name="testGetFeeHistory with data set #1" class="Tests\Bo\Bloodstock\StallionTest" classname="Tests.Bo.Bloodstock.StallionTest" file="/opt/project/tests/bo/Bloodstock/StallionTest.php" line="119" assertions="1" time="0.020151"/>
      </testsuite>
      <testsuite name="Tests\Bo\Bloodstock\StallionTest::testGetSaleStatistics" tests="1" assertions="2" errors="0" failures="0" skipped="0" time="0.091858">
        <testcase name="testGetSaleStatistics with data set #0" class="Tests\Bo\Bloodstock\StallionTest" classname="Tests.Bo.Bloodstock.StallionTest" file="/opt/project/tests/bo/Bloodstock/StallionTest.php" line="140" assertions="2" time="0.091858"/>
      </testsuite>
      <testsuite name="Tests\Bo\Bloodstock\StallionTest::testGetProgenyStatisticsGoingForm" tests="1" assertions="1" errors="0" failures="0" skipped="0" time="0.011349">
        <testcase name="testGetProgenyStatisticsGoingForm with data set #0" class="Tests\Bo\Bloodstock\StallionTest" classname="Tests.Bo.Bloodstock.StallionTest" file="/opt/project/tests/bo/Bloodstock/StallionTest.php" line="164" assertions="1" time="0.011349"/>
      </testsuite>
    </testsuite>
    <testsuite name="Tests\BoWithFiguresTest" file="/opt/project/tests/bo/BoWithFiguresTest.php" tests="3" assertions="9" errors="0" failures="0" skipped="0" time="0.008399">
      <testsuite name="Tests\BoWithFiguresTest::testGetFiguresArray" tests="3" assertions="9" errors="0" failures="0" skipped="0" time="0.008399">
        <testcase name="testGetFiguresArray with data set #0" class="Tests\BoWithFiguresTest" classname="Tests.BoWithFiguresTest" file="/opt/project/tests/bo/BoWithFiguresTest.php" line="13" assertions="3" time="0.003209"/>
        <testcase name="testGetFiguresArray with data set #1" class="Tests\BoWithFiguresTest" classname="Tests.BoWithFiguresTest" file="/opt/project/tests/bo/BoWithFiguresTest.php" line="13" assertions="3" time="0.001602"/>
        <testcase name="testGetFiguresArray with data set #2" class="Tests\BoWithFiguresTest" classname="Tests.BoWithFiguresTest" file="/opt/project/tests/bo/BoWithFiguresTest.php" line="13" assertions="3" time="0.003588"/>
      </testsuite>
    </testsuite>
    <testsuite name="Tests\CourseProfileTest" file="/opt/project/tests/bo/CourseProfileTest.php" tests="29" assertions="43" errors="0" failures="0" skipped="0" time="0.262437">
      <testsuite name="Tests\CourseProfileTest::testInitByModel" tests="1" assertions="1" errors="0" failures="0" skipped="0" time="0.024861">
        <testcase name="testInitByModel with data set #0" class="Tests\CourseProfileTest" classname="Tests.CourseProfileTest" file="/opt/project/tests/bo/CourseProfileTest.php" line="20" assertions="1" time="0.024861"/>
      </testsuite>
      <testsuite name="Tests\CourseProfileTest::testGetProfile" tests="1" assertions="1" errors="0" failures="0" skipped="0" time="0.004205">
        <testcase name="testGetProfile with data set #0" class="Tests\CourseProfileTest" classname="Tests.CourseProfileTest" file="/opt/project/tests/bo/CourseProfileTest.php" line="54" assertions="1" time="0.004205"/>
      </testsuite>
      <testsuite name="Tests\CourseProfileTest::testGetUpcomingRaces" tests="1" assertions="3" errors="0" failures="0" skipped="0" time="0.001134">
        <testcase name="testGetUpcomingRaces with data set #0" class="Tests\CourseProfileTest" classname="Tests.CourseProfileTest" file="/opt/project/tests/bo/CourseProfileTest.php" line="100" assertions="3" time="0.001134"/>
      </testsuite>
      <testsuite name="Tests\CourseProfileTest::testGetPrincipleRaceResults" tests="2" assertions="2" errors="0" failures="0" skipped="0" time="0.018444">
        <testcase name="testGetPrincipleRaceResults with data set #0" class="Tests\CourseProfileTest" classname="Tests.CourseProfileTest" file="/opt/project/tests/bo/CourseProfileTest.php" line="154" assertions="1" time="0.017666"/>
        <testcase name="testGetPrincipleRaceResults with data set #1" class="Tests\CourseProfileTest" classname="Tests.CourseProfileTest" file="/opt/project/tests/bo/CourseProfileTest.php" line="154" assertions="1" time="0.000778"/>
      </testsuite>
      <testsuite name="Tests\CourseProfileTest::testGetAdmission" tests="1" assertions="3" errors="0" failures="0" skipped="0" time="0.001249">
        <testcase name="testGetAdmission with data set #0" class="Tests\CourseProfileTest" classname="Tests.CourseProfileTest" file="/opt/project/tests/bo/CourseProfileTest.php" line="248" assertions="3" time="0.001249"/>
      </testsuite>
      <testsuite name="Tests\CourseProfileTest::testGetDirections" tests="1" assertions="3" errors="0" failures="0" skipped="0" time="0.001133">
        <testcase name="testGetDirections with data set #0" class="Tests\CourseProfileTest" classname="Tests.CourseProfileTest" file="/opt/project/tests/bo/CourseProfileTest.php" line="288" assertions="3" time="0.001133"/>
      </testsuite>
      <testsuite name="Tests\CourseProfileTest::testGetCourseMap" tests="5" assertions="5" errors="0" failures="0" skipped="0" time="0.056075">
        <testcase name="testGetCourseMap with data set #0" class="Tests\CourseProfileTest" classname="Tests.CourseProfileTest" file="/opt/project/tests/bo/CourseProfileTest.php" line="336" assertions="1" time="0.001104"/>
        <testcase name="testGetCourseMap with data set #1" class="Tests\CourseProfileTest" classname="Tests.CourseProfileTest" file="/opt/project/tests/bo/CourseProfileTest.php" line="336" assertions="1" time="0.013363"/>
        <testcase name="testGetCourseMap with data set #2" class="Tests\CourseProfileTest" classname="Tests.CourseProfileTest" file="/opt/project/tests/bo/CourseProfileTest.php" line="336" assertions="1" time="0.017789"/>
        <testcase name="testGetCourseMap with data set #3" class="Tests\CourseProfileTest" classname="Tests.CourseProfileTest" file="/opt/project/tests/bo/CourseProfileTest.php" line="336" assertions="1" time="0.017444"/>
        <testcase name="testGetCourseMap with data set #4" class="Tests\CourseProfileTest" classname="Tests.CourseProfileTest" file="/opt/project/tests/bo/CourseProfileTest.php" line="336" assertions="1" time="0.006375"/>
      </testsuite>
      <testsuite name="Tests\CourseProfileTest::testGetStatistics" tests="1" assertions="3" errors="0" failures="0" skipped="0" time="0.004054">
        <testcase name="testGetStatistics with data set #0" class="Tests\CourseProfileTest" classname="Tests.CourseProfileTest" file="/opt/project/tests/bo/CourseProfileTest.php" line="597" assertions="3" time="0.004054"/>
      </testsuite>
      <testsuite name="Tests\CourseProfileTest::testGetStandardTimes" tests="1" assertions="3" errors="0" failures="0" skipped="0" time="0.003017">
        <testcase name="testGetStandardTimes with data set #0" class="Tests\CourseProfileTest" classname="Tests.CourseProfileTest" file="/opt/project/tests/bo/CourseProfileTest.php" line="855" assertions="3" time="0.003017"/>
      </testsuite>
      <testsuite name="Tests\CourseProfileTest::testGetSeasonDefaultValues" tests="1" assertions="3" errors="0" failures="0" skipped="0" time="0.000848">
        <testcase name="testGetSeasonDefaultValues with data set #0" class="Tests\CourseProfileTest" classname="Tests.CourseProfileTest" file="/opt/project/tests/bo/CourseProfileTest.php" line="1012" assertions="3" time="0.000848"/>
      </testsuite>
      <testsuite name="Tests\CourseProfileTest::testAddMapImagePath" tests="8" assertions="8" errors="0" failures="0" skipped="0" time="0.027367">
        <testcase name="testAddMapImagePath with data set #0" class="Tests\CourseProfileTest" classname="Tests.CourseProfileTest" file="/opt/project/tests/bo/CourseProfileTest.php" line="1054" assertions="1" time="0.003686"/>
        <testcase name="testAddMapImagePath with data set #1" class="Tests\CourseProfileTest" classname="Tests.CourseProfileTest" file="/opt/project/tests/bo/CourseProfileTest.php" line="1054" assertions="1" time="0.003149"/>
        <testcase name="testAddMapImagePath with data set #2" class="Tests\CourseProfileTest" classname="Tests.CourseProfileTest" file="/opt/project/tests/bo/CourseProfileTest.php" line="1054" assertions="1" time="0.003095"/>
        <testcase name="testAddMapImagePath with data set #3" class="Tests\CourseProfileTest" classname="Tests.CourseProfileTest" file="/opt/project/tests/bo/CourseProfileTest.php" line="1054" assertions="1" time="0.003456"/>
        <testcase name="testAddMapImagePath with data set #4" class="Tests\CourseProfileTest" classname="Tests.CourseProfileTest" file="/opt/project/tests/bo/CourseProfileTest.php" line="1054" assertions="1" time="0.003625"/>
        <testcase name="testAddMapImagePath with data set #5" class="Tests\CourseProfileTest" classname="Tests.CourseProfileTest" file="/opt/project/tests/bo/CourseProfileTest.php" line="1054" assertions="1" time="0.003178"/>
        <testcase name="testAddMapImagePath with data set #6" class="Tests\CourseProfileTest" classname="Tests.CourseProfileTest" file="/opt/project/tests/bo/CourseProfileTest.php" line="1054" assertions="1" time="0.003136"/>
        <testcase name="testAddMapImagePath with data set #7" class="Tests\CourseProfileTest" classname="Tests.CourseProfileTest" file="/opt/project/tests/bo/CourseProfileTest.php" line="1054" assertions="1" time="0.004042"/>
      </testsuite>
      <testsuite name="Tests\CourseProfileTest::testGetSeasonsAvailable" tests="1" assertions="1" errors="0" failures="0" skipped="0" time="0.010606">
        <testcase name="testGetSeasonsAvailable with data set #0" class="Tests\CourseProfileTest" classname="Tests.CourseProfileTest" file="/opt/project/tests/bo/CourseProfileTest.php" line="1311" assertions="1" time="0.010606"/>
      </testsuite>
      <testsuite name="Tests\CourseProfileTest::testGetSeasonsAvailableException" tests="1" assertions="1" errors="0" failures="0" skipped="0" time="0.011058">
        <testcase name="testGetSeasonsAvailableException with data set #0" class="Tests\CourseProfileTest" classname="Tests.CourseProfileTest" file="/opt/project/tests/bo/CourseProfileTest.php" line="1398" assertions="1" time="0.011058"/>
      </testsuite>
      <testsuite name="Tests\CourseProfileTest::testGetTopJockeys" tests="1" assertions="1" errors="0" failures="0" skipped="0" time="0.029550">
        <testcase name="testGetTopJockeys with data set #0" class="Tests\CourseProfileTest" classname="Tests.CourseProfileTest" file="/opt/project/tests/bo/CourseProfileTest.php" line="1483" assertions="1" time="0.029550"/>
      </testsuite>
      <testsuite name="Tests\CourseProfileTest::testGetTopTrainers" tests="1" assertions="1" errors="0" failures="0" skipped="0" time="0.038363">
        <testcase name="testGetTopTrainers with data set #0" class="Tests\CourseProfileTest" classname="Tests.CourseProfileTest" file="/opt/project/tests/bo/CourseProfileTest.php" line="1646" assertions="1" time="0.038363"/>
      </testsuite>
      <testsuite name="Tests\CourseProfileTest::testGetTopOwners" tests="1" assertions="1" errors="0" failures="0" skipped="0" time="0.028217">
        <testcase name="testGetTopOwners with data set #0" class="Tests\CourseProfileTest" classname="Tests.CourseProfileTest" file="/opt/project/tests/bo/CourseProfileTest.php" line="1869" assertions="1" time="0.028217"/>
      </testsuite>
      <testsuite name="Tests\CourseProfileTest::testGetAverageTimes" tests="1" assertions="3" errors="0" failures="0" skipped="0" time="0.002256">
        <testcase name="testGetAverageTimes with data set #0" class="Tests\CourseProfileTest" classname="Tests.CourseProfileTest" file="/opt/project/tests/bo/CourseProfileTest.php" line="2010" assertions="3" time="0.002256"/>
      </testsuite>
    </testsuite>
    <testsuite name="Tests\DrawAnalyserTest" file="/opt/project/tests/bo/DrawAnalyserTest.php" tests="7" assertions="49" errors="0" failures="0" skipped="0" time="0.020209">
      <testcase name="incorrectInitObject" class="Tests\DrawAnalyserTest" classname="Tests.DrawAnalyserTest" file="/opt/project/tests/bo/DrawAnalyserTest.php" line="18" assertions="1" time="0.001240"/>
      <testsuite name="Tests\DrawAnalyserTest::getRace" tests="3" assertions="24" errors="0" failures="0" skipped="0" time="0.007359">
        <testcase name="getRace with data set #0" class="Tests\DrawAnalyserTest" classname="Tests.DrawAnalyserTest" file="/opt/project/tests/bo/DrawAnalyserTest.php" line="28" assertions="8" time="0.002964"/>
        <testcase name="getRace with data set #1" class="Tests\DrawAnalyserTest" classname="Tests.DrawAnalyserTest" file="/opt/project/tests/bo/DrawAnalyserTest.php" line="28" assertions="8" time="0.002476"/>
        <testcase name="getRace with data set #2" class="Tests\DrawAnalyserTest" classname="Tests.DrawAnalyserTest" file="/opt/project/tests/bo/DrawAnalyserTest.php" line="28" assertions="8" time="0.001919"/>
      </testsuite>
      <testsuite name="Tests\DrawAnalyserTest::getRunners" tests="3" assertions="24" errors="0" failures="0" skipped="0" time="0.011610">
        <testcase name="getRunners with data set #0" class="Tests\DrawAnalyserTest" classname="Tests.DrawAnalyserTest" file="/opt/project/tests/bo/DrawAnalyserTest.php" line="52" assertions="8" time="0.004325"/>
        <testcase name="getRunners with data set #1" class="Tests\DrawAnalyserTest" classname="Tests.DrawAnalyserTest" file="/opt/project/tests/bo/DrawAnalyserTest.php" line="52" assertions="8" time="0.004167"/>
        <testcase name="getRunners with data set #2" class="Tests\DrawAnalyserTest" classname="Tests.DrawAnalyserTest" file="/opt/project/tests/bo/DrawAnalyserTest.php" line="52" assertions="8" time="0.003118"/>
      </testsuite>
    </testsuite>
    <testsuite name="Tests\Bo\GoingToSuit\GoingToSuitTest" file="/opt/project/tests/bo/GoingToSuit/GoingToSuitTest.php" tests="6" assertions="6" errors="0" failures="0" skipped="0" time="0.335969">
      <testsuite name="Tests\Bo\GoingToSuit\GoingToSuitTest::testGetGoingToSuitSuccess" tests="1" assertions="1" errors="0" failures="0" skipped="0" time="0.047730">
        <testcase name="testGetGoingToSuitSuccess with data set #0" class="Tests\Bo\GoingToSuit\GoingToSuitTest" classname="Tests.Bo.GoingToSuit.GoingToSuitTest" file="/opt/project/tests/bo/GoingToSuit/GoingToSuitTest.php" line="22" assertions="1" time="0.047730"/>
      </testsuite>
      <testsuite name="Tests\Bo\GoingToSuit\GoingToSuitTest::testGetGoingToSuitFailure" tests="1" assertions="1" errors="0" failures="0" skipped="0" time="0.001281">
        <testcase name="testGetGoingToSuitFailure with data set #0" class="Tests\Bo\GoingToSuit\GoingToSuitTest" classname="Tests.Bo.GoingToSuit.GoingToSuitTest" file="/opt/project/tests/bo/GoingToSuit/GoingToSuitTest.php" line="36" assertions="1" time="0.001281"/>
      </testsuite>
      <testsuite name="Tests\Bo\GoingToSuit\GoingToSuitTest::testGetHorsesUidSuccess" tests="1" assertions="1" errors="0" failures="0" skipped="0" time="0.001653">
        <testcase name="testGetHorsesUidSuccess with data set #0" class="Tests\Bo\GoingToSuit\GoingToSuitTest" classname="Tests.Bo.GoingToSuit.GoingToSuitTest" file="/opt/project/tests/bo/GoingToSuit/GoingToSuitTest.php" line="48" assertions="1" time="0.001653"/>
      </testsuite>
      <testsuite name="Tests\Bo\GoingToSuit\GoingToSuitTest::testGetHorsesUidFailure" tests="1" assertions="1" errors="0" failures="0" skipped="0" time="0.001752">
        <testcase name="testGetHorsesUidFailure with data set #0" class="Tests\Bo\GoingToSuit\GoingToSuitTest" classname="Tests.Bo.GoingToSuit.GoingToSuitTest" file="/opt/project/tests/bo/GoingToSuit/GoingToSuitTest.php" line="64" assertions="1" time="0.001752"/>
      </testsuite>
      <testsuite name="Tests\Bo\GoingToSuit\GoingToSuitTest::testCombineHorsesAndGoingFormSuccess" tests="1" assertions="1" errors="0" failures="0" skipped="0" time="0.282319">
        <testcase name="testCombineHorsesAndGoingFormSuccess with data set #0" class="Tests\Bo\GoingToSuit\GoingToSuitTest" classname="Tests.Bo.GoingToSuit.GoingToSuitTest" file="/opt/project/tests/bo/GoingToSuit/GoingToSuitTest.php" line="75" assertions="1" time="0.282319"/>
      </testsuite>
      <testsuite name="Tests\Bo\GoingToSuit\GoingToSuitTest::testCombineHorsesAndGoingFormFailure" tests="1" assertions="1" errors="0" failures="0" skipped="0" time="0.001234">
        <testcase name="testCombineHorsesAndGoingFormFailure with data set #0" class="Tests\Bo\GoingToSuit\GoingToSuitTest" classname="Tests.Bo.GoingToSuit.GoingToSuitTest" file="/opt/project/tests/bo/GoingToSuit/GoingToSuitTest.php" line="95" assertions="1" time="0.001234"/>
      </testsuite>
    </testsuite>
    <testsuite name="Tests\Bo\GoingToSuit\RaceFlagsTest" file="/opt/project/tests/bo/GoingToSuit/RaceFlagsTest.php" tests="3" assertions="4" errors="0" failures="0" skipped="0" time="0.065665">
      <testsuite name="Tests\Bo\GoingToSuit\RaceFlagsTest::testGetRaceFlagsSuccess" tests="1" assertions="1" errors="0" failures="0" skipped="0" time="0.035286">
        <testcase name="testGetRaceFlagsSuccess with data set #0" class="Tests\Bo\GoingToSuit\RaceFlagsTest" classname="Tests.Bo.GoingToSuit.RaceFlagsTest" file="/opt/project/tests/bo/GoingToSuit/RaceFlagsTest.php" line="22" assertions="1" time="0.035286"/>
      </testsuite>
      <testsuite name="Tests\Bo\GoingToSuit\RaceFlagsTest::testGetRaceFailure" tests="1" assertions="2" errors="0" failures="0" skipped="0" time="0.011817">
        <testcase name="testGetRaceFailure with data set #0" class="Tests\Bo\GoingToSuit\RaceFlagsTest" classname="Tests.Bo.GoingToSuit.RaceFlagsTest" file="/opt/project/tests/bo/GoingToSuit/RaceFlagsTest.php" line="202" assertions="2" time="0.011817"/>
      </testsuite>
      <testsuite name="Tests\Bo\GoingToSuit\RaceFlagsTest::testBuildRaceFlagsSuccess" tests="1" assertions="1" errors="0" failures="0" skipped="0" time="0.018562">
        <testcase name="testBuildRaceFlagsSuccess with data set #0" class="Tests\Bo\GoingToSuit\RaceFlagsTest" classname="Tests.Bo.GoingToSuit.RaceFlagsTest" file="/opt/project/tests/bo/GoingToSuit/RaceFlagsTest.php" line="232" assertions="1" time="0.018562"/>
      </testsuite>
    </testsuite>
    <testsuite name="Tests\Bo\GoingToSuit\RaceLevelTest" file="/opt/project/tests/bo/GoingToSuit/RaceLevelTest.php" tests="2" assertions="2" errors="0" failures="0" skipped="0" time="0.007775">
      <testsuite name="Tests\Bo\GoingToSuit\RaceLevelTest::testGetRaceLevelSuccess" tests="1" assertions="1" errors="0" failures="0" skipped="0" time="0.006923">
        <testcase name="testGetRaceLevelSuccess with data set #0" class="Tests\Bo\GoingToSuit\RaceLevelTest" classname="Tests.Bo.GoingToSuit.RaceLevelTest" file="/opt/project/tests/bo/GoingToSuit/RaceLevelTest.php" line="22" assertions="1" time="0.006923"/>
      </testsuite>
      <testsuite name="Tests\Bo\GoingToSuit\RaceLevelTest::testGetRaceLevelFailure" tests="1" assertions="1" errors="0" failures="0" skipped="0" time="0.000852">
        <testcase name="testGetRaceLevelFailure with data set #0" class="Tests\Bo\GoingToSuit\RaceLevelTest" classname="Tests.Bo.GoingToSuit.RaceLevelTest" file="/opt/project/tests/bo/GoingToSuit/RaceLevelTest.php" line="36" assertions="1" time="0.000852"/>
      </testsuite>
    </testsuite>
    <testsuite name="Tests\HorseProfileTest" file="/opt/project/tests/bo/HorseProfileTest.php" tests="19" assertions="40" errors="0" failures="0" skipped="0" time="0.307621">
      <testsuite name="Tests\HorseProfileTest::testWrongHorseId" tests="3" assertions="3" errors="0" failures="0" skipped="0" time="0.002805">
        <testcase name="testWrongHorseId with data set #0" class="Tests\HorseProfileTest" classname="Tests.HorseProfileTest" file="/opt/project/tests/bo/HorseProfileTest.php" line="17" assertions="1" time="0.001368"/>
        <testcase name="testWrongHorseId with data set #1" class="Tests\HorseProfileTest" classname="Tests.HorseProfileTest" file="/opt/project/tests/bo/HorseProfileTest.php" line="17" assertions="1" time="0.000733"/>
        <testcase name="testWrongHorseId with data set #2" class="Tests\HorseProfileTest" classname="Tests.HorseProfileTest" file="/opt/project/tests/bo/HorseProfileTest.php" line="17" assertions="1" time="0.000704"/>
      </testsuite>
      <testcase name="testGetProfileForIndexNotFound" class="Tests\HorseProfileTest" classname="Tests.HorseProfileTest" file="/opt/project/tests/bo/HorseProfileTest.php" line="39" assertions="1" time="0.001955"/>
      <testsuite name="Tests\HorseProfileTest::testGetProfileForIndex" tests="1" assertions="3" errors="0" failures="0" skipped="0" time="0.001032">
        <testcase name="testGetProfileForIndex with data set #0" class="Tests\HorseProfileTest" classname="Tests.HorseProfileTest" file="/opt/project/tests/bo/HorseProfileTest.php" line="52" assertions="3" time="0.001032"/>
      </testsuite>
      <testcase name="testGetPedigreeNotFound" class="Tests\HorseProfileTest" classname="Tests.HorseProfileTest" file="/opt/project/tests/bo/HorseProfileTest.php" line="92" assertions="1" time="0.001494"/>
      <testsuite name="Tests\HorseProfileTest::testGetPedigree" tests="1" assertions="3" errors="0" failures="0" skipped="0" time="0.002964">
        <testcase name="testGetPedigree with data set #0" class="Tests\HorseProfileTest" classname="Tests.HorseProfileTest" file="/opt/project/tests/bo/HorseProfileTest.php" line="107" assertions="3" time="0.002964"/>
      </testsuite>
      <testsuite name="Tests\HorseProfileTest::testGetForm" tests="1" assertions="3" errors="0" failures="0" skipped="0" time="0.005703">
        <testcase name="testGetForm with data set #0" class="Tests\HorseProfileTest" classname="Tests.HorseProfileTest" file="/opt/project/tests/bo/HorseProfileTest.php" line="200" assertions="3" time="0.005703"/>
      </testsuite>
      <testsuite name="Tests\HorseProfileTest::testGetWins" tests="1" assertions="3" errors="0" failures="0" skipped="0" time="0.003447">
        <testcase name="testGetWins with data set #0" class="Tests\HorseProfileTest" classname="Tests.HorseProfileTest" file="/opt/project/tests/bo/HorseProfileTest.php" line="355" assertions="3" time="0.003447"/>
      </testsuite>
      <testsuite name="Tests\HorseProfileTest::testGetMyRatings" tests="1" assertions="3" errors="0" failures="0" skipped="0" time="0.004334">
        <testcase name="testGetMyRatings with data set #0" class="Tests\HorseProfileTest" classname="Tests.HorseProfileTest" file="/opt/project/tests/bo/HorseProfileTest.php" line="498" assertions="3" time="0.004334"/>
      </testsuite>
      <testsuite name="Tests\HorseProfileTest::testGetStatistics" tests="1" assertions="3" errors="0" failures="0" skipped="0" time="0.004886">
        <testcase name="testGetStatistics with data set #0" class="Tests\HorseProfileTest" classname="Tests.HorseProfileTest" file="/opt/project/tests/bo/HorseProfileTest.php" line="640" assertions="3" time="0.004886"/>
      </testsuite>
      <testsuite name="Tests\HorseProfileTest::testGetRelatives" tests="2" assertions="2" errors="0" failures="0" skipped="0" time="0.042834">
        <testcase name="testGetRelatives with data set #0" class="Tests\HorseProfileTest" classname="Tests.HorseProfileTest" file="/opt/project/tests/bo/HorseProfileTest.php" line="899" assertions="1" time="0.041878"/>
        <testcase name="testGetRelatives with data set #1" class="Tests\HorseProfileTest" classname="Tests.HorseProfileTest" file="/opt/project/tests/bo/HorseProfileTest.php" line="899" assertions="1" time="0.000956"/>
      </testsuite>
      <testsuite name="Tests\HorseProfileTest::testGetSales" tests="1" assertions="3" errors="0" failures="0" skipped="0" time="0.001292">
        <testcase name="testGetSales with data set #0" class="Tests\HorseProfileTest" classname="Tests.HorseProfileTest" file="/opt/project/tests/bo/HorseProfileTest.php" line="1102" assertions="3" time="0.001292"/>
      </testsuite>
      <testsuite name="Tests\HorseProfileTest::testGetQuotes" tests="1" assertions="3" errors="0" failures="0" skipped="0" time="0.002308">
        <testcase name="testGetQuotes with data set #0" class="Tests\HorseProfileTest" classname="Tests.HorseProfileTest" file="/opt/project/tests/bo/HorseProfileTest.php" line="1180" assertions="3" time="0.002308"/>
      </testsuite>
      <testsuite name="Tests\HorseProfileTest::testGetGoingForm" tests="3" assertions="6" errors="0" failures="0" skipped="0" time="0.231537">
        <testcase name="testGetGoingForm with data set #0" class="Tests\HorseProfileTest" classname="Tests.HorseProfileTest" file="/opt/project/tests/bo/HorseProfileTest.php" line="1268" assertions="2" time="0.083679"/>
        <testcase name="testGetGoingForm with data set #1" class="Tests\HorseProfileTest" classname="Tests.HorseProfileTest" file="/opt/project/tests/bo/HorseProfileTest.php" line="1268" assertions="2" time="0.142790"/>
        <testcase name="testGetGoingForm with data set #2" class="Tests\HorseProfileTest" classname="Tests.HorseProfileTest" file="/opt/project/tests/bo/HorseProfileTest.php" line="1268" assertions="2" time="0.005068"/>
      </testsuite>
      <testsuite name="Tests\HorseProfileTest::testGetStableTourQuotes" tests="1" assertions="3" errors="0" failures="0" skipped="0" time="0.001030">
        <testcase name="testGetStableTourQuotes with data set #0" class="Tests\HorseProfileTest" classname="Tests.HorseProfileTest" file="/opt/project/tests/bo/HorseProfileTest.php" line="2357" assertions="3" time="0.001030"/>
      </testsuite>
    </testsuite>
    <testsuite name="Tests\Bo\HorseTrackerTest" file="/opt/project/tests/bo/HorseTrackerTest.php" tests="3" assertions="3" errors="0" failures="0" skipped="0" time="0.032416">
      <testsuite name="Tests\Bo\HorseTrackerTest::testGetEntries" tests="1" assertions="1" errors="0" failures="0" skipped="0" time="0.012684">
        <testcase name="testGetEntries with data set #0" class="Tests\Bo\HorseTrackerTest" classname="Tests.Bo.HorseTrackerTest" file="/opt/project/tests/bo/HorseTrackerTest.php" line="22" assertions="1" time="0.012684"/>
      </testsuite>
      <testsuite name="Tests\Bo\HorseTrackerTest::testGetHorseTracker" tests="2" assertions="2" errors="0" failures="0" skipped="0" time="0.019732">
        <testcase name="testGetHorseTracker with data set #0" class="Tests\Bo\HorseTrackerTest" classname="Tests.Bo.HorseTrackerTest" file="/opt/project/tests/bo/HorseTrackerTest.php" line="93" assertions="1" time="0.010768"/>
        <testcase name="testGetHorseTracker with data set #1" class="Tests\Bo\HorseTrackerTest" classname="Tests.Bo.HorseTrackerTest" file="/opt/project/tests/bo/HorseTrackerTest.php" line="93" assertions="1" time="0.008964"/>
      </testsuite>
    </testsuite>
    <testsuite name="Tests\Bo\JockeyProfileTest" file="/opt/project/tests/bo/JockeyProfileTest.php" tests="10" assertions="18" errors="0" failures="0" skipped="0" time="0.156736">
      <testsuite name="Tests\Bo\JockeyProfileTest::testGetBookedRides" tests="1" assertions="3" errors="0" failures="0" skipped="0" time="0.003643">
        <testcase name="testGetBookedRides with data set #0" class="Tests\Bo\JockeyProfileTest" classname="Tests.Bo.JockeyProfileTest" file="/opt/project/tests/bo/JockeyProfileTest.php" line="16" assertions="3" time="0.003643"/>
      </testsuite>
      <testsuite name="Tests\Bo\JockeyProfileTest::testGetBigRaceWins" tests="1" assertions="3" errors="0" failures="0" skipped="0" time="0.003176">
        <testcase name="testGetBigRaceWins with data set #0" class="Tests\Bo\JockeyProfileTest" classname="Tests.Bo.JockeyProfileTest" file="/opt/project/tests/bo/JockeyProfileTest.php" line="110" assertions="3" time="0.003176"/>
      </testsuite>
      <testsuite name="Tests\Bo\JockeyProfileTest::testGetSinceAWin" tests="1" assertions="3" errors="0" failures="0" skipped="0" time="0.001198">
        <testcase name="testGetSinceAWin with data set #0" class="Tests\Bo\JockeyProfileTest" classname="Tests.Bo.JockeyProfileTest" file="/opt/project/tests/bo/JockeyProfileTest.php" line="232" assertions="3" time="0.001198"/>
      </testsuite>
      <testsuite name="Tests\Bo\JockeyProfileTest::testGetLast14Days" tests="1" assertions="3" errors="0" failures="0" skipped="0" time="0.003920">
        <testcase name="testGetLast14Days with data set #0" class="Tests\Bo\JockeyProfileTest" classname="Tests.Bo.JockeyProfileTest" file="/opt/project/tests/bo/JockeyProfileTest.php" line="278" assertions="3" time="0.003920"/>
      </testsuite>
      <testsuite name="Tests\Bo\JockeyProfileTest::testGetStatistics" tests="5" assertions="5" errors="0" failures="0" skipped="0" time="0.133821">
        <testcase name="testGetStatistics with data set #0" class="Tests\Bo\JockeyProfileTest" classname="Tests.Bo.JockeyProfileTest" file="/opt/project/tests/bo/JockeyProfileTest.php" line="442" assertions="1" time="0.060867"/>
        <testcase name="testGetStatistics with data set #1" class="Tests\Bo\JockeyProfileTest" classname="Tests.Bo.JockeyProfileTest" file="/opt/project/tests/bo/JockeyProfileTest.php" line="442" assertions="1" time="0.038110"/>
        <testcase name="testGetStatistics with data set #2" class="Tests\Bo\JockeyProfileTest" classname="Tests.Bo.JockeyProfileTest" file="/opt/project/tests/bo/JockeyProfileTest.php" line="442" assertions="1" time="0.008279"/>
        <testcase name="testGetStatistics with data set #3" class="Tests\Bo\JockeyProfileTest" classname="Tests.Bo.JockeyProfileTest" file="/opt/project/tests/bo/JockeyProfileTest.php" line="442" assertions="1" time="0.010019"/>
        <testcase name="testGetStatistics with data set #4" class="Tests\Bo\JockeyProfileTest" classname="Tests.Bo.JockeyProfileTest" file="/opt/project/tests/bo/JockeyProfileTest.php" line="442" assertions="1" time="0.016546"/>
      </testsuite>
      <testsuite name="Tests\Bo\JockeyProfileTest::testGetJockey" tests="1" assertions="1" errors="0" failures="0" skipped="0" time="0.010978">
        <testcase name="testGetJockey with data set #0" class="Tests\Bo\JockeyProfileTest" classname="Tests.Bo.JockeyProfileTest" file="/opt/project/tests/bo/JockeyProfileTest.php" line="1087" assertions="1" time="0.010978"/>
      </testsuite>
    </testsuite>
    <testsuite name="Tests\Bo\LookupTable\RaceGroup" file="/opt/project/tests/bo/LookupTable/LookupTableTest.php" tests="1" assertions="1" errors="0" failures="0" skipped="0" time="0.004754">
      <testsuite name="Tests\Bo\LookupTable\RaceGroup::testGetData" tests="1" assertions="1" errors="0" failures="0" skipped="0" time="0.004754">
        <testcase name="testGetData with data set #0" class="Tests\Bo\LookupTable\RaceGroup" classname="Tests.Bo.LookupTable.RaceGroup" file="/opt/project/tests/bo/LookupTable/LookupTableTest.php" line="20" assertions="1" time="0.004754"/>
      </testsuite>
    </testsuite>
    <testsuite name="Tests\Bo\LookupTable\SalesVenues" file="/opt/project/tests/bo/LookupTable/SalesVenuesTest.php" tests="1" assertions="1" errors="0" failures="0" skipped="0" time="0.005683">
      <testsuite name="Tests\Bo\LookupTable\SalesVenues::testGetData" tests="1" assertions="1" errors="0" failures="0" skipped="0" time="0.005683">
        <testcase name="testGetData with data set #0" class="Tests\Bo\LookupTable\SalesVenues" classname="Tests.Bo.LookupTable.SalesVenues" file="/opt/project/tests/bo/LookupTable/SalesVenuesTest.php" line="20" assertions="1" time="0.005683"/>
      </testsuite>
    </testsuite>
    <testsuite name="Tests\Bo\LookupTableTest" file="/opt/project/tests/bo/LookupTableTest.php" tests="11" assertions="33" errors="0" failures="0" skipped="0" time="0.069975">
      <testsuite name="Tests\Bo\LookupTableTest::testGetGoingTypeTable" tests="1" assertions="3" errors="0" failures="0" skipped="0" time="0.005558">
        <testcase name="testGetGoingTypeTable with data set #0" class="Tests\Bo\LookupTableTest" classname="Tests.Bo.LookupTableTest" file="/opt/project/tests/bo/LookupTableTest.php" line="13" assertions="3" time="0.005558"/>
      </testsuite>
      <testsuite name="Tests\Bo\LookupTableTest::testGetRaceTypeTable" tests="1" assertions="3" errors="0" failures="0" skipped="0" time="0.002202">
        <testcase name="testGetRaceTypeTable with data set #0" class="Tests\Bo\LookupTableTest" classname="Tests.Bo.LookupTableTest" file="/opt/project/tests/bo/LookupTableTest.php" line="286" assertions="3" time="0.002202"/>
      </testsuite>
      <testsuite name="Tests\Bo\LookupTableTest::testGetCourseTypeTable" tests="1" assertions="3" errors="0" failures="0" skipped="0" time="0.002642">
        <testcase name="testGetCourseTypeTable with data set #0" class="Tests\Bo\LookupTableTest" classname="Tests.Bo.LookupTableTest" file="/opt/project/tests/bo/LookupTableTest.php" line="377" assertions="3" time="0.002642"/>
      </testsuite>
      <testsuite name="Tests\Bo\LookupTableTest::testGetCountryTable" tests="1" assertions="3" errors="0" failures="0" skipped="0" time="0.002535">
        <testcase name="testGetCountryTable with data set #0" class="Tests\Bo\LookupTableTest" classname="Tests.Bo.LookupTableTest" file="/opt/project/tests/bo/LookupTableTest.php" line="438" assertions="3" time="0.002535"/>
      </testsuite>
      <testsuite name="Tests\Bo\LookupTableTest::testGetRaceOutcomeTable" tests="1" assertions="3" errors="0" failures="0" skipped="0" time="0.035168">
        <testcase name="testGetRaceOutcomeTable with data set #0" class="Tests\Bo\LookupTableTest" classname="Tests.Bo.LookupTableTest" file="/opt/project/tests/bo/LookupTableTest.php" line="484" assertions="3" time="0.035168"/>
      </testsuite>
      <testsuite name="Tests\Bo\LookupTableTest::testGetHorseColourTable" tests="1" assertions="3" errors="0" failures="0" skipped="0" time="0.005354">
        <testcase name="testGetHorseColourTable with data set #0" class="Tests\Bo\LookupTableTest" classname="Tests.Bo.LookupTableTest" file="/opt/project/tests/bo/LookupTableTest.php" line="2023" assertions="3" time="0.005354"/>
      </testsuite>
      <testsuite name="Tests\Bo\LookupTableTest::testGetHorseSexTable" tests="1" assertions="3" errors="0" failures="0" skipped="0" time="0.002534">
        <testcase name="testGetHorseSexTable with data set #0" class="Tests\Bo\LookupTableTest" classname="Tests.Bo.LookupTableTest" file="/opt/project/tests/bo/LookupTableTest.php" line="2198" assertions="3" time="0.002534"/>
      </testsuite>
      <testsuite name="Tests\Bo\LookupTableTest::testGetMeetingColoursLookupTable" tests="1" assertions="3" errors="0" failures="0" skipped="0" time="0.002692">
        <testcase name="testGetMeetingColoursLookupTable with data set #0" class="Tests\Bo\LookupTableTest" classname="Tests.Bo.LookupTableTest" file="/opt/project/tests/bo/LookupTableTest.php" line="2250" assertions="3" time="0.002692"/>
      </testsuite>
      <testsuite name="Tests\Bo\LookupTableTest::testGetOddsTable" tests="1" assertions="3" errors="0" failures="0" skipped="0" time="0.003200">
        <testcase name="testGetOddsTable with data set #0" class="Tests\Bo\LookupTableTest" classname="Tests.Bo.LookupTableTest" file="/opt/project/tests/bo/LookupTableTest.php" line="2307" assertions="3" time="0.003200"/>
      </testsuite>
      <testsuite name="Tests\Bo\LookupTableTest::testGetAdditionalCourseInfoTable" tests="2" assertions="6" errors="0" failures="0" skipped="0" time="0.008090">
        <testcase name="testGetAdditionalCourseInfoTable with data set #0" class="Tests\Bo\LookupTableTest" classname="Tests.Bo.LookupTableTest" file="/opt/project/tests/bo/LookupTableTest.php" line="2359" assertions="3" time="0.005993"/>
        <testcase name="testGetAdditionalCourseInfoTable with data set #1" class="Tests\Bo\LookupTableTest" classname="Tests.Bo.LookupTableTest" file="/opt/project/tests/bo/LookupTableTest.php" line="2359" assertions="3" time="0.002097"/>
      </testsuite>
    </testsuite>
    <testsuite name="Tests\Bo\OwnerProfileTest" file="/opt/project/tests/bo/OwnerProfileTest.php" tests="12" assertions="24" errors="0" failures="0" skipped="0" time="0.207620">
      <testsuite name="Tests\Bo\OwnerProfileTest::testGetSinceAWin" tests="1" assertions="3" errors="0" failures="0" skipped="0" time="0.002300">
        <testcase name="testGetSinceAWin with data set #0" class="Tests\Bo\OwnerProfileTest" classname="Tests.Bo.OwnerProfileTest" file="/opt/project/tests/bo/OwnerProfileTest.php" line="21" assertions="3" time="0.002300"/>
      </testsuite>
      <testsuite name="Tests\Bo\OwnerProfileTest::testGetEntries" tests="1" assertions="3" errors="0" failures="0" skipped="0" time="0.001875">
        <testcase name="testGetEntries with data set #0" class="Tests\Bo\OwnerProfileTest" classname="Tests.Bo.OwnerProfileTest" file="/opt/project/tests/bo/OwnerProfileTest.php" line="68" assertions="3" time="0.001875"/>
      </testsuite>
      <testsuite name="Tests\Bo\OwnerProfileTest::testGetStatistics" tests="5" assertions="5" errors="0" failures="0" skipped="0" time="0.184700">
        <testcase name="testGetStatistics with data set #0" class="Tests\Bo\OwnerProfileTest" classname="Tests.Bo.OwnerProfileTest" file="/opt/project/tests/bo/OwnerProfileTest.php" line="157" assertions="1" time="0.027497"/>
        <testcase name="testGetStatistics with data set #1" class="Tests\Bo\OwnerProfileTest" classname="Tests.Bo.OwnerProfileTest" file="/opt/project/tests/bo/OwnerProfileTest.php" line="157" assertions="1" time="0.072977"/>
        <testcase name="testGetStatistics with data set #2" class="Tests\Bo\OwnerProfileTest" classname="Tests.Bo.OwnerProfileTest" file="/opt/project/tests/bo/OwnerProfileTest.php" line="157" assertions="1" time="0.038771"/>
        <testcase name="testGetStatistics with data set #3" class="Tests\Bo\OwnerProfileTest" classname="Tests.Bo.OwnerProfileTest" file="/opt/project/tests/bo/OwnerProfileTest.php" line="157" assertions="1" time="0.026435"/>
        <testcase name="testGetStatistics with data set #4" class="Tests\Bo\OwnerProfileTest" classname="Tests.Bo.OwnerProfileTest" file="/opt/project/tests/bo/OwnerProfileTest.php" line="157" assertions="1" time="0.019020"/>
      </testsuite>
      <testsuite name="Tests\Bo\OwnerProfileTest::testGetBigRaceWins" tests="1" assertions="3" errors="0" failures="0" skipped="0" time="0.002688">
        <testcase name="testGetBigRaceWins with data set #0" class="Tests\Bo\OwnerProfileTest" classname="Tests.Bo.OwnerProfileTest" file="/opt/project/tests/bo/OwnerProfileTest.php" line="980" assertions="3" time="0.002688"/>
      </testsuite>
      <testsuite name="Tests\Bo\OwnerProfileTest::testGetLast14Days" tests="1" assertions="3" errors="0" failures="0" skipped="0" time="0.003744">
        <testcase name="testGetLast14Days with data set #0" class="Tests\Bo\OwnerProfileTest" classname="Tests.Bo.OwnerProfileTest" file="/opt/project/tests/bo/OwnerProfileTest.php" line="1102" assertions="3" time="0.003744"/>
      </testsuite>
      <testsuite name="Tests\Bo\OwnerProfileTest::testGetOwner" tests="1" assertions="1" errors="0" failures="0" skipped="0" time="0.007886">
        <testcase name="testGetOwner with data set #0" class="Tests\Bo\OwnerProfileTest" classname="Tests.Bo.OwnerProfileTest" file="/opt/project/tests/bo/OwnerProfileTest.php" line="1264" assertions="1" time="0.007886"/>
      </testsuite>
      <testsuite name="Tests\Bo\OwnerProfileTest::testGetSeasonDefaultValues" tests="1" assertions="3" errors="0" failures="0" skipped="0" time="0.000887">
        <testcase name="testGetSeasonDefaultValues with data set #0" class="Tests\Bo\OwnerProfileTest" classname="Tests.Bo.OwnerProfileTest" file="/opt/project/tests/bo/OwnerProfileTest.php" line="1327" assertions="3" time="0.000887"/>
      </testsuite>
      <testsuite name="Tests\Bo\OwnerProfileTest::testGetResults" tests="1" assertions="3" errors="0" failures="0" skipped="0" time="0.003540">
        <testcase name="testGetResults with data set #0" class="Tests\Bo\OwnerProfileTest" classname="Tests.Bo.OwnerProfileTest" file="/opt/project/tests/bo/OwnerProfileTest.php" line="1367" assertions="3" time="0.003540"/>
      </testsuite>
    </testsuite>
    <testsuite name="Tests\Bo\Horse\MedicalTest" file="/opt/project/tests/bo/Profile/Horse/MedicalTest.php" tests="1" assertions="1" errors="0" failures="0" skipped="0" time="0.004903">
      <testsuite name="Tests\Bo\Horse\MedicalTest::testGetMedicalInfo" tests="1" assertions="1" errors="0" failures="0" skipped="0" time="0.004903">
        <testcase name="testGetMedicalInfo with data set #0" class="Tests\Bo\Horse\MedicalTest" classname="Tests.Bo.Horse.MedicalTest" file="/opt/project/tests/bo/Profile/Horse/MedicalTest.php" line="21" assertions="1" time="0.004903"/>
      </testsuite>
    </testsuite>
    <testsuite name="Tests\Bo\Jockey\SeasonsAvailableTest" file="/opt/project/tests/bo/Profile/Jockey/SeasonsAvailableTest.php" tests="1" assertions="3" errors="0" failures="0" skipped="0" time="0.002269">
      <testsuite name="Tests\Bo\Jockey\SeasonsAvailableTest::testGetSeasonsAvailable" tests="1" assertions="3" errors="0" failures="0" skipped="0" time="0.002269">
        <testcase name="testGetSeasonsAvailable with data set #0" class="Tests\Bo\Jockey\SeasonsAvailableTest" classname="Tests.Bo.Jockey.SeasonsAvailableTest" file="/opt/project/tests/bo/Profile/Jockey/SeasonsAvailableTest.php" line="18" assertions="3" time="0.002269"/>
      </testsuite>
    </testsuite>
    <testsuite name="Tests\Bo\Owner\SeasonsAvailableTest" file="/opt/project/tests/bo/Profile/Owner/SeasonsAvailableTest.php" tests="1" assertions="3" errors="0" failures="0" skipped="0" time="0.001983">
      <testsuite name="Tests\Bo\Owner\SeasonsAvailableTest::testGetSeasonsAvailable" tests="1" assertions="3" errors="0" failures="0" skipped="0" time="0.001983">
        <testcase name="testGetSeasonsAvailable with data set #0" class="Tests\Bo\Owner\SeasonsAvailableTest" classname="Tests.Bo.Owner.SeasonsAvailableTest" file="/opt/project/tests/bo/Profile/Owner/SeasonsAvailableTest.php" line="18" assertions="3" time="0.001983"/>
      </testsuite>
    </testsuite>
    <testsuite name="Tests\Bo\Trainer\SeasonsAvailableTest" file="/opt/project/tests/bo/Profile/Trainer/SeasonsAvailableTest.php" tests="1" assertions="3" errors="0" failures="0" skipped="0" time="0.002196">
      <testsuite name="Tests\Bo\Trainer\SeasonsAvailableTest::testGetSeasonsAvailable" tests="1" assertions="3" errors="0" failures="0" skipped="0" time="0.002196">
        <testcase name="testGetSeasonsAvailable with data set #0" class="Tests\Bo\Trainer\SeasonsAvailableTest" classname="Tests.Bo.Trainer.SeasonsAvailableTest" file="/opt/project/tests/bo/Profile/Trainer/SeasonsAvailableTest.php" line="18" assertions="3" time="0.002196"/>
      </testsuite>
    </testsuite>
    <testsuite name="Tests\Bo\ProfileTest" file="/opt/project/tests/bo/ProfileTest.php" tests="1" assertions="3" errors="0" failures="0" skipped="0" time="0.001463">
      <testsuite name="Tests\Bo\ProfileTest::testGetSeasonInfo" tests="1" assertions="3" errors="0" failures="0" skipped="0" time="0.001463">
        <testcase name="testGetSeasonInfo with data set #0" class="Tests\Bo\ProfileTest" classname="Tests.Bo.ProfileTest" file="/opt/project/tests/bo/ProfileTest.php" line="16" assertions="3" time="0.001463"/>
      </testsuite>
    </testsuite>
    <testsuite name="Tests\GodolphinReplayTest" file="/opt/project/tests/bo/RaceCards/GodolphinReplayTest.php" tests="3" assertions="6" errors="0" failures="0" skipped="0" time="0.015413">
      <testcase name="testFoundReplay" class="Tests\GodolphinReplayTest" classname="Tests.GodolphinReplayTest" file="/opt/project/tests/bo/RaceCards/GodolphinReplayTest.php" line="43" assertions="2" time="0.009085"/>
      <testcase name="testNotFoundReplay" class="Tests\GodolphinReplayTest" classname="Tests.GodolphinReplayTest" file="/opt/project/tests/bo/RaceCards/GodolphinReplayTest.php" line="58" assertions="2" time="0.003686"/>
      <testcase name="testConnectionProblem" class="Tests\GodolphinReplayTest" classname="Tests.GodolphinReplayTest" file="/opt/project/tests/bo/RaceCards/GodolphinReplayTest.php" line="78" assertions="2" time="0.002642"/>
    </testsuite>
    <testsuite name="Tests\RaceWFATest" file="/opt/project/tests/bo/RaceCards/RaceWFATest.php" tests="23" assertions="25" errors="0" failures="0" skipped="0" time="0.026723">
      <testsuite name="Tests\RaceWFATest::testWrongRaceId" tests="2" assertions="4" errors="0" failures="0" skipped="0" time="0.002836">
        <testcase name="testWrongRaceId with data set #0" class="Tests\RaceWFATest" classname="Tests.RaceWFATest" file="/opt/project/tests/bo/RaceCards/RaceWFATest.php" line="35" assertions="2" time="0.001618"/>
        <testcase name="testWrongRaceId with data set #1" class="Tests\RaceWFATest" classname="Tests.RaceWFATest" file="/opt/project/tests/bo/RaceCards/RaceWFATest.php" line="35" assertions="2" time="0.001218"/>
      </testsuite>
      <testsuite name="Tests\RaceWFATest::testGetRaceWFAEmpty" tests="4" assertions="4" errors="0" failures="0" skipped="0" time="0.007754">
        <testcase name="testGetRaceWFAEmpty with data set #0" class="Tests\RaceWFATest" classname="Tests.RaceWFATest" file="/opt/project/tests/bo/RaceCards/RaceWFATest.php" line="56" assertions="1" time="0.002447"/>
        <testcase name="testGetRaceWFAEmpty with data set #1" class="Tests\RaceWFATest" classname="Tests.RaceWFATest" file="/opt/project/tests/bo/RaceCards/RaceWFATest.php" line="56" assertions="1" time="0.002790"/>
        <testcase name="testGetRaceWFAEmpty with data set #2" class="Tests\RaceWFATest" classname="Tests.RaceWFATest" file="/opt/project/tests/bo/RaceCards/RaceWFATest.php" line="56" assertions="1" time="0.001654"/>
        <testcase name="testGetRaceWFAEmpty with data set #3" class="Tests\RaceWFATest" classname="Tests.RaceWFATest" file="/opt/project/tests/bo/RaceCards/RaceWFATest.php" line="56" assertions="1" time="0.000863"/>
      </testsuite>
      <testsuite name="Tests\RaceWFATest::testGetRaceWFANotEmpty" tests="2" assertions="2" errors="0" failures="0" skipped="0" time="0.005515">
        <testcase name="testGetRaceWFANotEmpty with data set #0" class="Tests\RaceWFATest" classname="Tests.RaceWFATest" file="/opt/project/tests/bo/RaceCards/RaceWFATest.php" line="83" assertions="1" time="0.002926"/>
        <testcase name="testGetRaceWFANotEmpty with data set #1" class="Tests\RaceWFATest" classname="Tests.RaceWFATest" file="/opt/project/tests/bo/RaceCards/RaceWFATest.php" line="83" assertions="1" time="0.002589"/>
      </testsuite>
      <testsuite name="Tests\RaceWFATest::testAdjustFurlong" tests="9" assertions="9" errors="0" failures="0" skipped="0" time="0.006171">
        <testcase name="testAdjustFurlong with data set #0" class="Tests\RaceWFATest" classname="Tests.RaceWFATest" file="/opt/project/tests/bo/RaceCards/RaceWFATest.php" line="118" assertions="1" time="0.000625"/>
        <testcase name="testAdjustFurlong with data set #1" class="Tests\RaceWFATest" classname="Tests.RaceWFATest" file="/opt/project/tests/bo/RaceCards/RaceWFATest.php" line="118" assertions="1" time="0.000596"/>
        <testcase name="testAdjustFurlong with data set #2" class="Tests\RaceWFATest" classname="Tests.RaceWFATest" file="/opt/project/tests/bo/RaceCards/RaceWFATest.php" line="118" assertions="1" time="0.000776"/>
        <testcase name="testAdjustFurlong with data set #3" class="Tests\RaceWFATest" classname="Tests.RaceWFATest" file="/opt/project/tests/bo/RaceCards/RaceWFATest.php" line="118" assertions="1" time="0.000688"/>
        <testcase name="testAdjustFurlong with data set #4" class="Tests\RaceWFATest" classname="Tests.RaceWFATest" file="/opt/project/tests/bo/RaceCards/RaceWFATest.php" line="118" assertions="1" time="0.000605"/>
        <testcase name="testAdjustFurlong with data set #5" class="Tests\RaceWFATest" classname="Tests.RaceWFATest" file="/opt/project/tests/bo/RaceCards/RaceWFATest.php" line="118" assertions="1" time="0.000635"/>
        <testcase name="testAdjustFurlong with data set #6" class="Tests\RaceWFATest" classname="Tests.RaceWFATest" file="/opt/project/tests/bo/RaceCards/RaceWFATest.php" line="118" assertions="1" time="0.000945"/>
        <testcase name="testAdjustFurlong with data set #7" class="Tests\RaceWFATest" classname="Tests.RaceWFATest" file="/opt/project/tests/bo/RaceCards/RaceWFATest.php" line="118" assertions="1" time="0.000636"/>
        <testcase name="testAdjustFurlong with data set #8" class="Tests\RaceWFATest" classname="Tests.RaceWFATest" file="/opt/project/tests/bo/RaceCards/RaceWFATest.php" line="118" assertions="1" time="0.000665"/>
      </testsuite>
      <testsuite name="Tests\RaceWFATest::testAdjustTopAge" tests="6" assertions="6" errors="0" failures="0" skipped="0" time="0.004447">
        <testcase name="testAdjustTopAge with data set #0" class="Tests\RaceWFATest" classname="Tests.RaceWFATest" file="/opt/project/tests/bo/RaceCards/RaceWFATest.php" line="152" assertions="1" time="0.000960"/>
        <testcase name="testAdjustTopAge with data set #1" class="Tests\RaceWFATest" classname="Tests.RaceWFATest" file="/opt/project/tests/bo/RaceCards/RaceWFATest.php" line="152" assertions="1" time="0.000740"/>
        <testcase name="testAdjustTopAge with data set #2" class="Tests\RaceWFATest" classname="Tests.RaceWFATest" file="/opt/project/tests/bo/RaceCards/RaceWFATest.php" line="152" assertions="1" time="0.000733"/>
        <testcase name="testAdjustTopAge with data set #3" class="Tests\RaceWFATest" classname="Tests.RaceWFATest" file="/opt/project/tests/bo/RaceCards/RaceWFATest.php" line="152" assertions="1" time="0.000679"/>
        <testcase name="testAdjustTopAge with data set #4" class="Tests\RaceWFATest" classname="Tests.RaceWFATest" file="/opt/project/tests/bo/RaceCards/RaceWFATest.php" line="152" assertions="1" time="0.000644"/>
        <testcase name="testAdjustTopAge with data set #5" class="Tests\RaceWFATest" classname="Tests.RaceWFATest" file="/opt/project/tests/bo/RaceCards/RaceWFATest.php" line="152" assertions="1" time="0.000691"/>
      </testsuite>
    </testsuite>
    <testsuite name="Tests\StarRatingTest" file="/opt/project/tests/bo/RaceCards/StarRatingTest.php" tests="1" assertions="1" errors="0" failures="0" skipped="0" time="0.021434">
      <testsuite name="Tests\StarRatingTest::testGetStartRating" tests="1" assertions="1" errors="0" failures="0" skipped="0" time="0.021434">
        <testcase name="testGetStartRating with data set #0" class="Tests\StarRatingTest" classname="Tests.StarRatingTest" file="/opt/project/tests/bo/RaceCards/StarRatingTest.php" line="21" assertions="1" time="0.021434"/>
      </testsuite>
    </testsuite>
    <testsuite name="Tests\TopDrawTest" file="/opt/project/tests/bo/RaceCards/TopDrawTest.php" tests="35" assertions="37" errors="0" failures="0" skipped="0" time="0.129134">
      <testsuite name="Tests\TopDrawTest::testWrongRaceId" tests="2" assertions="4" errors="0" failures="0" skipped="0" time="0.002355">
        <testcase name="testWrongRaceId with data set #0" class="Tests\TopDrawTest" classname="Tests.TopDrawTest" file="/opt/project/tests/bo/RaceCards/TopDrawTest.php" line="23" assertions="2" time="0.001367"/>
        <testcase name="testWrongRaceId with data set #1" class="Tests\TopDrawTest" classname="Tests.TopDrawTest" file="/opt/project/tests/bo/RaceCards/TopDrawTest.php" line="23" assertions="2" time="0.000988"/>
      </testsuite>
      <testsuite name="Tests\TopDrawTest::testGetTopDrawEmpty" tests="2" assertions="2" errors="0" failures="0" skipped="0" time="0.003710">
        <testcase name="testGetTopDrawEmpty with data set #0" class="Tests\TopDrawTest" classname="Tests.TopDrawTest" file="/opt/project/tests/bo/RaceCards/TopDrawTest.php" line="44" assertions="1" time="0.002911"/>
        <testcase name="testGetTopDrawEmpty with data set #1" class="Tests\TopDrawTest" classname="Tests.TopDrawTest" file="/opt/project/tests/bo/RaceCards/TopDrawTest.php" line="44" assertions="1" time="0.000799"/>
      </testsuite>
      <testsuite name="Tests\TopDrawTest::testGetTopDrawNotEmpty" tests="2" assertions="2" errors="0" failures="0" skipped="0" time="0.101210">
        <testcase name="testGetTopDrawNotEmpty with data set #0" class="Tests\TopDrawTest" classname="Tests.TopDrawTest" file="/opt/project/tests/bo/RaceCards/TopDrawTest.php" line="69" assertions="1" time="0.055529"/>
        <testcase name="testGetTopDrawNotEmpty with data set #1" class="Tests\TopDrawTest" classname="Tests.TopDrawTest" file="/opt/project/tests/bo/RaceCards/TopDrawTest.php" line="69" assertions="1" time="0.045681"/>
      </testsuite>
      <testsuite name="Tests\TopDrawTest::testGetLowMinimum" tests="16" assertions="16" errors="0" failures="0" skipped="0" time="0.012026">
        <testcase name="testGetLowMinimum with data set #0" class="Tests\TopDrawTest" classname="Tests.TopDrawTest" file="/opt/project/tests/bo/RaceCards/TopDrawTest.php" line="133" assertions="1" time="0.000592"/>
        <testcase name="testGetLowMinimum with data set #1" class="Tests\TopDrawTest" classname="Tests.TopDrawTest" file="/opt/project/tests/bo/RaceCards/TopDrawTest.php" line="133" assertions="1" time="0.001217"/>
        <testcase name="testGetLowMinimum with data set #2" class="Tests\TopDrawTest" classname="Tests.TopDrawTest" file="/opt/project/tests/bo/RaceCards/TopDrawTest.php" line="133" assertions="1" time="0.000804"/>
        <testcase name="testGetLowMinimum with data set #3" class="Tests\TopDrawTest" classname="Tests.TopDrawTest" file="/opt/project/tests/bo/RaceCards/TopDrawTest.php" line="133" assertions="1" time="0.000652"/>
        <testcase name="testGetLowMinimum with data set #4" class="Tests\TopDrawTest" classname="Tests.TopDrawTest" file="/opt/project/tests/bo/RaceCards/TopDrawTest.php" line="133" assertions="1" time="0.000788"/>
        <testcase name="testGetLowMinimum with data set #5" class="Tests\TopDrawTest" classname="Tests.TopDrawTest" file="/opt/project/tests/bo/RaceCards/TopDrawTest.php" line="133" assertions="1" time="0.000651"/>
        <testcase name="testGetLowMinimum with data set #6" class="Tests\TopDrawTest" classname="Tests.TopDrawTest" file="/opt/project/tests/bo/RaceCards/TopDrawTest.php" line="133" assertions="1" time="0.000636"/>
        <testcase name="testGetLowMinimum with data set #7" class="Tests\TopDrawTest" classname="Tests.TopDrawTest" file="/opt/project/tests/bo/RaceCards/TopDrawTest.php" line="133" assertions="1" time="0.000689"/>
        <testcase name="testGetLowMinimum with data set #8" class="Tests\TopDrawTest" classname="Tests.TopDrawTest" file="/opt/project/tests/bo/RaceCards/TopDrawTest.php" line="133" assertions="1" time="0.000868"/>
        <testcase name="testGetLowMinimum with data set #9" class="Tests\TopDrawTest" classname="Tests.TopDrawTest" file="/opt/project/tests/bo/RaceCards/TopDrawTest.php" line="133" assertions="1" time="0.000622"/>
        <testcase name="testGetLowMinimum with data set #10" class="Tests\TopDrawTest" classname="Tests.TopDrawTest" file="/opt/project/tests/bo/RaceCards/TopDrawTest.php" line="133" assertions="1" time="0.000609"/>
        <testcase name="testGetLowMinimum with data set #11" class="Tests\TopDrawTest" classname="Tests.TopDrawTest" file="/opt/project/tests/bo/RaceCards/TopDrawTest.php" line="133" assertions="1" time="0.001097"/>
        <testcase name="testGetLowMinimum with data set #12" class="Tests\TopDrawTest" classname="Tests.TopDrawTest" file="/opt/project/tests/bo/RaceCards/TopDrawTest.php" line="133" assertions="1" time="0.000601"/>
        <testcase name="testGetLowMinimum with data set #13" class="Tests\TopDrawTest" classname="Tests.TopDrawTest" file="/opt/project/tests/bo/RaceCards/TopDrawTest.php" line="133" assertions="1" time="0.000586"/>
        <testcase name="testGetLowMinimum with data set #14" class="Tests\TopDrawTest" classname="Tests.TopDrawTest" file="/opt/project/tests/bo/RaceCards/TopDrawTest.php" line="133" assertions="1" time="0.000674"/>
        <testcase name="testGetLowMinimum with data set #15" class="Tests\TopDrawTest" classname="Tests.TopDrawTest" file="/opt/project/tests/bo/RaceCards/TopDrawTest.php" line="133" assertions="1" time="0.000940"/>
      </testsuite>
      <testsuite name="Tests\TopDrawTest::testGetStalls" tests="13" assertions="13" errors="0" failures="0" skipped="0" time="0.009833">
        <testcase name="testGetStalls with data set #0" class="Tests\TopDrawTest" classname="Tests.TopDrawTest" file="/opt/project/tests/bo/RaceCards/TopDrawTest.php" line="175" assertions="1" time="0.000603"/>
        <testcase name="testGetStalls with data set #1" class="Tests\TopDrawTest" classname="Tests.TopDrawTest" file="/opt/project/tests/bo/RaceCards/TopDrawTest.php" line="175" assertions="1" time="0.000850"/>
        <testcase name="testGetStalls with data set #2" class="Tests\TopDrawTest" classname="Tests.TopDrawTest" file="/opt/project/tests/bo/RaceCards/TopDrawTest.php" line="175" assertions="1" time="0.001149"/>
        <testcase name="testGetStalls with data set #3" class="Tests\TopDrawTest" classname="Tests.TopDrawTest" file="/opt/project/tests/bo/RaceCards/TopDrawTest.php" line="175" assertions="1" time="0.000606"/>
        <testcase name="testGetStalls with data set #4" class="Tests\TopDrawTest" classname="Tests.TopDrawTest" file="/opt/project/tests/bo/RaceCards/TopDrawTest.php" line="175" assertions="1" time="0.000838"/>
        <testcase name="testGetStalls with data set #5" class="Tests\TopDrawTest" classname="Tests.TopDrawTest" file="/opt/project/tests/bo/RaceCards/TopDrawTest.php" line="175" assertions="1" time="0.000748"/>
        <testcase name="testGetStalls with data set #6" class="Tests\TopDrawTest" classname="Tests.TopDrawTest" file="/opt/project/tests/bo/RaceCards/TopDrawTest.php" line="175" assertions="1" time="0.000587"/>
        <testcase name="testGetStalls with data set #7" class="Tests\TopDrawTest" classname="Tests.TopDrawTest" file="/opt/project/tests/bo/RaceCards/TopDrawTest.php" line="175" assertions="1" time="0.000711"/>
        <testcase name="testGetStalls with data set #8" class="Tests\TopDrawTest" classname="Tests.TopDrawTest" file="/opt/project/tests/bo/RaceCards/TopDrawTest.php" line="175" assertions="1" time="0.000688"/>
        <testcase name="testGetStalls with data set #9" class="Tests\TopDrawTest" classname="Tests.TopDrawTest" file="/opt/project/tests/bo/RaceCards/TopDrawTest.php" line="175" assertions="1" time="0.001130"/>
        <testcase name="testGetStalls with data set #10" class="Tests\TopDrawTest" classname="Tests.TopDrawTest" file="/opt/project/tests/bo/RaceCards/TopDrawTest.php" line="175" assertions="1" time="0.000771"/>
        <testcase name="testGetStalls with data set #11" class="Tests\TopDrawTest" classname="Tests.TopDrawTest" file="/opt/project/tests/bo/RaceCards/TopDrawTest.php" line="175" assertions="1" time="0.000576"/>
        <testcase name="testGetStalls with data set #12" class="Tests\TopDrawTest" classname="Tests.TopDrawTest" file="/opt/project/tests/bo/RaceCards/TopDrawTest.php" line="175" assertions="1" time="0.000576"/>
      </testsuite>
    </testsuite>
    <testsuite name="Tests\RaceCardsTest" file="/opt/project/tests/bo/RaceCardsTest.php" tests="33" assertions="58" errors="0" failures="0" skipped="0" time="0.601462">
      <testsuite name="Tests\RaceCardsTest::testGetTodaysTrainers" tests="1" assertions="3" errors="0" failures="0" skipped="0" time="0.001824">
        <testcase name="testGetTodaysTrainers with data set #0" class="Tests\RaceCardsTest" classname="Tests.RaceCardsTest" file="/opt/project/tests/bo/RaceCardsTest.php" line="304" assertions="3" time="0.001824"/>
      </testsuite>
      <testsuite name="Tests\RaceCardsTest::testGetTodaysJockeys" tests="1" assertions="3" errors="0" failures="0" skipped="0" time="0.001755">
        <testcase name="testGetTodaysJockeys with data set #0" class="Tests\RaceCardsTest" classname="Tests.RaceCardsTest" file="/opt/project/tests/bo/RaceCardsTest.php" line="354" assertions="3" time="0.001755"/>
      </testsuite>
      <testsuite name="Tests\RaceCardsTest::testGetPressChallenge" tests="1" assertions="3" errors="0" failures="0" skipped="0" time="0.002382">
        <testcase name="testGetPressChallenge with data set #0" class="Tests\RaceCardsTest" classname="Tests.RaceCardsTest" file="/opt/project/tests/bo/RaceCardsTest.php" line="372" assertions="3" time="0.002382"/>
      </testsuite>
[...]
        <testcase name="testIsSeasonalStatisticsAvailable with data set #70" class="Tests\SelectorsTest" classname="Tests.SelectorsTest" file="/opt/project/tests/models/SelectorsTest.php" line="1544" assertions="1" time="0.000975"/>
        <testcase name="testIsSeasonalStatisticsAvailable with data set #71" class="Tests\SelectorsTest" classname="Tests.SelectorsTest" file="/opt/project/tests/models/SelectorsTest.php" line="1544" assertions="1" time="0.001056"/>
        <testcase name="testIsSeasonalStatisticsAvailable with data set #72" class="Tests\SelectorsTest" classname="Tests.SelectorsTest" file="/opt/project/tests/models/SelectorsTest.php" line="1544" assertions="1" time="0.001273"/>
        <testcase name="testIsSeasonalStatisticsAvailable with data set #73" class="Tests\SelectorsTest" classname="Tests.SelectorsTest" file="/opt/project/tests/models/SelectorsTest.php" line="1544" assertions="1" time="0.001002"/>
        <testcase name="testIsSeasonalStatisticsAvailable with data set #74" class="Tests\SelectorsTest" classname="Tests.SelectorsTest" file="/opt/project/tests/models/SelectorsTest.php" line="1544" assertions="1" time="0.001018"/>
        <testcase name="testIsSeasonalStatisticsAvailable with data set #75" class="Tests\SelectorsTest" classname="Tests.SelectorsTest" file="/opt/project/tests/models/SelectorsTest.php" line="1544" assertions="1" time="0.000969"/>
        <testcase name="testIsSeasonalStatisticsAvailable with data set #76" class="Tests\SelectorsTest" classname="Tests.SelectorsTest" file="/opt/project/tests/models/SelectorsTest.php" line="1544" assertions="1" time="0.001049"/>
        <testcase name="testIsSeasonalStatisticsAvailable with data set #77" class="Tests\SelectorsTest" classname="Tests.SelectorsTest" file="/opt/project/tests/models/SelectorsTest.php" line="1544" assertions="1" time="0.000987"/>
        <testcase name="testIsSeasonalStatisticsAvailable with data set #78" class="Tests\SelectorsTest" classname="Tests.SelectorsTest" file="/opt/project/tests/models/SelectorsTest.php" line="1544" assertions="1" time="0.001014"/>
        <testcase name="testIsSeasonalStatisticsAvailable with data set #79" class="Tests\SelectorsTest" classname="Tests.SelectorsTest" file="/opt/project/tests/models/SelectorsTest.php" line="1544" assertions="1" time="0.000985"/>
        <testcase name="testIsSeasonalStatisticsAvailable with data set #80" class="Tests\SelectorsTest" classname="Tests.SelectorsTest" file="/opt/project/tests/models/SelectorsTest.php" line="1544" assertions="1" time="0.001020"/>
      </testsuite>
      <testsuite name="Tests\SelectorsTest::testGetMeetingTypeByRacesTypesSuccess" tests="7" assertions="7" errors="0" failures="0" skipped="0" time="0.007401">
        <testcase name="testGetMeetingTypeByRacesTypesSuccess with data set #0" class="Tests\SelectorsTest" classname="Tests.SelectorsTest" file="/opt/project/tests/models/SelectorsTest.php" line="1658" assertions="1" time="0.001093"/>
        <testcase name="testGetMeetingTypeByRacesTypesSuccess with data set #1" class="Tests\SelectorsTest" classname="Tests.SelectorsTest" file="/opt/project/tests/models/SelectorsTest.php" line="1658" assertions="1" time="0.001034"/>
        <testcase name="testGetMeetingTypeByRacesTypesSuccess with data set #2" class="Tests\SelectorsTest" classname="Tests.SelectorsTest" file="/opt/project/tests/models/SelectorsTest.php" line="1658" assertions="1" time="0.001027"/>
        <testcase name="testGetMeetingTypeByRacesTypesSuccess with data set #3" class="Tests\SelectorsTest" classname="Tests.SelectorsTest" file="/opt/project/tests/models/SelectorsTest.php" line="1658" assertions="1" time="0.001041"/>
        <testcase name="testGetMeetingTypeByRacesTypesSuccess with data set #4" class="Tests\SelectorsTest" classname="Tests.SelectorsTest" file="/opt/project/tests/models/SelectorsTest.php" line="1658" assertions="1" time="0.001145"/>
        <testcase name="testGetMeetingTypeByRacesTypesSuccess with data set #5" class="Tests\SelectorsTest" classname="Tests.SelectorsTest" file="/opt/project/tests/models/SelectorsTest.php" line="1658" assertions="1" time="0.001025"/>
        <testcase name="testGetMeetingTypeByRacesTypesSuccess with data set #6" class="Tests\SelectorsTest" classname="Tests.SelectorsTest" file="/opt/project/tests/models/SelectorsTest.php" line="1658" assertions="1" time="0.001036"/>
      </testsuite>
      <testsuite name="Tests\SelectorsTest::testGetMeetingTypeByRacesTypesFailure" tests="3" assertions="3" errors="0" failures="0" skipped="0" time="0.003458">
        <testcase name="testGetMeetingTypeByRacesTypesFailure with data set #0" class="Tests\SelectorsTest" classname="Tests.SelectorsTest" file="/opt/project/tests/models/SelectorsTest.php" line="1684" assertions="1" time="0.001038"/>
        <testcase name="testGetMeetingTypeByRacesTypesFailure with data set #1" class="Tests\SelectorsTest" classname="Tests.SelectorsTest" file="/opt/project/tests/models/SelectorsTest.php" line="1684" assertions="1" time="0.001005"/>
        <testcase name="testGetMeetingTypeByRacesTypesFailure with data set #2" class="Tests\SelectorsTest" classname="Tests.SelectorsTest" file="/opt/project/tests/models/SelectorsTest.php" line="1684" assertions="1" time="0.001415"/>
      </testsuite>
      <testsuite name="Tests\SelectorsTest::testGetRaceTypeBySeasonTypeCodeSuccess" tests="14" assertions="14" errors="0" failures="0" skipped="0" time="0.080866">
        <testcase name="testGetRaceTypeBySeasonTypeCodeSuccess with data set #0" class="Tests\SelectorsTest" classname="Tests.SelectorsTest" file="/opt/project/tests/models/SelectorsTest.php" line="1705" assertions="1" time="0.005225"/>
        <testcase name="testGetRaceTypeBySeasonTypeCodeSuccess with data set #1" class="Tests\SelectorsTest" classname="Tests.SelectorsTest" file="/opt/project/tests/models/SelectorsTest.php" line="1705" assertions="1" time="0.005125"/>
        <testcase name="testGetRaceTypeBySeasonTypeCodeSuccess with data set #2" class="Tests\SelectorsTest" classname="Tests.SelectorsTest" file="/opt/project/tests/models/SelectorsTest.php" line="1705" assertions="1" time="0.005304"/>
        <testcase name="testGetRaceTypeBySeasonTypeCodeSuccess with data set #3" class="Tests\SelectorsTest" classname="Tests.SelectorsTest" file="/opt/project/tests/models/SelectorsTest.php" line="1705" assertions="1" time="0.005308"/>
        <testcase name="testGetRaceTypeBySeasonTypeCodeSuccess with data set #4" class="Tests\SelectorsTest" classname="Tests.SelectorsTest" file="/opt/project/tests/models/SelectorsTest.php" line="1705" assertions="1" time="0.005242"/>
        <testcase name="testGetRaceTypeBySeasonTypeCodeSuccess with data set #5" class="Tests\SelectorsTest" classname="Tests.SelectorsTest" file="/opt/project/tests/models/SelectorsTest.php" line="1705" assertions="1" time="0.005131"/>
        <testcase name="testGetRaceTypeBySeasonTypeCodeSuccess with data set #6" class="Tests\SelectorsTest" classname="Tests.SelectorsTest" file="/opt/project/tests/models/SelectorsTest.php" line="1705" assertions="1" time="0.005143"/>
        <testcase name="testGetRaceTypeBySeasonTypeCodeSuccess with data set #7" class="Tests\SelectorsTest" classname="Tests.SelectorsTest" file="/opt/project/tests/models/SelectorsTest.php" line="1705" assertions="1" time="0.005246"/>
        <testcase name="testGetRaceTypeBySeasonTypeCodeSuccess with data set #8" class="Tests\SelectorsTest" classname="Tests.SelectorsTest" file="/opt/project/tests/models/SelectorsTest.php" line="1705" assertions="1" time="0.005236"/>
        <testcase name="testGetRaceTypeBySeasonTypeCodeSuccess with data set #9" class="Tests\SelectorsTest" classname="Tests.SelectorsTest" file="/opt/project/tests/models/SelectorsTest.php" line="1705" assertions="1" time="0.006861"/>
        <testcase name="testGetRaceTypeBySeasonTypeCodeSuccess with data set #10" class="Tests\SelectorsTest" classname="Tests.SelectorsTest" file="/opt/project/tests/models/SelectorsTest.php" line="1705" assertions="1" time="0.006672"/>
        <testcase name="testGetRaceTypeBySeasonTypeCodeSuccess with data set #11" class="Tests\SelectorsTest" classname="Tests.SelectorsTest" file="/opt/project/tests/models/SelectorsTest.php" line="1705" assertions="1" time="0.006669"/>
        <testcase name="testGetRaceTypeBySeasonTypeCodeSuccess with data set #12" class="Tests\SelectorsTest" classname="Tests.SelectorsTest" file="/opt/project/tests/models/SelectorsTest.php" line="1705" assertions="1" time="0.006849"/>
        <testcase name="testGetRaceTypeBySeasonTypeCodeSuccess with data set #13" class="Tests\SelectorsTest" classname="Tests.SelectorsTest" file="/opt/project/tests/models/SelectorsTest.php" line="1705" assertions="1" time="0.006854"/>
      </testsuite>
      <testsuite name="Tests\SelectorsTest::testGetRaceTypeBySeasonTypeCodeFailure" tests="3" assertions="3" errors="0" failures="0" skipped="0" time="0.021212">
        <testcase name="testGetRaceTypeBySeasonTypeCodeFailure with data set #0" class="Tests\SelectorsTest" classname="Tests.SelectorsTest" file="/opt/project/tests/models/SelectorsTest.php" line="1737" assertions="1" time="0.007316"/>
        <testcase name="testGetRaceTypeBySeasonTypeCodeFailure with data set #1" class="Tests\SelectorsTest" classname="Tests.SelectorsTest" file="/opt/project/tests/models/SelectorsTest.php" line="1737" assertions="1" time="0.007009"/>
        <testcase name="testGetRaceTypeBySeasonTypeCodeFailure with data set #2" class="Tests\SelectorsTest" classname="Tests.SelectorsTest" file="/opt/project/tests/models/SelectorsTest.php" line="1737" assertions="1" time="0.006887"/>
      </testsuite>
      <testsuite name="Tests\SelectorsTest::testGetCountryCodesBySeasonTypeSuccess" tests="21" assertions="21" errors="0" failures="0" skipped="0" time="0.018634">
        <testcase name="testGetCountryCodesBySeasonTypeSuccess with data set #0" class="Tests\SelectorsTest" classname="Tests.SelectorsTest" file="/opt/project/tests/models/SelectorsTest.php" line="1758" assertions="1" time="0.000878"/>
        <testcase name="testGetCountryCodesBySeasonTypeSuccess with data set #1" class="Tests\SelectorsTest" classname="Tests.SelectorsTest" file="/opt/project/tests/models/SelectorsTest.php" line="1758" assertions="1" time="0.000909"/>
        <testcase name="testGetCountryCodesBySeasonTypeSuccess with data set #2" class="Tests\SelectorsTest" classname="Tests.SelectorsTest" file="/opt/project/tests/models/SelectorsTest.php" line="1758" assertions="1" time="0.000822"/>
        <testcase name="testGetCountryCodesBySeasonTypeSuccess with data set #3" class="Tests\SelectorsTest" classname="Tests.SelectorsTest" file="/opt/project/tests/models/SelectorsTest.php" line="1758" assertions="1" time="0.000901"/>
        <testcase name="testGetCountryCodesBySeasonTypeSuccess with data set #4" class="Tests\SelectorsTest" classname="Tests.SelectorsTest" file="/opt/project/tests/models/SelectorsTest.php" line="1758" assertions="1" time="0.000867"/>
        <testcase name="testGetCountryCodesBySeasonTypeSuccess with data set #5" class="Tests\SelectorsTest" classname="Tests.SelectorsTest" file="/opt/project/tests/models/SelectorsTest.php" line="1758" assertions="1" time="0.000841"/>
        <testcase name="testGetCountryCodesBySeasonTypeSuccess with data set #6" class="Tests\SelectorsTest" classname="Tests.SelectorsTest" file="/opt/project/tests/models/SelectorsTest.php" line="1758" assertions="1" time="0.000918"/>
        <testcase name="testGetCountryCodesBySeasonTypeSuccess with data set #7" class="Tests\SelectorsTest" classname="Tests.SelectorsTest" file="/opt/project/tests/models/SelectorsTest.php" line="1758" assertions="1" time="0.000855"/>
        <testcase name="testGetCountryCodesBySeasonTypeSuccess with data set #8" class="Tests\SelectorsTest" classname="Tests.SelectorsTest" file="/opt/project/tests/models/SelectorsTest.php" line="1758" assertions="1" time="0.000812"/>
        <testcase name="testGetCountryCodesBySeasonTypeSuccess with data set #9" class="Tests\SelectorsTest" classname="Tests.SelectorsTest" file="/opt/project/tests/models/SelectorsTest.php" line="1758" assertions="1" time="0.000928"/>
        <testcase name="testGetCountryCodesBySeasonTypeSuccess with data set #10" class="Tests\SelectorsTest" classname="Tests.SelectorsTest" file="/opt/project/tests/models/SelectorsTest.php" line="1758" assertions="1" time="0.000917"/>
        <testcase name="testGetCountryCodesBySeasonTypeSuccess with data set #11" class="Tests\SelectorsTest" classname="Tests.SelectorsTest" file="/opt/project/tests/models/SelectorsTest.php" line="1758" assertions="1" time="0.000871"/>
        <testcase name="testGetCountryCodesBySeasonTypeSuccess with data set #12" class="Tests\SelectorsTest" classname="Tests.SelectorsTest" file="/opt/project/tests/models/SelectorsTest.php" line="1758" assertions="1" time="0.001092"/>
        <testcase name="testGetCountryCodesBySeasonTypeSuccess with data set #13" class="Tests\SelectorsTest" classname="Tests.SelectorsTest" file="/opt/project/tests/models/SelectorsTest.php" line="1758" assertions="1" time="0.000868"/>
        <testcase name="testGetCountryCodesBySeasonTypeSuccess with data set #14" class="Tests\SelectorsTest" classname="Tests.SelectorsTest" file="/opt/project/tests/models/SelectorsTest.php" line="1758" assertions="1" time="0.000859"/>
        <testcase name="testGetCountryCodesBySeasonTypeSuccess with data set #15" class="Tests\SelectorsTest" classname="Tests.SelectorsTest" file="/opt/project/tests/models/SelectorsTest.php" line="1758" assertions="1" time="0.000877"/>
        <testcase name="testGetCountryCodesBySeasonTypeSuccess with data set #16" class="Tests\SelectorsTest" classname="Tests.SelectorsTest" file="/opt/project/tests/models/SelectorsTest.php" line="1758" assertions="1" time="0.000828"/>
        <testcase name="testGetCountryCodesBySeasonTypeSuccess with data set #17" class="Tests\SelectorsTest" classname="Tests.SelectorsTest" file="/opt/project/tests/models/SelectorsTest.php" line="1758" assertions="1" time="0.000992"/>
        <testcase name="testGetCountryCodesBySeasonTypeSuccess with data set #18" class="Tests\SelectorsTest" classname="Tests.SelectorsTest" file="/opt/project/tests/models/SelectorsTest.php" line="1758" assertions="1" time="0.000841"/>
        <testcase name="testGetCountryCodesBySeasonTypeSuccess with data set #19" class="Tests\SelectorsTest" classname="Tests.SelectorsTest" file="/opt/project/tests/models/SelectorsTest.php" line="1758" assertions="1" time="0.000841"/>
        <testcase name="testGetCountryCodesBySeasonTypeSuccess with data set #20" class="Tests\SelectorsTest" classname="Tests.SelectorsTest" file="/opt/project/tests/models/SelectorsTest.php" line="1758" assertions="1" time="0.000917"/>
      </testsuite>
      <testsuite name="Tests\SelectorsTest::testGetRaceTypeSubGroup" tests="10" assertions="10" errors="0" failures="0" skipped="0" time="0.009842">
        <testcase name="testGetRaceTypeSubGroup with data set #0" class="Tests\SelectorsTest" classname="Tests.SelectorsTest" file="/opt/project/tests/models/SelectorsTest.php" line="1800" assertions="1" time="0.000871"/>
        <testcase name="testGetRaceTypeSubGroup with data set #1" class="Tests\SelectorsTest" classname="Tests.SelectorsTest" file="/opt/project/tests/models/SelectorsTest.php" line="1800" assertions="1" time="0.000867"/>
        <testcase name="testGetRaceTypeSubGroup with data set #2" class="Tests\SelectorsTest" classname="Tests.SelectorsTest" file="/opt/project/tests/models/SelectorsTest.php" line="1800" assertions="1" time="0.000950"/>
        <testcase name="testGetRaceTypeSubGroup with data set #3" class="Tests\SelectorsTest" classname="Tests.SelectorsTest" file="/opt/project/tests/models/SelectorsTest.php" line="1800" assertions="1" time="0.000927"/>
        <testcase name="testGetRaceTypeSubGroup with data set #4" class="Tests\SelectorsTest" classname="Tests.SelectorsTest" file="/opt/project/tests/models/SelectorsTest.php" line="1800" assertions="1" time="0.001028"/>
        <testcase name="testGetRaceTypeSubGroup with data set #5" class="Tests\SelectorsTest" classname="Tests.SelectorsTest" file="/opt/project/tests/models/SelectorsTest.php" line="1800" assertions="1" time="0.000934"/>
        <testcase name="testGetRaceTypeSubGroup with data set #6" class="Tests\SelectorsTest" classname="Tests.SelectorsTest" file="/opt/project/tests/models/SelectorsTest.php" line="1800" assertions="1" time="0.000919"/>
        <testcase name="testGetRaceTypeSubGroup with data set #7" class="Tests\SelectorsTest" classname="Tests.SelectorsTest" file="/opt/project/tests/models/SelectorsTest.php" line="1800" assertions="1" time="0.001075"/>
        <testcase name="testGetRaceTypeSubGroup with data set #8" class="Tests\SelectorsTest" classname="Tests.SelectorsTest" file="/opt/project/tests/models/SelectorsTest.php" line="1800" assertions="1" time="0.001312"/>
        <testcase name="testGetRaceTypeSubGroup with data set #9" class="Tests\SelectorsTest" classname="Tests.SelectorsTest" file="/opt/project/tests/models/SelectorsTest.php" line="1800" assertions="1" time="0.000959"/>
      </testsuite>
      <testsuite name="Tests\SelectorsTest::testGetRaceTypeGroupNameByRaceType" tests="10" assertions="10" errors="0" failures="0" skipped="0" time="0.009247">
        <testcase name="testGetRaceTypeGroupNameByRaceType with data set #0" class="Tests\SelectorsTest" classname="Tests.SelectorsTest" file="/opt/project/tests/models/SelectorsTest.php" line="1832" assertions="1" time="0.000829"/>
        <testcase name="testGetRaceTypeGroupNameByRaceType with data set #1" class="Tests\SelectorsTest" classname="Tests.SelectorsTest" file="/opt/project/tests/models/SelectorsTest.php" line="1832" assertions="1" time="0.001050"/>
        <testcase name="testGetRaceTypeGroupNameByRaceType with data set #2" class="Tests\SelectorsTest" classname="Tests.SelectorsTest" file="/opt/project/tests/models/SelectorsTest.php" line="1832" assertions="1" time="0.000857"/>
        <testcase name="testGetRaceTypeGroupNameByRaceType with data set #3" class="Tests\SelectorsTest" classname="Tests.SelectorsTest" file="/opt/project/tests/models/SelectorsTest.php" line="1832" assertions="1" time="0.000895"/>
        <testcase name="testGetRaceTypeGroupNameByRaceType with data set #4" class="Tests\SelectorsTest" classname="Tests.SelectorsTest" file="/opt/project/tests/models/SelectorsTest.php" line="1832" assertions="1" time="0.000906"/>
        <testcase name="testGetRaceTypeGroupNameByRaceType with data set #5" class="Tests\SelectorsTest" classname="Tests.SelectorsTest" file="/opt/project/tests/models/SelectorsTest.php" line="1832" assertions="1" time="0.000836"/>
        <testcase name="testGetRaceTypeGroupNameByRaceType with data set #6" class="Tests\SelectorsTest" classname="Tests.SelectorsTest" file="/opt/project/tests/models/SelectorsTest.php" line="1832" assertions="1" time="0.000909"/>
        <testcase name="testGetRaceTypeGroupNameByRaceType with data set #7" class="Tests\SelectorsTest" classname="Tests.SelectorsTest" file="/opt/project/tests/models/SelectorsTest.php" line="1832" assertions="1" time="0.001007"/>
        <testcase name="testGetRaceTypeGroupNameByRaceType with data set #8" class="Tests\SelectorsTest" classname="Tests.SelectorsTest" file="/opt/project/tests/models/SelectorsTest.php" line="1832" assertions="1" time="0.001064"/>
        <testcase name="testGetRaceTypeGroupNameByRaceType with data set #9" class="Tests\SelectorsTest" classname="Tests.SelectorsTest" file="/opt/project/tests/models/SelectorsTest.php" line="1832" assertions="1" time="0.000894"/>
      </testsuite>
    </testsuite>
  </testsuite>
</testsuites>
