<?xml version="1.0" encoding="UTF-8"?>
<coverage generated="1646145033">
  <project timestamp="1646145033">
    <package name="Bo\AdPrompts">
      <file name="/opt/project/bo/AdPrompts/NextRace.php">
        <class name="Bo\AdPrompts\NextRace" namespace="Bo\AdPrompts" fullPackage="Bo" package="Bo">
          <metrics complexity="12" methods="6" coveredmethods="6" conditionals="0" coveredconditionals="0" statements="23" coveredstatements="23" elements="29" coveredelements="29"/>
        </class>
        <line num="27" type="method" name="getData" visibility="public" complexity="1" crap="1" count="1"/>
        <line num="29" type="stmt" count="1"/>
        <line num="32" type="stmt" count="1"/>
        <line num="34" type="stmt" count="1"/>
        <line num="35" type="stmt" count="1"/>
        <line num="36" type="stmt" count="1"/>
        <line num="37" type="stmt" count="1"/>
        <line num="38" type="stmt" count="1"/>
        <line num="41" type="stmt" count="1"/>
        <line num="42" type="stmt" count="1"/>
        <line num="43" type="stmt" count="1"/>
        <line num="44" type="stmt" count="1"/>
        <line num="45" type="stmt" count="1"/>
        <line num="53" type="method" name="getRaceDetails" visibility="private" complexity="1" crap="1" count="1"/>
        <line num="55" type="stmt" count="1"/>
        <line num="62" type="method" name="getLastRecentRace" visibility="private" complexity="2" crap="2" count="1"/>
        <line num="64" type="stmt" count="1"/>
        <line num="72" type="method" name="getKeyStat" visibility="private" complexity="1" crap="1" count="1"/>
        <line num="74" type="stmt" count="1"/>
        <line num="83" type="method" name="getSpotlightSelection" visibility="private" complexity="4" crap="4" count="1"/>
        <line num="85" type="stmt" count="1"/>
        <line num="86" type="stmt" count="1"/>
        <line num="87" type="stmt" count="1"/>
        <line num="89" type="stmt" count="1"/>
        <line num="98" type="method" name="getMostTipped" visibility="private" complexity="3" crap="3" count="1"/>
        <line num="100" type="stmt" count="1"/>
        <line num="101" type="stmt" count="1"/>
        <line num="102" type="stmt" count="1"/>
        <line num="103" type="stmt" count="1"/>
        <metrics loc="105" ncloc="67" classes="1" methods="6" coveredmethods="6" conditionals="0" coveredconditionals="0" statements="23" coveredstatements="23" elements="29" coveredelements="29"/>
      </file>
    </package>
    <package name="Bo\Ads">
      <file name="/opt/project/bo/Ads/SuccessBoxes.php">
        <class name="Bo\Ads\SuccessBoxes" namespace="Bo\Ads" fullPackage="Bo" package="Bo">
          <metrics complexity="42" methods="12" coveredmethods="7" conditionals="0" coveredconditionals="0" statements="58" coveredstatements="45" elements="70" coveredelements="52"/>
        </class>
        <line num="27" type="method" name="isRowMatchesConditions" visibility="protected" complexity="3" crap="3.07" count="1"/>
        <line num="30" type="stmt" count="1"/>
        <line num="38" type="stmt" count="1"/>
        <line num="39" type="stmt" count="1"/>
        <line num="40" type="stmt" count="0"/>
        <line num="43" type="stmt" count="1"/>
        <line num="51" type="method" name="isRowActivate" visibility="private" complexity="1" crap="1" count="1"/>
        <line num="53" type="stmt" count="1"/>
        <line num="62" type="method" name="isPassFlatJumpsCheck" visibility="private" complexity="2" crap="2" count="1"/>
        <line num="64" type="stmt" count="1"/>
        <line num="76" type="method" name="isPassJumpsCheck" visibility="private" complexity="4" crap="20" count="0"/>
        <line num="78" type="stmt" count="0"/>
        <line num="79" type="stmt" count="0"/>
        <line num="80" type="stmt" count="0"/>
        <line num="90" type="method" name="isPassFlatCheck" visibility="private" complexity="4" crap="4" count="1"/>
        <line num="92" type="stmt" count="1"/>
        <line num="93" type="stmt" count="1"/>
        <line num="94" type="stmt" count="1"/>
        <line num="95" type="stmt" count="1"/>
        <line num="104" type="method" name="isMinPriceReached" visibility="private" complexity="2" crap="2" count="1"/>
        <line num="106" type="stmt" count="1"/>
        <line num="115" type="method" name="isForeign" visibility="private" complexity="3" crap="3.33" count="1"/>
        <line num="117" type="stmt" count="1"/>
        <line num="118" type="stmt" count="0"/>
        <line num="119" type="stmt" count="1"/>
        <line num="128" type="method" name="isSelling" visibility="private" complexity="2" crap="2" count="1"/>
        <line num="130" type="stmt" count="1"/>
        <line num="139" type="method" name="isClaiming" visibility="private" complexity="2" crap="2" count="1"/>
        <line num="141" type="stmt" count="1"/>
        <line num="187" type="method" name="getData" visibility="public" complexity="10" crap="10.03" count="1"/>
        <line num="189" type="stmt" count="1"/>
        <line num="190" type="stmt" count="1"/>
        <line num="191" type="stmt" count="1"/>
        <line num="192" type="stmt" count="1"/>
        <line num="194" type="stmt" count="1"/>
        <line num="195" type="stmt" count="1"/>
        <line num="196" type="stmt" count="0"/>
        <line num="199" type="stmt" count="1"/>
        <line num="200" type="stmt" count="1"/>
        <line num="201" type="stmt" count="1"/>
        <line num="202" type="stmt" count="1"/>
        <line num="203" type="stmt" count="1"/>
        <line num="204" type="stmt" count="1"/>
        <line num="205" type="stmt" count="1"/>
        <line num="208" type="stmt" count="1"/>
        <line num="211" type="stmt" count="1"/>
        <line num="212" type="stmt" count="1"/>
        <line num="213" type="stmt" count="1"/>
        <line num="215" type="stmt" count="1"/>
        <line num="216" type="stmt" count="0"/>
        <line num="218" type="stmt" count="1"/>
        <line num="219" type="stmt" count="1"/>
        <line num="220" type="stmt" count="1"/>
        <line num="221" type="stmt" count="1"/>
        <line num="224" type="stmt" count="1"/>
        <line num="225" type="stmt" count="1"/>
        <line num="226" type="stmt" count="1"/>
        <line num="227" type="stmt" count="1"/>
        <line num="228" type="stmt" count="1"/>
        <line num="230" type="stmt" count="1"/>
        <line num="235" type="stmt" count="1"/>
        <line num="243" type="method" name="constructInternetUrl" visibility="private" complexity="4" crap="20" count="0"/>
        <line num="245" type="stmt" count="0"/>
        <line num="246" type="stmt" count="0"/>
        <line num="247" type="stmt" count="0"/>
        <line num="248" type="stmt" count="0"/>
        <line num="250" type="stmt" count="0"/>
        <line num="252" type="stmt" count="0"/>
        <line num="260" type="method" name="constructAdvertName" visibility="private" complexity="1" crap="1" count="1"/>
        <line num="262" type="stmt" count="1"/>
        <metrics loc="264" ncloc="168" classes="1" methods="12" coveredmethods="7" conditionals="0" coveredconditionals="0" statements="58" coveredstatements="45" elements="70" coveredelements="52"/>
      </file>
    </package>
    <package name="Bo">
      <file name="/opt/project/bo/BetFinder.php">
        <class name="Bo\BetFinder" namespace="Bo">
          <metrics complexity="3" methods="2" coveredmethods="2" conditionals="0" coveredconditionals="0" statements="2" coveredstatements="2" elements="4" coveredelements="4"/>
        </class>
        <line num="22" type="method" name="getBetFinderFullData" visibility="public" complexity="1" crap="1" count="1"/>
        <line num="24" type="stmt" count="1"/>
        <line num="30" type="method" name="getBetFinderDiffData" visibility="public" complexity="1" crap="1" count="1"/>
        <line num="32" type="stmt" count="1"/>
        <metrics loc="34" ncloc="21" classes="1" methods="2" coveredmethods="2" conditionals="0" coveredconditionals="0" statements="2" coveredstatements="2" elements="4" coveredelements="4"/>
      </file>
      <file name="/opt/project/bo/BetPrompts.php">
        <class name="Bo\BetPrompts" namespace="Bo" fullPackage="Bo" package="Bo">
          <metrics complexity="99" methods="19" coveredmethods="15" conditionals="0" coveredconditionals="0" statements="213" coveredstatements="192" elements="232" coveredelements="207"/>
        </class>
        <line num="60" type="method" name="getBestBetWeightings" visibility="public" complexity="4" crap="4" count="7"/>
        <line num="62" type="stmt" count="7"/>
        <line num="63" type="stmt" count="7"/>
        <line num="66" type="stmt" count="7"/>
        <line num="67" type="stmt" count="7"/>
        <line num="68" type="stmt" count="7"/>
        <line num="75" type="method" name="getBetPrompts" visibility="public" complexity="7" crap="7" count="3"/>
        <line num="77" type="stmt" count="3"/>
        <line num="79" type="stmt" count="3"/>
        <line num="80" type="stmt" count="3"/>
        <line num="82" type="stmt" count="3"/>
        <line num="83" type="stmt" count="3"/>
        <line num="84" type="stmt" count="3"/>
        <line num="85" type="stmt" count="3"/>
        <line num="86" type="stmt" count="3"/>
        <line num="88" type="stmt" count="3"/>
        <line num="89" type="stmt" count="3"/>
        <line num="90" type="stmt" count="3"/>
        <line num="91" type="stmt" count="3"/>
        <line num="94" type="stmt" count="3"/>
        <line num="96" type="stmt" count="3"/>
        <line num="98" type="stmt" count="3"/>
        <line num="99" type="stmt" count="3"/>
        <line num="100" type="stmt" count="3"/>
        <line num="101" type="stmt" count="3"/>
        <line num="102" type="stmt" count="3"/>
        <line num="103" type="stmt" count="3"/>
        <line num="104" type="stmt" count="3"/>
        <line num="105" type="stmt" count="3"/>
        <line num="106" type="stmt" count="3"/>
        <line num="107" type="stmt" count="3"/>
        <line num="108" type="stmt" count="3"/>
        <line num="109" type="stmt" count="3"/>
        <line num="110" type="stmt" count="3"/>
        <line num="111" type="stmt" count="3"/>
        <line num="112" type="method" name="anonymousFunction:112#567" complexity="2" crap="2" count="3"/>
        <line num="114" type="stmt" count="3"/>
        <line num="115" type="stmt" count="3"/>
        <line num="117" type="stmt" count="3"/>
        <line num="118" type="stmt" count="3"/>
        <line num="119" type="method" name="anonymousFunction:119#624" complexity="2" crap="2" count="3"/>
        <line num="121" type="stmt" count="2"/>
        <line num="122" type="stmt" count="3"/>
        <line num="124" type="stmt" count="3"/>
        <line num="125" type="stmt" count="3"/>
        <line num="130" type="stmt" count="3"/>
        <line num="131" type="stmt" count="1"/>
        <line num="134" type="stmt" count="3"/>
        <line num="143" type="method" name="getMostTipped" visibility="protected" complexity="11" crap="11.38" count="3"/>
        <line num="145" type="stmt" count="3"/>
        <line num="146" type="stmt" count="3"/>
        <line num="147" type="stmt" count="3"/>
        <line num="149" type="stmt" count="3"/>
        <line num="151" type="stmt" count="3"/>
        <line num="152" type="stmt" count="3"/>
        <line num="153" type="stmt" count="3"/>
        <line num="154" type="stmt" count="3"/>
        <line num="155" type="stmt" count="3"/>
        <line num="156" type="stmt" count="3"/>
        <line num="157" type="stmt" count="3"/>
        <line num="158" type="stmt" count="3"/>
        <line num="159" type="stmt" count="3"/>
        <line num="164" type="stmt" count="3"/>
        <line num="165" type="stmt" count="3"/>
        <line num="166" type="stmt" count="3"/>
        <line num="169" type="stmt" count="3"/>
        <line num="171" type="stmt" count="3"/>
        <line num="172" type="stmt" count="3"/>
        <line num="173" type="stmt" count="0"/>
        <line num="175" type="stmt" count="3"/>
        <line num="176" type="stmt" count="1"/>
        <line num="178" type="stmt" count="3"/>
        <line num="179" type="stmt" count="1"/>
        <line num="181" type="stmt" count="3"/>
        <line num="186" type="stmt" count="0"/>
        <line num="187" type="stmt" count="0"/>
        <line num="189" type="stmt" count="0"/>
        <line num="193" type="stmt" count="3"/>
        <line num="194" type="stmt" count="3"/>
        <line num="195" type="stmt" count="0"/>
        <line num="197" type="stmt" count="3"/>
        <line num="198" type="stmt" count="3"/>
        <line num="200" type="stmt" count="3"/>
        <line num="207" type="method" name="getMostNapped" visibility="protected" complexity="9" crap="10.15" count="3"/>
        <line num="209" type="stmt" count="3"/>
        <line num="210" type="stmt" count="3"/>
        <line num="211" type="stmt" count="2"/>
        <line num="212" type="stmt" count="2"/>
        <line num="213" type="stmt" count="2"/>
        <line num="215" type="stmt" count="2"/>
        <line num="217" type="stmt" count="2"/>
        <line num="218" type="stmt" count="2"/>
        <line num="219" type="stmt" count="2"/>
        <line num="220" type="stmt" count="2"/>
        <line num="222" type="stmt" count="2"/>
        <line num="224" type="stmt" count="2"/>
        <line num="225" type="stmt" count="2"/>
        <line num="226" type="stmt" count="2"/>
        <line num="227" type="stmt" count="2"/>
        <line num="228" type="stmt" count="2"/>
        <line num="229" type="stmt" count="2"/>
        <line num="234" type="stmt" count="2"/>
        <line num="236" type="stmt" count="2"/>
        <line num="237" type="stmt" count="2"/>
        <line num="238" type="stmt" count="0"/>
        <line num="239" type="stmt" count="0"/>
        <line num="240" type="stmt" count="0"/>
        <line num="241" type="stmt" count="0"/>
        <line num="242" type="stmt" count="0"/>
        <line num="243" type="stmt" count="0"/>
        <line num="245" type="stmt" count="0"/>
        <line num="248" type="stmt" count="2"/>
        <line num="249" type="stmt" count="2"/>
        <line num="250" type="stmt" count="0"/>
        <line num="252" type="stmt" count="2"/>
        <line num="253" type="stmt" count="2"/>
        <line num="256" type="stmt" count="3"/>
        <line num="263" type="method" name="getNaps" visibility="protected" complexity="1" crap="1" count="2"/>
        <line num="265" type="stmt" count="2"/>
        <line num="267" type="stmt" count="2"/>
        <line num="268" type="stmt" count="2"/>
        <line num="277" type="method" name="getRprSelection" visibility="protected" complexity="5" crap="5" count="3"/>
        <line num="279" type="stmt" count="3"/>
        <line num="280" type="stmt" count="3"/>
        <line num="281" type="stmt" count="3"/>
        <line num="282" type="stmt" count="3"/>
        <line num="284" type="stmt" count="3"/>
        <line num="285" type="stmt" count="3"/>
        <line num="287" type="stmt" count="3"/>
        <line num="288" type="stmt" count="3"/>
        <line num="289" type="stmt" count="3"/>
        <line num="290" type="stmt" count="3"/>
        <line num="291" type="stmt" count="3"/>
        <line num="292" type="stmt" count="3"/>
        <line num="293" type="stmt" count="3"/>
        <line num="294" type="stmt" count="3"/>
        <line num="295" type="stmt" count="3"/>
        <line num="296" type="stmt" count="3"/>
        <line num="297" type="stmt" count="3"/>
        <line num="298" type="stmt" count="3"/>
        <line num="303" type="stmt" count="3"/>
        <line num="310" type="method" name="getPostData" visibility="protected" complexity="8" crap="8" count="3"/>
        <line num="312" type="stmt" count="3"/>
        <line num="314" type="stmt" count="3"/>
        <line num="315" type="stmt" count="3"/>
        <line num="316" type="stmt" count="3"/>
        <line num="317" type="method" name="anonymousFunction:317#2103" complexity="2" crap="2" count="3"/>
        <line num="318" type="stmt" count="3"/>
        <line num="319" type="stmt" count="3"/>
        <line num="320" type="stmt" count="3"/>
        <line num="322" type="stmt" count="3"/>
        <line num="323" type="stmt" count="3"/>
        <line num="325" type="stmt" count="3"/>
        <line num="327" type="stmt" count="3"/>
        <line num="328" type="stmt" count="3"/>
        <line num="329" type="stmt" count="3"/>
        <line num="330" type="stmt" count="3"/>
        <line num="331" type="stmt" count="3"/>
        <line num="332" type="stmt" count="3"/>
        <line num="333" type="stmt" count="3"/>
        <line num="335" type="stmt" count="3"/>
        <line num="338" type="stmt" count="3"/>
        <line num="339" type="stmt" count="0"/>
        <line num="340" type="stmt" count="3"/>
        <line num="341" type="stmt" count="0"/>
        <line num="342" type="stmt" count="3"/>
        <line num="343" type="stmt" count="2"/>
        <line num="345" type="stmt" count="1"/>
        <line num="347" type="stmt" count="3"/>
        <line num="348" type="stmt" count="3"/>
        <line num="349" type="stmt" count="3"/>
        <line num="351" type="stmt" count="3"/>
        <line num="352" type="stmt" count="3"/>
        <line num="353" type="stmt" count="3"/>
        <line num="354" type="stmt" count="3"/>
        <line num="355" type="stmt" count="3"/>
        <line num="356" type="stmt" count="3"/>
        <line num="357" type="stmt" count="3"/>
        <line num="358" type="stmt" count="3"/>
        <line num="359" type="stmt" count="3"/>
        <line num="360" type="stmt" count="3"/>
        <line num="361" type="stmt" count="3"/>
        <line num="362" type="stmt" count="3"/>
        <line num="363" type="stmt" count="3"/>
        <line num="364" type="stmt" count="3"/>
        <line num="365" type="stmt" count="3"/>
        <line num="366" type="stmt" count="3"/>
        <line num="367" type="stmt" count="3"/>
        <line num="368" type="stmt" count="3"/>
        <line num="373" type="stmt" count="3"/>
        <line num="381" type="method" name="getPostdataIntegerCode" visibility="private" complexity="4" crap="4" count="3"/>
        <line num="384" type="stmt" count="3"/>
        <line num="385" type="stmt" count="3"/>
        <line num="386" type="stmt" count="3"/>
        <line num="387" type="stmt" count="3"/>
        <line num="388" type="stmt" count="3"/>
        <line num="389" type="stmt" count="3"/>
        <line num="390" type="stmt" count="3"/>
        <line num="391" type="stmt" count="1"/>
        <line num="392" type="stmt" count="1"/>
        <line num="394" type="stmt" count="3"/>
        <line num="397" type="stmt" count="3"/>
        <line num="403" type="method" name="getSignpostsBetpromts" visibility="private" complexity="1" crap="1" count="3"/>
        <line num="405" type="stmt" count="3"/>
        <line num="408" type="stmt" count="3"/>
        <line num="409" type="stmt" count="3"/>
        <line num="410" type="stmt" count="3"/>
        <line num="411" type="stmt" count="3"/>
        <line num="412" type="stmt" count="3"/>
        <line num="413" type="stmt" count="3"/>
        <line num="414" type="stmt" count="3"/>
        <line num="415" type="stmt" count="3"/>
        <line num="416" type="stmt" count="3"/>
        <line num="428" type="method" name="getTopRatedByScore" visibility="private" complexity="7" crap="7.08" count="1"/>
        <line num="430" type="stmt" count="1"/>
        <line num="431" type="stmt" count="0"/>
        <line num="434" type="stmt" count="1"/>
        <line num="436" type="stmt" count="1"/>
        <line num="437" type="stmt" count="0"/>
        <line num="440" type="stmt" count="1"/>
        <line num="442" type="stmt" count="1"/>
        <line num="443" type="stmt" count="1"/>
        <line num="444" type="stmt" count="1"/>
        <line num="445" type="stmt" count="1"/>
        <line num="446" type="stmt" count="1"/>
        <line num="447" type="stmt" count="1"/>
        <line num="449" type="stmt" count="1"/>
        <line num="451" type="stmt" count="1"/>
        <line num="453" type="stmt" count="1"/>
        <line num="455" type="stmt" count="1"/>
        <line num="459" type="stmt" count="1"/>
        <line num="470" type="method" name="getScoresList" visibility="private" complexity="5" crap="5" count="1"/>
        <line num="472" type="stmt" count="1"/>
        <line num="474" type="stmt" count="1"/>
        <line num="475" type="stmt" count="1"/>
        <line num="476" type="stmt" count="1"/>
        <line num="477" type="stmt" count="1"/>
        <line num="478" type="stmt" count="1"/>
        <line num="479" type="stmt" count="1"/>
        <line num="480" type="stmt" count="1"/>
        <line num="481" type="stmt" count="1"/>
        <line num="482" type="stmt" count="1"/>
        <line num="484" type="stmt" count="1"/>
        <line num="485" type="stmt" count="1"/>
        <line num="486" type="stmt" count="1"/>
        <line num="491" type="stmt" count="1"/>
        <line num="503" type="method" name="filterScoresList" visibility="private" complexity="13" crap="13" count="1"/>
        <line num="505" type="stmt" count="1"/>
        <line num="506" type="stmt" count="1"/>
        <line num="507" type="stmt" count="1"/>
        <line num="517" type="method" name="anonymousFunction:517#3267" complexity="2" crap="2" count="1"/>
        <line num="518" type="stmt" count="1"/>
        <line num="519" type="stmt" count="1"/>
        <line num="520" type="stmt" count="1"/>
        <line num="521" type="stmt" count="1"/>
        <line num="533" type="method" name="anonymousFunction:533#3357" complexity="8" crap="13.04" count="1"/>
        <line num="534" type="stmt" count="1"/>
        <line num="536" type="stmt" count="1"/>
        <line num="538" type="stmt" count="1"/>
        <line num="539" type="stmt" count="1"/>
        <line num="542" type="stmt" count="1"/>
        <line num="543" type="stmt" count="1"/>
        <line num="546" type="stmt" count="1"/>
        <line num="549" type="stmt" count="0"/>
        <line num="550" type="stmt" count="0"/>
        <line num="552" type="stmt" count="0"/>
        <line num="553" type="stmt" count="0"/>
        <line num="554" type="stmt" count="0"/>
        <line num="556" type="stmt" count="0"/>
        <line num="560" type="stmt" count="1"/>
        <line num="562" type="stmt" count="1"/>
        <line num="563" type="stmt" count="1"/>
        <line num="564" type="stmt" count="1"/>
        <line num="565" type="stmt" count="1"/>
        <line num="566" type="stmt" count="1"/>
        <line num="567" type="stmt" count="1"/>
        <line num="568" type="stmt" count="1"/>
        <line num="569" type="stmt" count="1"/>
        <line num="570" type="stmt" count="1"/>
        <line num="571" type="stmt" count="1"/>
        <line num="572" type="stmt" count="1"/>
        <line num="574" type="stmt" count="1"/>
        <line num="578" type="stmt" count="1"/>
        <line num="590" type="method" name="getCombinedKey" visibility="private" complexity="2" crap="2" count="1"/>
        <line num="592" type="stmt" count="1"/>
        <line num="604" type="method" name="isKeyMatched" visibility="private" complexity="3" crap="3" count="1"/>
        <line num="606" type="stmt" count="1"/>
        <line num="607" type="stmt" count="1"/>
        <line num="608" type="stmt" count="1"/>
        <line num="611" type="stmt" count="1"/>
        <metrics loc="613" ncloc="476" classes="1" methods="19" coveredmethods="15" conditionals="0" coveredconditionals="0" statements="271" coveredstatements="248" elements="290" coveredelements="263"/>
      </file>
      <file name="/opt/project/bo/BoWithFigures.php">
        <class name="Bo\BoWithFigures" namespace="Bo" fullPackage="Bo" package="Bo">
          <metrics complexity="73" methods="10" coveredmethods="5" conditionals="0" coveredconditionals="0" statements="153" coveredstatements="130" elements="163" coveredelements="135"/>
        </class>
        <line num="27" type="method" name="addCalculatedFigures" visibility="public" complexity="13" crap="13" count="9"/>
        <line num="29" type="stmt" count="9"/>
        <line num="30" type="stmt" count="0"/>
        <line num="33" type="stmt" count="9"/>
        <line num="35" type="stmt" count="9"/>
        <line num="39" type="stmt" count="9"/>
        <line num="40" type="stmt" count="9"/>
        <line num="41" type="stmt" count="9"/>
        <line num="45" type="stmt" count="9"/>
        <line num="46" type="stmt" count="9"/>
        <line num="47" type="stmt" count="9"/>
        <line num="48" type="stmt" count="9"/>
        <line num="52" type="stmt" count="9"/>
        <line num="53" type="stmt" count="9"/>
        <line num="55" type="stmt" count="9"/>
        <line num="58" type="stmt" count="9"/>
        <line num="60" type="stmt" count="9"/>
        <line num="61" type="stmt" count="9"/>
        <line num="62" type="stmt" count="9"/>
        <line num="66" type="stmt" count="9"/>
        <line num="67" type="stmt" count="2"/>
        <line num="69" type="stmt" count="9"/>
        <line num="70" type="stmt" count="9"/>
        <line num="71" type="stmt" count="9"/>
        <line num="72" type="method" name="anonymousFunction:72#427" complexity="1" crap="1" count="9"/>
        <line num="73" type="stmt" count="9"/>
        <line num="74" type="stmt" count="9"/>
        <line num="78" type="stmt" count="9"/>
        <line num="79" type="stmt" count="9"/>
        <line num="80" type="stmt" count="9"/>
        <line num="83" type="stmt" count="9"/>
        <line num="84" type="stmt" count="0"/>
        <line num="87" type="stmt" count="9"/>
        <line num="98" type="method" name="getFiguresArray" visibility="protected" complexity="14" crap="14" count="14"/>
        <line num="100" type="stmt" count="14"/>
        <line num="101" type="stmt" count="14"/>
        <line num="102" type="stmt" count="14"/>
        <line num="103" type="stmt" count="14"/>
        <line num="104" type="stmt" count="14"/>
        <line num="105" type="stmt" count="9"/>
        <line num="106" type="stmt" count="8"/>
        <line num="107" type="stmt" count="8"/>
        <line num="109" type="stmt" count="9"/>
        <line num="110" type="stmt" count="9"/>
        <line num="113" type="stmt" count="9"/>
        <line num="114" type="stmt" count="3"/>
        <line num="117" type="stmt" count="14"/>
        <line num="118" type="stmt" count="0"/>
        <line num="119" type="stmt" count="14"/>
        <line num="121" type="stmt" count="14"/>
        <line num="123" type="stmt" count="14"/>
        <line num="124" type="stmt" count="14"/>
        <line num="125" type="stmt" count="14"/>
        <line num="127" type="stmt" count="14"/>
        <line num="128" type="stmt" count="6"/>
        <line num="131" type="stmt" count="14"/>
        <line num="143" type="method" name="isRaceInCurrentSeason" visibility="protected" complexity="1" crap="1" count="14"/>
        <line num="145" type="stmt" count="14"/>
        <line num="157" type="method" name="getFormForFigures" visibility="protected" complexity="5" crap="5.02" count="11"/>
        <line num="159" type="stmt" count="11"/>
        <line num="161" type="stmt" count="11"/>
        <line num="162" type="stmt" count="2"/>
        <line num="163" type="stmt" count="2"/>
        <line num="167" type="stmt" count="11"/>
        <line num="168" type="stmt" count="1"/>
        <line num="171" type="stmt" count="11"/>
        <line num="173" type="stmt" count="11"/>
        <line num="174" type="stmt" count="0"/>
        <line num="177" type="stmt" count="11"/>
        <line num="178" type="stmt" count="11"/>
        <line num="190" type="method" name="adjustRpr" visibility="protected" complexity="6" crap="8.60" count="1"/>
        <line num="192" type="stmt" count="1"/>
        <line num="193" type="stmt" count="1"/>
        <line num="194" type="stmt" count="1"/>
        <line num="195" type="stmt" count="1"/>
        <line num="197" type="stmt" count="0"/>
        <line num="198" type="stmt" count="0"/>
        <line num="201" type="stmt" count="1"/>
        <line num="202" type="stmt" count="1"/>
        <line num="203" type="stmt" count="0"/>
        <line num="204" type="stmt" count="0"/>
        <line num="205" type="stmt" count="0"/>
        <line num="209" type="stmt" count="1"/>
        <line num="221" type="method" name="getHorseRpr" visibility="protected" complexity="20" crap="27.29" count="12"/>
        <line num="223" type="stmt" count="12"/>
        <line num="225" type="stmt" count="12"/>
        <line num="229" type="stmt" count="12"/>
        <line num="249" type="stmt" count="12"/>
        <line num="253" type="stmt" count="12"/>
        <line num="254" type="stmt" count="12"/>
        <line num="255" type="stmt" count="12"/>
        <line num="256" type="stmt" count="12"/>
        <line num="257" type="stmt" count="12"/>
        <line num="258" type="stmt" count="12"/>
        <line num="259" type="stmt" count="12"/>
        <line num="260" type="stmt" count="12"/>
        <line num="261" type="stmt" count="12"/>
        <line num="262" type="stmt" count="12"/>
        <line num="263" type="stmt" count="12"/>
        <line num="264" type="stmt" count="12"/>
        <line num="265" type="stmt" count="12"/>
        <line num="266" type="stmt" count="12"/>
        <line num="268" type="stmt" count="12"/>
        <line num="270" type="stmt" count="12"/>
        <line num="272" type="stmt" count="12"/>
        <line num="273" type="stmt" count="8"/>
        <line num="275" type="stmt" count="5"/>
        <line num="277" type="stmt" count="12"/>
        <line num="280" type="stmt" count="12"/>
        <line num="283" type="stmt" count="12"/>
        <line num="284" type="stmt" count="4"/>
        <line num="285" type="stmt" count="4"/>
        <line num="286" type="stmt" count="4"/>
        <line num="287" type="stmt" count="0"/>
        <line num="288" type="stmt" count="0"/>
        <line num="290" type="stmt" count="0"/>
        <line num="291" type="stmt" count="0"/>
        <line num="295" type="stmt" count="0"/>
        <line num="296" type="stmt" count="0"/>
        <line num="297" type="stmt" count="0"/>
        <line num="300" type="stmt" count="0"/>
        <line num="301" type="stmt" count="0"/>
        <line num="305" type="stmt" count="0"/>
        <line num="306" type="stmt" count="0"/>
        <line num="309" type="stmt" count="0"/>
        <line num="310" type="stmt" count="0"/>
        <line num="313" type="stmt" count="0"/>
        <line num="314" type="stmt" count="0"/>
        <line num="316" type="stmt" count="4"/>
        <line num="317" type="stmt" count="4"/>
        <line num="320" type="stmt" count="4"/>
        <line num="321" type="stmt" count="4"/>
        <line num="324" type="stmt" count="4"/>
        <line num="325" type="stmt" count="4"/>
        <line num="327" type="stmt" count="4"/>
        <line num="328" type="stmt" count="4"/>
        <line num="330" type="stmt" count="4"/>
        <line num="334" type="stmt" count="12"/>
        <line num="335" type="stmt" count="12"/>
        <line num="336" type="stmt" count="12"/>
        <line num="339" type="stmt" count="12"/>
        <line num="350" type="method" name="getSeasonsForFigures" visibility="protected" complexity="1" crap="1" count="11"/>
        <line num="352" type="stmt" count="11"/>
        <line num="353" type="stmt" count="11"/>
        <line num="360" type="method" name="limitStableToursNotes" visibility="protected" complexity="11" crap="11" count="5"/>
        <line num="362" type="stmt" count="5"/>
        <line num="363" type="stmt" count="5"/>
        <line num="364" type="stmt" count="5"/>
        <line num="365" type="stmt" count="5"/>
        <line num="367" type="stmt" count="5"/>
        <line num="368" type="stmt" count="4"/>
        <line num="370" type="stmt" count="4"/>
        <line num="371" type="stmt" count="4"/>
        <line num="373" type="stmt" count="4"/>
        <line num="374" type="stmt" count="4"/>
        <line num="375" type="stmt" count="4"/>
        <line num="376" type="stmt" count="4"/>
        <line num="377" type="stmt" count="1"/>
        <line num="378" type="stmt" count="1"/>
        <line num="380" type="stmt" count="1"/>
        <line num="381" type="stmt" count="1"/>
        <line num="382" type="stmt" count="1"/>
        <line num="383" type="stmt" count="1"/>
        <line num="386" type="stmt" count="4"/>
        <line num="387" type="stmt" count="2"/>
        <line num="390" type="stmt" count="5"/>
        <line num="391" type="stmt" count="5"/>
        <line num="396" type="method" name="getLimitedDate" visibility="protected" complexity="1" crap="1" count="2"/>
        <line num="398" type="stmt" count="2"/>
        <metrics loc="400" ncloc="306" classes="1" methods="10" coveredmethods="5" conditionals="0" coveredconditionals="0" statements="159" coveredstatements="135" elements="169" coveredelements="140"/>
      </file>
      <file name="/opt/project/bo/DailyRaceMeetings.php">
        <class name="Bo\DailyRaceMeetings" namespace="Bo" fullPackage="Bo" package="Bo">
          <metrics complexity="15" methods="5" coveredmethods="5" conditionals="0" coveredconditionals="0" statements="8" coveredstatements="8" elements="13" coveredelements="13"/>
        </class>
        <line num="24" type="method" name="getDataProvider" visibility="protected" complexity="1" crap="1" count="1"/>
        <line num="26" type="stmt" count="1"/>
        <line num="33" type="method" name="getRaceCardsRunnersBo" visibility="protected" complexity="1" crap="1" count="1"/>
        <line num="35" type="stmt" count="1"/>
        <line num="41" type="method" name="getModelRaceInstance" visibility="protected" complexity="1" crap="1" count="1"/>
        <line num="43" type="stmt" count="1"/>
        <line num="51" type="method" name="getMeetings" visibility="public" complexity="11" crap="11" count="1"/>
        <line num="53" type="stmt" count="1"/>
        <line num="55" type="stmt" count="1"/>
        <line num="56" type="stmt" count="1"/>
        <line num="57" type="method" name="anonymousFunction:57#185" complexity="1" crap="1" count="1"/>
        <line num="58" type="stmt" count="1"/>
        <line num="59" type="stmt" count="1"/>
        <line num="60" type="stmt" count="1"/>
        <line num="63" type="stmt" count="1"/>
        <line num="64" type="stmt" count="0"/>
        <line num="69" type="stmt" count="1"/>
        <line num="72" type="stmt" count="1"/>
        <line num="73" type="stmt" count="1"/>
        <line num="74" type="stmt" count="1"/>
        <line num="75" type="stmt" count="1"/>
        <line num="76" type="stmt" count="1"/>
        <line num="77" type="stmt" count="1"/>
        <line num="80" type="stmt" count="1"/>
        <line num="81" type="stmt" count="1"/>
        <line num="82" type="stmt" count="1"/>
        <line num="88" type="stmt" count="1"/>
        <line num="89" type="stmt" count="1"/>
        <line num="90" type="stmt" count="1"/>
        <line num="91" type="stmt" count="1"/>
        <line num="92" type="stmt" count="1"/>
        <line num="94" type="stmt" count="1"/>
        <line num="95" type="stmt" count="0"/>
        <line num="96" type="stmt" count="0"/>
        <line num="97" type="stmt" count="0"/>
        <line num="98" type="stmt" count="0"/>
        <line num="101" type="stmt" count="1"/>
        <line num="102" type="stmt" count="1"/>
        <line num="104" type="stmt" count="1"/>
        <line num="106" type="stmt" count="1"/>
        <line num="109" type="stmt" count="1"/>
        <line num="111" type="stmt" count="1"/>
        <line num="112" type="stmt" count="1"/>
        <line num="113" type="stmt" count="1"/>
        <line num="116" type="stmt" count="1"/>
        <line num="120" type="stmt" count="1"/>
        <line num="121" type="stmt" count="1"/>
        <line num="123" type="stmt" count="1"/>
        <line num="124" type="stmt" count="1"/>
        <line num="127" type="stmt" count="1"/>
        <metrics loc="129" ncloc="88" classes="1" methods="5" coveredmethods="5" conditionals="0" coveredconditionals="0" statements="45" coveredstatements="40" elements="50" coveredelements="45"/>
      </file>
      <file name="/opt/project/bo/DrawAnalyser.php">
        <class name="Bo\DrawAnalyser" namespace="Bo">
          <metrics complexity="18" methods="3" coveredmethods="3" conditionals="0" coveredconditionals="0" statements="42" coveredstatements="42" elements="45" coveredelements="45"/>
        </class>
        <line num="27" type="method" name="__construct" visibility="public" complexity="3" crap="3" count="7"/>
        <line num="29" type="stmt" count="7"/>
        <line num="30" type="stmt" count="1"/>
        <line num="33" type="stmt" count="6"/>
        <line num="34" type="stmt" count="6"/>
        <line num="64" type="method" name="getRace" visibility="public" complexity="11" crap="11" count="3"/>
        <line num="66" type="stmt" count="3"/>
        <line num="67" type="stmt" count="3"/>
        <line num="70" type="stmt" count="3"/>
        <line num="71" type="stmt" count="3"/>
        <line num="73" type="stmt" count="3"/>
        <line num="74" type="stmt" count="3"/>
        <line num="76" type="stmt" count="3"/>
        <line num="77" type="stmt" count="3"/>
        <line num="78" type="stmt" count="3"/>
        <line num="79" type="stmt" count="3"/>
        <line num="80" type="stmt" count="3"/>
        <line num="81" type="stmt" count="3"/>
        <line num="82" type="stmt" count="3"/>
        <line num="83" type="stmt" count="3"/>
        <line num="85" type="stmt" count="3"/>
        <line num="86" type="stmt" count="3"/>
        <line num="87" type="stmt" count="3"/>
        <line num="88" type="stmt" count="3"/>
        <line num="89" type="stmt" count="3"/>
        <line num="90" type="stmt" count="3"/>
        <line num="91" type="stmt" count="3"/>
        <line num="93" type="stmt" count="3"/>
        <line num="94" type="stmt" count="3"/>
        <line num="95" type="stmt" count="3"/>
        <line num="96" type="stmt" count="3"/>
        <line num="97" type="stmt" count="3"/>
        <line num="98" type="stmt" count="3"/>
        <line num="100" type="stmt" count="3"/>
        <line num="101" type="stmt" count="3"/>
        <line num="102" type="stmt" count="3"/>
        <line num="103" type="stmt" count="3"/>
        <line num="104" type="stmt" count="3"/>
        <line num="105" type="stmt" count="3"/>
        <line num="109" type="stmt" count="3"/>
        <line num="111" type="stmt" count="3"/>
        <line num="120" type="method" name="getRunners" visibility="public" complexity="2" crap="2" count="6"/>
        <line num="122" type="stmt" count="6"/>
        <line num="123" type="stmt" count="6"/>
        <line num="126" type="stmt" count="6"/>
        <metrics loc="128" ncloc="91" classes="1" methods="3" coveredmethods="3" conditionals="0" coveredconditionals="0" statements="42" coveredstatements="42" elements="45" coveredelements="45"/>
      </file>
      <file name="/opt/project/bo/Form.php">
        <class name="Bo\Form" namespace="Bo" fullPackage="Bo" package="Bo">
          <metrics complexity="35" methods="2" coveredmethods="0" conditionals="0" coveredconditionals="0" statements="90" coveredstatements="80" elements="92" coveredelements="80"/>
        </class>
        <line num="34" type="method" name="getForm" visibility="public" complexity="23" crap="23.88" count="2"/>
        <line num="36" type="stmt" count="2"/>
        <line num="37" type="stmt" count="0"/>
        <line num="40" type="stmt" count="2"/>
        <line num="42" type="stmt" count="2"/>
        <line num="44" type="stmt" count="2"/>
        <line num="45" type="stmt" count="0"/>
        <line num="49" type="stmt" count="2"/>
        <line num="50" type="stmt" count="2"/>
        <line num="53" type="stmt" count="2"/>
        <line num="54" type="stmt" count="0"/>
        <line num="57" type="stmt" count="2"/>
        <line num="58" type="stmt" count="1"/>
        <line num="60" type="stmt" count="1"/>
        <line num="63" type="stmt" count="2"/>
        <line num="64" type="stmt" count="2"/>
        <line num="65" type="stmt" count="2"/>
        <line num="67" type="stmt" count="2"/>
        <line num="69" type="stmt" count="2"/>
        <line num="72" type="stmt" count="2"/>
        <line num="73" type="stmt" count="0"/>
        <line num="77" type="stmt" count="2"/>
        <line num="80" type="stmt" count="2"/>
        <line num="81" type="stmt" count="2"/>
        <line num="82" type="stmt" count="2"/>
        <line num="83" type="stmt" count="2"/>
        <line num="87" type="stmt" count="2"/>
        <line num="88" type="stmt" count="2"/>
        <line num="90" type="stmt" count="0"/>
        <line num="94" type="stmt" count="2"/>
        <line num="95" type="stmt" count="2"/>
        <line num="97" type="stmt" count="0"/>
        <line num="98" type="stmt" count="0"/>
        <line num="102" type="stmt" count="2"/>
        <line num="104" type="stmt" count="2"/>
        <line num="105" type="stmt" count="0"/>
        <line num="106" type="stmt" count="0"/>
        <line num="108" type="stmt" count="2"/>
        <line num="110" type="stmt" count="2"/>
        <line num="111" type="stmt" count="1"/>
        <line num="112" type="stmt" count="1"/>
        <line num="115" type="stmt" count="2"/>
        <line num="116" type="stmt" count="2"/>
        <line num="117" type="stmt" count="2"/>
        <line num="120" type="stmt" count="2"/>
        <line num="122" type="stmt" count="2"/>
        <line num="123" type="stmt" count="2"/>
        <line num="124" type="stmt" count="2"/>
        <line num="125" type="stmt" count="2"/>
        <line num="126" type="stmt" count="2"/>
        <line num="127" type="stmt" count="2"/>
        <line num="128" type="stmt" count="2"/>
        <line num="129" type="stmt" count="2"/>
        <line num="130" type="stmt" count="2"/>
        <line num="131" type="stmt" count="2"/>
        <line num="132" type="stmt" count="2"/>
        <line num="133" type="stmt" count="2"/>
        <line num="134" type="stmt" count="2"/>
        <line num="136" type="stmt" count="2"/>
        <line num="137" type="stmt" count="2"/>
        <line num="139" type="stmt" count="2"/>
        <line num="141" type="stmt" count="2"/>
        <line num="143" type="stmt" count="2"/>
        <line num="144" type="stmt" count="2"/>
        <line num="146" type="stmt" count="2"/>
        <line num="147" type="stmt" count="1"/>
        <line num="149" type="stmt" count="2"/>
        <line num="152" type="stmt" count="2"/>
        <line num="153" type="stmt" count="2"/>
        <line num="154" type="stmt" count="2"/>
        <line num="155" type="stmt" count="2"/>
        <line num="156" type="stmt" count="2"/>
        <line num="157" type="stmt" count="2"/>
        <line num="160" type="stmt" count="2"/>
        <line num="162" type="stmt" count="2"/>
        <line num="164" type="stmt" count="2"/>
        <line num="166" type="stmt" count="2"/>
        <line num="174" type="method" name="addSurfaceAndCategory" visibility="private" complexity="12" crap="12.05" count="2"/>
        <line num="176" type="stmt" count="2"/>
        <line num="177" type="stmt" count="2"/>
        <line num="180" type="stmt" count="2"/>
        <line num="181" type="stmt" count="0"/>
        <line num="184" type="stmt" count="2"/>
        <line num="186" type="stmt" count="2"/>
        <line num="187" type="stmt" count="2"/>
        <line num="188" type="stmt" count="2"/>
        <line num="191" type="stmt" count="2"/>
        <line num="195" type="stmt" count="2"/>
        <line num="196" type="stmt" count="2"/>
        <line num="198" type="stmt" count="2"/>
        <line num="200" type="stmt" count="2"/>
        <line num="204" type="stmt" count="2"/>
        <metrics loc="205" ncloc="150" classes="1" methods="2" coveredmethods="0" conditionals="0" coveredconditionals="0" statements="90" coveredstatements="80" elements="92" coveredelements="80"/>
      </file>
      <file name="/opt/project/bo/HeadToHead.php">
        <class name="Bo\HeadToHead" namespace="Bo">
          <metrics complexity="28" methods="7" coveredmethods="7" conditionals="0" coveredconditionals="0" statements="27" coveredstatements="27" elements="34" coveredelements="34"/>
        </class>
        <line num="24" type="method" name="__construct" visibility="public" complexity="1" crap="1" count="2"/>
        <line num="26" type="stmt" count="2"/>
        <line num="27" type="stmt" count="2"/>
        <line num="28" type="stmt" count="2"/>
        <line num="30" type="method" name="getHeadToHead" visibility="public" complexity="3" crap="3" count="2"/>
        <line num="32" type="stmt" count="2"/>
        <line num="33" type="stmt" count="2"/>
        <line num="35" type="stmt" count="2"/>
        <line num="42" type="method" name="getStatistics" visibility="public" complexity="7" crap="7" count="1"/>
        <line num="44" type="stmt" count="1"/>
        <line num="45" type="stmt" count="1"/>
        <line num="47" type="stmt" count="1"/>
        <line num="48" type="stmt" count="1"/>
        <line num="50" type="stmt" count="1"/>
        <line num="51" type="stmt" count="1"/>
        <line num="52" type="stmt" count="1"/>
        <line num="53" type="stmt" count="1"/>
        <line num="56" type="stmt" count="1"/>
        <line num="57" type="stmt" count="1"/>
        <line num="60" type="stmt" count="1"/>
        <line num="63" type="method" name="getEntries" visibility="public" complexity="2" crap="2" count="1"/>
        <line num="65" type="stmt" count="1"/>
        <line num="66" type="stmt" count="1"/>
        <line num="75" type="method" name="getRaceCardsStats" visibility="public" complexity="3" crap="3" count="1"/>
        <line num="77" type="stmt" count="1"/>
        <line num="78" type="stmt" count="1"/>
        <line num="80" type="stmt" count="1"/>
        <line num="93" type="method" name="calculateRaceCardStats" visibility="private" complexity="11" crap="11" count="1"/>
        <line num="95" type="stmt" count="1"/>
        <line num="96" type="stmt" count="1"/>
        <line num="97" type="stmt" count="1"/>
        <line num="99" type="method" name="anonymousFunction:99#542" complexity="1" crap="1" count="1"/>
        <line num="100" type="stmt" count="1"/>
        <line num="101" type="stmt" count="1"/>
        <line num="105" type="stmt" count="1"/>
        <line num="106" type="stmt" count="1"/>
        <line num="107" type="stmt" count="1"/>
        <line num="112" type="stmt" count="1"/>
        <line num="113" type="stmt" count="1"/>
        <line num="114" type="stmt" count="1"/>
        <line num="115" type="stmt" count="1"/>
        <line num="122" type="stmt" count="1"/>
        <line num="125" type="stmt" count="1"/>
        <line num="127" type="stmt" count="1"/>
        <line num="128" type="stmt" count="1"/>
        <line num="129" type="stmt" count="1"/>
        <line num="131" type="stmt" count="1"/>
        <line num="132" type="stmt" count="1"/>
        <line num="134" type="stmt" count="1"/>
        <line num="135" type="stmt" count="1"/>
        <line num="136" type="stmt" count="1"/>
        <line num="144" type="stmt" count="1"/>
        <line num="145" type="stmt" count="0"/>
        <line num="148" type="stmt" count="1"/>
        <line num="149" type="stmt" count="0"/>
        <line num="152" type="stmt" count="1"/>
        <line num="153" type="stmt" count="0"/>
        <line num="155" type="stmt" count="1"/>
        <line num="156" type="stmt" count="1"/>
        <line num="161" type="stmt" count="1"/>
        <line num="164" type="stmt" count="1"/>
        <metrics loc="166" ncloc="101" classes="1" methods="7" coveredmethods="7" conditionals="0" coveredconditionals="0" statements="54" coveredstatements="51" elements="61" coveredelements="58"/>
      </file>
      <file name="/opt/project/bo/HorseTracker.php">
        <class name="Bo\HorseTracker" namespace="Bo">
          <metrics complexity="5" methods="2" coveredmethods="2" conditionals="0" coveredconditionals="0" statements="3" coveredstatements="3" elements="5" coveredelements="5"/>
        </class>
        <line num="33" type="method" name="getEntries" visibility="public" complexity="2" crap="2" count="1"/>
        <line num="35" type="stmt" count="1"/>
        <line num="36" type="stmt" count="1"/>
        <line num="39" type="method" name="getHorsesByUser" visibility="public" complexity="1" crap="1" count="2"/>
        <line num="41" type="stmt" count="2"/>
        <metrics loc="43" ncloc="27" classes="1" methods="2" coveredmethods="2" conditionals="0" coveredconditionals="0" statements="3" coveredstatements="3" elements="5" coveredelements="5"/>
      </file>
      <file name="/opt/project/bo/LastYearRaces.php">
        <class name="Bo\LastYearRaces" namespace="Bo" fullPackage="Bo" package="Bo">
          <metrics complexity="11" methods="8" coveredmethods="6" conditionals="0" coveredconditionals="0" statements="15" coveredstatements="13" elements="23" coveredelements="19"/>
        </class>
        <line num="39" type="method" name="__construct" visibility="public" complexity="3" crap="3.03" count="5"/>
        <line num="41" type="stmt" count="5"/>
        <line num="42" type="stmt" count="0"/>
        <line num="44" type="stmt" count="5"/>
        <line num="46" type="stmt" count="5"/>
        <line num="47" type="stmt" count="5"/>
        <line num="49" type="stmt" count="5"/>
        <line num="50" type="stmt" count="5"/>
        <line num="55" type="method" name="setDataProvider" visibility="protected" complexity="1" crap="1" count="5"/>
        <line num="57" type="stmt" count="5"/>
        <line num="58" type="stmt" count="5"/>
        <line num="63" type="method" name="getDataProvider" visibility="protected" complexity="1" crap="1" count="5"/>
        <line num="65" type="stmt" count="5"/>
        <line num="71" type="method" name="createDataProvider" visibility="protected" complexity="1" crap="1" count="5"/>
        <line num="73" type="stmt" count="5"/>
        <line num="82" type="method" name="getPastRacesGrouped" visibility="public" complexity="1" crap="2" count="0"/>
        <line num="84" type="stmt" count="0"/>
        <line num="93" type="method" name="getPastRacesIDs" visibility="public" complexity="1" crap="1" count="3"/>
        <line num="95" type="stmt" count="3"/>
        <line num="104" type="method" name="getPastRacesSQL" visibility="public" complexity="1" crap="1" count="2"/>
        <line num="106" type="stmt" count="2"/>
        <line num="114" type="method" name="getLimit" visibility="private" complexity="2" crap="2" count="5"/>
        <line num="116" type="stmt" count="5"/>
        <metrics loc="118" ncloc="62" classes="1" methods="8" coveredmethods="6" conditionals="0" coveredconditionals="0" statements="15" coveredstatements="13" elements="23" coveredelements="19"/>
      </file>
      <file name="/opt/project/bo/LookupTable.php">
        <class name="Bo\LookupTable" namespace="Bo">
          <metrics complexity="20" methods="13" coveredmethods="10" conditionals="0" coveredconditionals="0" statements="13" coveredstatements="10" elements="26" coveredelements="20"/>
        </class>
        <line num="20" type="method" name="getGoingTypeTable" visibility="public" complexity="1" crap="1" count="1"/>
        <line num="22" type="stmt" count="1"/>
        <line num="38" type="method" name="getAdditionalCourseInfoTable" visibility="public" complexity="1" crap="1" count="2"/>
        <line num="40" type="stmt" count="2"/>
        <line num="56" type="method" name="getRaceTypeTable" visibility="public" complexity="1" crap="1" count="1"/>
        <line num="58" type="stmt" count="1"/>
        <line num="84" type="method" name="getCourseTypeTable" visibility="public" complexity="1" crap="1" count="1"/>
        <line num="86" type="stmt" count="1"/>
        <line num="92" type="method" name="getRaceOutcomeTable" visibility="public" complexity="1" crap="1" count="1"/>
        <line num="94" type="stmt" count="1"/>
        <line num="110" type="method" name="getCountryTable" visibility="public" complexity="1" crap="1" count="1"/>
        <line num="112" type="stmt" count="1"/>
        <line num="129" type="method" name="getHorseColourTable" visibility="public" complexity="1" crap="1" count="1"/>
        <line num="131" type="stmt" count="1"/>
        <line num="137" type="method" name="getModelHorseSex" visibility="protected" complexity="1" crap="2" count="0"/>
        <line num="139" type="stmt" count="0"/>
        <line num="145" type="method" name="getHorseSexTable" visibility="public" complexity="1" crap="1" count="1"/>
        <line num="147" type="stmt" count="1"/>
        <line num="153" type="method" name="getMeetingColoursLookupTable" visibility="public" complexity="1" crap="1" count="1"/>
        <line num="155" type="stmt" count="1"/>
        <line num="161" type="method" name="getModelMeetingColoursLookup" visibility="protected" complexity="1" crap="2" count="0"/>
        <line num="163" type="stmt" count="0"/>
        <line num="169" type="method" name="getModelOdds" visibility="protected" complexity="1" crap="2" count="0"/>
        <line num="171" type="stmt" count="0"/>
        <line num="177" type="method" name="getOddsTable" visibility="public" complexity="1" crap="1" count="1"/>
        <line num="179" type="stmt" count="1"/>
        <metrics loc="181" ncloc="106" classes="1" methods="13" coveredmethods="10" conditionals="0" coveredconditionals="0" statements="13" coveredstatements="10" elements="26" coveredelements="20"/>
      </file>
      <file name="/opt/project/bo/Predictor.php">
        <class name="Bo\Predictor" namespace="Bo" fullPackage="Bo" package="Bo">
          <metrics complexity="100" methods="27" coveredmethods="16" conditionals="0" coveredconditionals="0" statements="236" coveredstatements="201" elements="263" coveredelements="217"/>
        </class>
        <line num="105" type="method" name="__construct" visibility="public" complexity="3" crap="3.14" count="4"/>
        <line num="107" type="stmt" count="4"/>
        <line num="108" type="stmt" count="0"/>
        <line num="111" type="stmt" count="4"/>
        <line num="112" type="stmt" count="4"/>
        <line num="117" type="method" name="getDataProvider" visibility="protected" complexity="2" crap="2" count="4"/>
        <line num="119" type="stmt" count="4"/>
        <line num="120" type="stmt" count="4"/>
        <line num="123" type="stmt" count="4"/>
        <line num="133" type="method" name="calculatePredictorData" visibility="private" complexity="5" crap="5" count="4"/>
        <line num="135" type="stmt" count="4"/>
        <line num="137" type="stmt" count="4"/>
        <line num="138" type="stmt" count="4"/>
        <line num="140" type="stmt" count="4"/>
        <line num="142" type="stmt" count="4"/>
        <line num="145" type="stmt" count="4"/>
        <line num="155" type="method" name="getRace" visibility="public" complexity="5" crap="5.31" count="4"/>
        <line num="157" type="stmt" count="4"/>
        <line num="158" type="stmt" count="4"/>
        <line num="159" type="stmt" count="4"/>
        <line num="162" type="stmt" count="4"/>
        <line num="164" type="stmt" count="4"/>
        <line num="165" type="stmt" count="0"/>
        <line num="166" type="stmt" count="0"/>
        <line num="167" type="stmt" count="0"/>
        <line num="169" type="stmt" count="4"/>
        <line num="172" type="stmt" count="4"/>
        <line num="173" type="stmt" count="4"/>
        <line num="174" type="stmt" count="4"/>
        <line num="177" type="stmt" count="4"/>
        <line num="180" type="method" name="validateRace" visibility="private" complexity="2" crap="2" count="4"/>
        <line num="182" type="stmt" count="4"/>
        <line num="183" type="stmt" count="3"/>
        <line num="185" type="stmt" count="4"/>
        <line num="192" type="method" name="validateCountryAndStatus" visibility="public" complexity="4" crap="6.74" count="3"/>
        <line num="194" type="stmt" count="3"/>
        <line num="195" type="stmt" count="0"/>
        <line num="197" type="stmt" count="3"/>
        <line num="198" type="stmt" count="0"/>
        <line num="201" type="stmt" count="3"/>
        <line num="202" type="stmt" count="0"/>
        <line num="203" type="stmt" count="0"/>
        <line num="204" type="stmt" count="0"/>
        <line num="206" type="stmt" count="3"/>
        <line num="211" type="method" name="setRaceValidators" visibility="public" complexity="3" crap="3.58" count="1"/>
        <line num="213" type="stmt" count="1"/>
        <line num="214" type="stmt" count="0"/>
        <line num="215" type="stmt" count="0"/>
        <line num="218" type="stmt" count="1"/>
        <line num="219" type="stmt" count="1"/>
        <line num="227" type="method" name="getHorses" visibility="private" complexity="3" crap="3.03" count="4"/>
        <line num="229" type="stmt" count="4"/>
        <line num="230" type="stmt" count="4"/>
        <line num="233" type="stmt" count="4"/>
        <line num="234" type="stmt" count="4"/>
        <line num="235" type="stmt" count="0"/>
        <line num="238" type="stmt" count="4"/>
        <line num="240" type="stmt" count="4"/>
        <line num="249" type="method" name="getPostData" visibility="private" complexity="3" crap="3.07" count="4"/>
        <line num="251" type="stmt" count="4"/>
        <line num="252" type="stmt" count="4"/>
        <line num="254" type="stmt" count="4"/>
        <line num="255" type="stmt" count="0"/>
        <line num="259" type="stmt" count="4"/>
        <line num="269" type="method" name="getPostDataByHorse" visibility="private" complexity="3" crap="3" count="4"/>
        <line num="271" type="stmt" count="4"/>
        <line num="272" type="stmt" count="4"/>
        <line num="276" type="stmt" count="4"/>
        <line num="277" type="stmt" count="4"/>
        <line num="278" type="stmt" count="4"/>
        <line num="279" type="stmt" count="4"/>
        <line num="281" type="stmt" count="4"/>
        <line num="283" type="stmt" count="4"/>
        <line num="284" type="stmt" count="4"/>
        <line num="287" type="stmt" count="4"/>
        <line num="293" type="method" name="keepResolveData" visibility="private" complexity="2" crap="2" count="4"/>
        <line num="295" type="stmt" count="4"/>
        <line num="296" type="stmt" count="4"/>
        <line num="297" type="stmt" count="4"/>
        <line num="298" type="stmt" count="4"/>
        <line num="299" type="stmt" count="4"/>
        <line num="302" type="stmt" count="4"/>
        <line num="309" type="method" name="eliminateNonRunners" visibility="private" complexity="6" crap="6.97" count="4"/>
        <line num="311" type="stmt" count="4"/>
        <line num="313" type="stmt" count="4"/>
        <line num="314" type="stmt" count="4"/>
        <line num="315" type="stmt" count="4"/>
        <line num="316" type="stmt" count="0"/>
        <line num="317" type="stmt" count="0"/>
        <line num="318" type="stmt" count="0"/>
        <line num="321" type="stmt" count="4"/>
        <line num="322" type="stmt" count="4"/>
        <line num="326" type="stmt" count="4"/>
        <line num="340" type="method" name="eliminateDebutants" visibility="private" complexity="13" crap="51.11" count="4"/>
        <line num="343" type="stmt" count="4"/>
        <line num="344" type="stmt" count="4"/>
        <line num="345" type="stmt" count="4"/>
        <line num="346" type="stmt" count="4"/>
        <line num="347" type="stmt" count="4"/>
        <line num="351" type="stmt" count="4"/>
        <line num="352" type="stmt" count="4"/>
        <line num="353" type="stmt" count="0"/>
        <line num="354" type="stmt" count="0"/>
        <line num="355" type="stmt" count="0"/>
        <line num="356" type="stmt" count="0"/>
        <line num="357" type="stmt" count="0"/>
        <line num="359" type="stmt" count="0"/>
        <line num="360" type="stmt" count="0"/>
        <line num="363" type="stmt" count="0"/>
        <line num="364" type="stmt" count="0"/>
        <line num="365" type="stmt" count="0"/>
        <line num="366" type="stmt" count="0"/>
        <line num="373" type="stmt" count="4"/>
        <line num="374" type="stmt" count="0"/>
        <line num="375" type="stmt" count="0"/>
        <line num="376" type="stmt" count="0"/>
        <line num="380" type="stmt" count="4"/>
        <line num="389" type="method" name="defineVariablesForSingleHorse" visibility="private" complexity="2" crap="2" count="4"/>
        <line num="392" type="stmt" count="4"/>
        <line num="394" type="stmt" count="4"/>
        <line num="396" type="stmt" count="4"/>
        <line num="397" type="stmt" count="4"/>
        <line num="398" type="stmt" count="4"/>
        <line num="400" type="stmt" count="4"/>
        <line num="401" type="stmt" count="4"/>
        <line num="402" type="stmt" count="4"/>
        <line num="404" type="stmt" count="4"/>
        <line num="405" type="stmt" count="4"/>
        <line num="406" type="stmt" count="4"/>
        <line num="408" type="stmt" count="4"/>
        <line num="409" type="stmt" count="4"/>
        <line num="410" type="stmt" count="4"/>
        <line num="412" type="stmt" count="4"/>
        <line num="413" type="stmt" count="4"/>
        <line num="414" type="stmt" count="4"/>
        <line num="416" type="stmt" count="4"/>
        <line num="417" type="stmt" count="4"/>
        <line num="418" type="stmt" count="4"/>
        <line num="419" type="stmt" count="4"/>
        <line num="421" type="stmt" count="4"/>
        <line num="422" type="stmt" count="4"/>
        <line num="423" type="stmt" count="4"/>
        <line num="424" type="stmt" count="4"/>
        <line num="425" type="stmt" count="4"/>
        <line num="426" type="stmt" count="4"/>
        <line num="430" type="stmt" count="4"/>
        <line num="431" type="stmt" count="4"/>
        <line num="432" type="stmt" count="4"/>
        <line num="436" type="stmt" count="4"/>
        <line num="441" type="stmt" count="4"/>
        <line num="442" type="stmt" count="4"/>
        <line num="445" type="stmt" count="4"/>
        <line num="446" type="stmt" count="4"/>
        <line num="447" type="stmt" count="4"/>
        <line num="449" type="stmt" count="4"/>
        <line num="460" type="method" name="variableWeight" visibility="private" complexity="2" crap="2" count="4"/>
        <line num="462" type="stmt" count="4"/>
        <line num="463" type="stmt" count="4"/>
        <line num="464" type="stmt" count="4"/>
        <line num="466" type="stmt" count="4"/>
        <line num="468" type="stmt" count="4"/>
        <line num="480" type="method" name="defineGoing" visibility="private" complexity="3" crap="3.07" count="4"/>
        <line num="482" type="stmt" count="4"/>
        <line num="483" type="stmt" count="4"/>
        <line num="484" type="stmt" count="4"/>
        <line num="486" type="stmt" count="4"/>
        <line num="488" type="stmt" count="0"/>
        <line num="501" type="method" name="defineDistance" visibility="private" complexity="6" crap="6" count="4"/>
        <line num="503" type="stmt" count="4"/>
        <line num="504" type="stmt" count="4"/>
        <line num="507" type="stmt" count="4"/>
        <line num="508" type="stmt" count="4"/>
        <line num="509" type="stmt" count="4"/>
        <line num="511" type="stmt" count="2"/>
        <line num="513" type="stmt" count="2"/>
        <line num="524" type="method" name="defineGroup" visibility="private" complexity="2" crap="2" count="4"/>
        <line num="526" type="stmt" count="4"/>
        <line num="527" type="stmt" count="4"/>
        <line num="538" type="method" name="defineFirstTimeBlinkers" visibility="protected" complexity="2" crap="2" count="4"/>
        <line num="540" type="stmt" count="4"/>
        <line num="541" type="stmt" count="4"/>
        <line num="543" type="stmt" count="3"/>
        <line num="553" type="method" name="getPointsData" visibility="public" complexity="7" crap="7.02" count="4"/>
        <line num="555" type="stmt" count="4"/>
        <line num="556" type="stmt" count="4"/>
        <line num="557" type="stmt" count="0"/>
        <line num="559" type="stmt" count="4"/>
        <line num="561" type="stmt" count="4"/>
        <line num="562" type="stmt" count="4"/>
        <line num="564" type="stmt" count="4"/>
        <line num="565" type="stmt" count="4"/>
        <line num="566" type="stmt" count="4"/>
        <line num="567" type="stmt" count="4"/>
        <line num="568" type="stmt" count="4"/>
        <line num="569" type="stmt" count="4"/>
        <line num="572" type="stmt" count="4"/>
        <line num="574" type="stmt" count="4"/>
        <line num="575" type="stmt" count="4"/>
        <line num="576" type="stmt" count="4"/>
        <line num="577" type="stmt" count="4"/>
        <line num="578" type="stmt" count="4"/>
        <line num="581" type="stmt" count="4"/>
        <line num="582" type="stmt" count="4"/>
        <line num="583" type="stmt" count="4"/>
        <line num="584" type="stmt" count="4"/>
        <line num="588" type="stmt" count="4"/>
        <line num="589" type="stmt" count="4"/>
        <line num="590" type="stmt" count="0"/>
        <line num="592" type="stmt" count="4"/>
        <line num="597" type="method" name="anonymousFunction:597#3003" complexity="1" crap="1" count="4"/>
        <line num="598" type="stmt" count="4"/>
        <line num="599" type="stmt" count="4"/>
        <line num="600" type="stmt" count="4"/>
        <line num="612" type="method" name="resolveEqualPoints" visibility="private" complexity="2" crap="2" count="4"/>
        <line num="614" type="stmt" count="4"/>
        <line num="616" type="stmt" count="4"/>
        <line num="617" type="stmt" count="3"/>
        <line num="618" type="stmt" count="3"/>
        <line num="620" type="stmt" count="4"/>
        <line num="630" type="method" name="resolvePair" visibility="private" complexity="8" crap="8.04" count="3"/>
        <line num="632" type="stmt" count="3"/>
        <line num="633" type="stmt" count="3"/>
        <line num="634" type="stmt" count="3"/>
        <line num="635" type="stmt" count="3"/>
        <line num="638" type="stmt" count="3"/>
        <line num="639" type="stmt" count="3"/>
        <line num="640" type="stmt" count="3"/>
        <line num="641" type="stmt" count="3"/>
        <line num="642" type="stmt" count="3"/>
        <line num="646" type="stmt" count="3"/>
        <line num="647" type="stmt" count="1"/>
        <line num="648" type="stmt" count="1"/>
        <line num="649" type="stmt" count="3"/>
        <line num="650" type="stmt" count="2"/>
        <line num="654" type="stmt" count="3"/>
        <line num="655" type="stmt" count="3"/>
        <line num="656" type="stmt" count="3"/>
        <line num="657" type="stmt" count="0"/>
        <line num="658" type="stmt" count="3"/>
        <line num="659" type="stmt" count="3"/>
        <line num="660" type="stmt" count="0"/>
        <line num="662" type="stmt" count="3"/>
        <line num="665" type="stmt" count="3"/>
        <line num="675" type="method" name="removeValueFromArray" visibility="private" complexity="1" crap="1" count="3"/>
        <line num="677" type="stmt" count="3"/>
        <line num="678" type="stmt" count="3"/>
        <line num="689" type="method" name="compareResolveData" visibility="private" complexity="4" crap="4" count="3"/>
        <line num="691" type="stmt" count="3"/>
        <line num="692" type="stmt" count="3"/>
        <line num="693" type="stmt" count="3"/>
        <line num="694" type="stmt" count="3"/>
        <line num="695" type="stmt" count="3"/>
        <line num="696" type="stmt" count="3"/>
        <line num="698" type="stmt" count="3"/>
        <line num="709" type="method" name="getEqualPairsByPoints" visibility="private" complexity="5" crap="5" count="4"/>
        <line num="711" type="stmt" count="4"/>
        <line num="713" type="stmt" count="4"/>
        <line num="714" type="stmt" count="4"/>
        <line num="715" type="stmt" count="4"/>
        <line num="716" type="stmt" count="4"/>
        <line num="718" type="stmt" count="3"/>
        <line num="723" type="stmt" count="4"/>
        <line num="734" type="method" name="sortResults" visibility="private" complexity="1" crap="1" count="4"/>
        <line num="736" type="stmt" count="4"/>
        <metrics loc="738" ncloc="524" classes="1" methods="27" coveredmethods="16" conditionals="0" coveredconditionals="0" statements="237" coveredstatements="202" elements="264" coveredelements="218"/>
      </file>
      <file name="/opt/project/bo/Profile.php">
        <class name="Bo\Profile" namespace="Bo" fullPackage="Bo" package="Bo">
          <metrics complexity="11" methods="3" coveredmethods="3" conditionals="0" coveredconditionals="0" statements="24" coveredstatements="24" elements="27" coveredelements="27"/>
        </class>
        <line num="28" type="method" name="initByModel" visibility="public" complexity="1" crap="1" count="18"/>
        <line num="30" type="stmt" count="18"/>
        <line num="32" type="stmt" count="18"/>
        <line num="33" type="stmt" count="18"/>
        <line num="35" type="stmt" count="18"/>
        <line num="43" type="method" name="getSeasonInfoWithDateRange" visibility="public" complexity="7" crap="7" count="3"/>
        <line num="45" type="stmt" count="3"/>
        <line num="46" type="stmt" count="3"/>
        <line num="47" type="stmt" count="3"/>
        <line num="48" type="stmt" count="3"/>
        <line num="49" type="stmt" count="3"/>
        <line num="50" type="stmt" count="3"/>
        <line num="54" type="stmt" count="3"/>
        <line num="55" type="stmt" count="3"/>
        <line num="56" type="stmt" count="3"/>
        <line num="57" type="stmt" count="3"/>
        <line num="58" type="stmt" count="3"/>
        <line num="61" type="stmt" count="3"/>
        <line num="62" type="stmt" count="3"/>
        <line num="64" type="stmt" count="3"/>
        <line num="70" type="method" name="getModelSelectorsForMan" visibility="protected" complexity="2" crap="2" count="15"/>
        <line num="72" type="stmt" count="15"/>
        <line num="74" type="stmt" count="15"/>
        <line num="75" type="stmt" count="3"/>
        <line num="76" type="stmt" count="3"/>
        <line num="77" type="stmt" count="3"/>
        <line num="80" type="stmt" count="15"/>
        <metrics loc="82" ncloc="62" classes="1" methods="3" coveredmethods="3" conditionals="0" coveredconditionals="0" statements="24" coveredstatements="24" elements="27" coveredelements="27"/>
      </file>
      <file name="/opt/project/bo/RaceCards.php">
        <class name="Bo\RaceCards" namespace="Bo" fullPackage="Bo" package="Bo">
          <metrics complexity="360" methods="56" coveredmethods="30" conditionals="0" coveredconditionals="0" statements="731" coveredstatements="619" elements="787" coveredelements="649"/>
        </class>
        <line num="92" type="method" name="__construct" visibility="public" complexity="1" crap="1" count="56"/>
        <line num="94" type="stmt" count="56"/>
        <line num="95" type="stmt" count="56"/>
        <line num="245" type="method" name="getTodaysTrainers" visibility="public" complexity="1" crap="1" count="1"/>
        <line num="247" type="stmt" count="1"/>
        <line num="253" type="method" name="getTodaysJockeys" visibility="public" complexity="1" crap="1" count="1"/>
        <line num="255" type="stmt" count="1"/>
        <line num="262" type="method" name="getBettingForecast" visibility="public" complexity="2" crap="2.03" count="1"/>
        <line num="264" type="stmt" count="1"/>
        <line num="266" type="stmt" count="1"/>
        <line num="267" type="stmt" count="0"/>
        <line num="270" type="stmt" count="1"/>
        <line num="272" type="stmt" count="1"/>
        <line num="278" type="method" name="getPressChallenge" visibility="public" complexity="1" crap="1" count="2"/>
        <line num="280" type="stmt" count="2"/>
        <line num="287" type="method" name="getStats" visibility="public" complexity="27" crap="27.22" count="2"/>
        <line num="289" type="stmt" count="2"/>
        <line num="290" type="stmt" count="2"/>
        <line num="293" type="stmt" count="2"/>
        <line num="294" type="stmt" count="0"/>
        <line num="297" type="stmt" count="2"/>
        <line num="298" type="stmt" count="2"/>
        <line num="299" type="stmt" count="2"/>
        <line num="300" type="stmt" count="2"/>
        <line num="301" type="stmt" count="2"/>
        <line num="302" type="stmt" count="2"/>
        <line num="304" type="stmt" count="2"/>
        <line num="305" type="stmt" count="2"/>
        <line num="307" type="stmt" count="2"/>
        <line num="308" type="stmt" count="2"/>
        <line num="309" type="stmt" count="2"/>
        <line num="310" type="stmt" count="2"/>
        <line num="312" type="stmt" count="2"/>
        <line num="314" type="stmt" count="2"/>
        <line num="315" type="stmt" count="0"/>
        <line num="316" type="stmt" count="2"/>
        <line num="317" type="stmt" count="2"/>
        <line num="318" type="stmt" count="2"/>
        <line num="321" type="stmt" count="2"/>
        <line num="322" type="stmt" count="2"/>
        <line num="323" type="stmt" count="2"/>
        <line num="327" type="stmt" count="2"/>
        <line num="328" type="stmt" count="0"/>
        <line num="329" type="stmt" count="2"/>
        <line num="330" type="stmt" count="2"/>
        <line num="331" type="stmt" count="2"/>
        <line num="332" type="stmt" count="2"/>
        <line num="336" type="stmt" count="2"/>
        <line num="337" type="stmt" count="0"/>
        <line num="338" type="stmt" count="2"/>
        <line num="339" type="stmt" count="2"/>
        <line num="340" type="stmt" count="2"/>
        <line num="343" type="stmt" count="2"/>
        <line num="344" type="stmt" count="2"/>
        <line num="345" type="stmt" count="2"/>
        <line num="349" type="stmt" count="2"/>
        <line num="350" type="stmt" count="0"/>
        <line num="351" type="stmt" count="2"/>
        <line num="352" type="stmt" count="2"/>
        <line num="353" type="stmt" count="2"/>
        <line num="354" type="stmt" count="2"/>
        <line num="358" type="stmt" count="2"/>
        <line num="359" type="stmt" count="0"/>
        <line num="360" type="stmt" count="2"/>
        <line num="361" type="stmt" count="2"/>
        <line num="362" type="stmt" count="2"/>
        <line num="365" type="stmt" count="2"/>
        <line num="368" type="stmt" count="2"/>
        <line num="369" type="stmt" count="0"/>
        <line num="370" type="stmt" count="2"/>
        <line num="371" type="stmt" count="2"/>
        <line num="372" type="stmt" count="2"/>
        <line num="375" type="stmt" count="2"/>
        <line num="376" type="stmt" count="2"/>
        <line num="379" type="stmt" count="2"/>
        <line num="380" type="stmt" count="0"/>
        <line num="381" type="stmt" count="2"/>
        <line num="382" type="stmt" count="2"/>
        <line num="383" type="stmt" count="2"/>
        <line num="386" type="stmt" count="2"/>
        <line num="389" type="stmt" count="2"/>
        <line num="390" type="stmt" count="2"/>
        <line num="391" type="stmt" count="2"/>
        <line num="392" type="stmt" count="2"/>
        <line num="394" type="stmt" count="2"/>
        <line num="395" type="stmt" count="2"/>
        <line num="396" type="stmt" count="2"/>
        <line num="397" type="stmt" count="2"/>
        <line num="398" type="stmt" count="2"/>
        <line num="399" type="stmt" count="2"/>
        <line num="400" type="stmt" count="2"/>
        <line num="401" type="stmt" count="1"/>
        <line num="402" type="stmt" count="2"/>
        <line num="403" type="stmt" count="2"/>
        <line num="404" type="stmt" count="2"/>
        <line num="405" type="stmt" count="2"/>
        <line num="407" type="stmt" count="2"/>
        <line num="409" type="stmt" count="2"/>
        <line num="411" type="stmt" count="2"/>
        <line num="412" type="stmt" count="2"/>
        <line num="413" type="stmt" count="2"/>
        <line num="414" type="stmt" count="2"/>
        <line num="415" type="stmt" count="2"/>
        <line num="416" type="stmt" count="2"/>
        <line num="417" type="stmt" count="2"/>
        <line num="418" type="stmt" count="2"/>
        <line num="419" type="stmt" count="2"/>
        <line num="421" type="stmt" count="2"/>
        <line num="422" type="stmt" count="2"/>
        <line num="423" type="stmt" count="2"/>
        <line num="424" type="stmt" count="2"/>
        <line num="425" type="stmt" count="2"/>
        <line num="426" type="stmt" count="2"/>
        <line num="427" type="stmt" count="2"/>
        <line num="428" type="stmt" count="2"/>
        <line num="431" type="stmt" count="2"/>
        <line num="433" type="stmt" count="2"/>
        <line num="434" type="stmt" count="2"/>
        <line num="435" type="stmt" count="2"/>
        <line num="436" type="stmt" count="2"/>
        <line num="437" type="stmt" count="2"/>
        <line num="438" type="stmt" count="2"/>
        <line num="439" type="stmt" count="2"/>
        <line num="440" type="stmt" count="2"/>
        <line num="441" type="stmt" count="2"/>
        <line num="443" type="stmt" count="2"/>
        <line num="444" type="stmt" count="2"/>
        <line num="445" type="stmt" count="2"/>
        <line num="446" type="stmt" count="2"/>
        <line num="447" type="stmt" count="2"/>
        <line num="448" type="stmt" count="2"/>
        <line num="449" type="stmt" count="2"/>
        <line num="450" type="stmt" count="2"/>
        <line num="453" type="stmt" count="2"/>
        <line num="455" type="stmt" count="2"/>
        <line num="462" type="method" name="getRaceCard" visibility="public" complexity="28" crap="34.27" count="2"/>
        <line num="464" type="stmt" count="2"/>
        <line num="465" type="stmt" count="2"/>
        <line num="466" type="stmt" count="0"/>
        <line num="469" type="stmt" count="2"/>
        <line num="470" type="stmt" count="2"/>
        <line num="472" type="stmt" count="2"/>
        <line num="473" type="stmt" count="1"/>
        <line num="476" type="stmt" count="2"/>
        <line num="477" type="stmt" count="2"/>
        <line num="478" type="stmt" count="2"/>
        <line num="479" type="stmt" count="2"/>
        <line num="480" type="stmt" count="0"/>
        <line num="481" type="stmt" count="0"/>
        <line num="485" type="stmt" count="2"/>
        <line num="486" type="stmt" count="2"/>
        <line num="487" type="method" name="anonymousFunction:487#3005" complexity="5" crap="5" count="2"/>
        <line num="488" type="stmt" count="2"/>
        <line num="489" type="stmt" count="2"/>
        <line num="490" type="stmt" count="1"/>
        <line num="491" type="stmt" count="2"/>
        <line num="494" type="stmt" count="2"/>
        <line num="495" type="stmt" count="2"/>
        <line num="498" type="stmt" count="2"/>
        <line num="499" type="stmt" count="2"/>
[...]
        </class>
        <line num="16" type="method" name="setTimestamp" visibility="protected" complexity="3" crap="3" count="6"/>
        <line num="19" type="stmt" count="6"/>
        <line num="20" type="stmt" count="5"/>
        <line num="22" type="stmt" count="5"/>
        <line num="23" type="stmt" count="3"/>
        <line num="24" type="stmt" count="3"/>
        <line num="25" type="stmt" count="3"/>
        <line num="29" type="stmt" count="3"/>
        <metrics loc="30" ncloc="21" classes="1" methods="1" coveredmethods="1" conditionals="0" coveredconditionals="0" statements="7" coveredstatements="7" elements="8" coveredelements="8"/>
      </file>
    </package>
    <package name="Api\Row\Methods\RaceCards">
      <file name="/opt/project/lib/Api/Row/Methods/RaceCards/GetSelectionType.php">
        <class name="GetSelectionType" namespace="Api\Row\Methods\RaceCards" fullPackage="Api" package="Api">
          <metrics complexity="4" methods="1" coveredmethods="1" conditionals="0" coveredconditionals="0" statements="10" coveredstatements="10" elements="11" coveredelements="11"/>
        </class>
        <line num="14" type="method" name="getSelectionType" visibility="public" complexity="4" crap="4" count="6"/>
        <line num="16" type="stmt" count="6"/>
        <line num="17" type="stmt" count="6"/>
        <line num="19" type="stmt" count="6"/>
        <line num="20" type="stmt" count="2"/>
        <line num="21" type="stmt" count="5"/>
        <line num="22" type="stmt" count="3"/>
        <line num="23" type="stmt" count="2"/>
        <line num="25" type="stmt" count="3"/>
        <line num="28" type="stmt" count="3"/>
        <line num="31" type="stmt" count="6"/>
        <metrics loc="33" ncloc="26" classes="1" methods="1" coveredmethods="1" conditionals="0" coveredconditionals="0" statements="10" coveredstatements="10" elements="11" coveredelements="11"/>
      </file>
      <file name="/opt/project/lib/Api/Row/Methods/RaceCards/PopulateLivestreamField.php">
        <class name="PopulateLivestreamField" namespace="Api\Row\Methods\RaceCards" fullPackage="Api" package="Api">
          <metrics complexity="2" methods="1" coveredmethods="1" conditionals="0" coveredconditionals="0" statements="4" coveredstatements="4" elements="5" coveredelements="5"/>
        </class>
        <line num="21" type="method" name="populateLivestreamField" visibility="public" complexity="2" crap="2" count="3"/>
        <line num="24" type="stmt" count="3"/>
        <line num="28" type="stmt" count="3"/>
        <line num="29" type="stmt" count="2"/>
        <line num="32" type="stmt" count="3"/>
        <metrics loc="34" ncloc="18" classes="1" methods="1" coveredmethods="1" conditionals="0" coveredconditionals="0" statements="4" coveredstatements="4" elements="5" coveredelements="5"/>
      </file>
    </package>
    <package name="Api\Row\Methods\SeasonalStatistics">
      <file name="/opt/project/lib/Api/Row/Methods/SeasonalStatistics/GetOverallPrizeMoney.php">
        <class name="GetOverallPrizeMoney" namespace="Api\Row\Methods\SeasonalStatistics">
          <metrics complexity="4" methods="1" coveredmethods="1" conditionals="0" coveredconditionals="0" statements="6" coveredstatements="6" elements="7" coveredelements="7"/>
        </class>
        <line num="13" type="method" name="getOverallPrizeMoney" visibility="public" complexity="4" crap="4" count="20"/>
        <line num="15" type="stmt" count="20"/>
        <line num="16" type="stmt" count="20"/>
        <line num="17" type="stmt" count="20"/>
        <line num="19" type="stmt" count="20"/>
        <line num="20" type="stmt" count="11"/>
        <line num="23" type="stmt" count="9"/>
        <metrics loc="25" ncloc="19" classes="1" methods="1" coveredmethods="1" conditionals="0" coveredconditionals="0" statements="6" coveredstatements="6" elements="7" coveredelements="7"/>
      </file>
    </package>
    <package name="Models">
      <file name="/opt/project/models/Selectors.php">
        <class name="Models\Selectors" namespace="Models" fullPackage="Models" package="Models">
          <metrics complexity="123" methods="45" coveredmethods="40" conditionals="0" coveredconditionals="0" statements="178" coveredstatements="171" elements="223" coveredelements="211"/>
        </class>
        <line num="683" type="method" name="getGoing" visibility="public" complexity="2" crap="2" count="2"/>
        <line num="685" type="stmt" count="2"/>
        <line num="686" type="stmt" count="1"/>
        <line num="689" type="stmt" count="1"/>
        <line num="697" type="method" name="getGoingKeys" visibility="public" complexity="1" crap="1" count="42"/>
        <line num="699" type="stmt" count="42"/>
        <line num="705" type="method" name="setDistance" visibility="public" complexity="1" crap="1" count="63"/>
        <line num="707" type="stmt" count="63"/>
        <line num="708" type="stmt" count="63"/>
        <line num="713" type="method" name="getDistance" visibility="public" complexity="1" crap="1" count="29"/>
        <line num="715" type="stmt" count="29"/>
        <line num="721" type="method" name="getDb" visibility="public" complexity="1" crap="1" count="37"/>
        <line num="723" type="stmt" count="37"/>
        <line num="729" type="method" name="setDb" visibility="public" complexity="1" crap="1" count="19"/>
        <line num="731" type="stmt" count="19"/>
        <line num="732" type="stmt" count="19"/>
        <line num="740" type="method" name="getSeasonDefaultTypeCodes" visibility="public" complexity="5" crap="5" count="4"/>
        <line num="742" type="stmt" count="4"/>
        <line num="743" type="method" name="anonymousFunction:743#3434" complexity="4" crap="4" count="4"/>
        <line num="744" type="stmt" count="4"/>
        <line num="745" type="stmt" count="4"/>
        <line num="746" type="stmt" count="2"/>
        <line num="748" type="stmt" count="4"/>
        <line num="751" type="stmt" count="4"/>
        <line num="753" type="stmt" count="4"/>
        <line num="755" type="stmt" count="4"/>
        <line num="756" type="stmt" count="2"/>
        <line num="759" type="stmt" count="2"/>
        <line num="768" type="method" name="getAvailableSeasonTypeCodes" visibility="public" complexity="5" crap="5" count="4"/>
        <line num="770" type="stmt" count="4"/>
        <line num="771" type="method" name="anonymousFunction:771#3598" complexity="4" crap="4" count="4"/>
        <line num="772" type="stmt" count="4"/>
        <line num="773" type="stmt" count="4"/>
        <line num="774" type="stmt" count="4"/>
        <line num="776" type="stmt" count="4"/>
        <line num="779" type="stmt" count="4"/>
        <line num="781" type="stmt" count="4"/>
        <line num="783" type="stmt" count="4"/>
        <line num="784" type="stmt" count="0"/>
        <line num="787" type="stmt" count="4"/>
        <line num="801" type="method" name="getSiresCategories" visibility="public" complexity="2" crap="2" count="7"/>
        <line num="803" type="stmt" count="7"/>
        <line num="804" type="stmt" count="6"/>
        <line num="805" type="stmt" count="2"/>
        <line num="808" type="stmt" count="4"/>
        <line num="817" type="method" name="getSurface" visibility="public" complexity="2" crap="2" count="6"/>
        <line num="819" type="stmt" count="6"/>
        <line num="820" type="stmt" count="4"/>
        <line num="823" type="stmt" count="2"/>
        <line num="829" type="method" name="getSurfaces" visibility="public" complexity="1" crap="1" count="24"/>
        <line num="831" type="stmt" count="24"/>
        <line num="840" type="method" name="getChampionship" visibility="public" complexity="2" crap="2" count="6"/>
        <line num="842" type="stmt" count="6"/>
        <line num="843" type="stmt" count="4"/>
        <line num="846" type="stmt" count="2"/>
        <line num="855" type="method" name="getStatisticsTypeCode" visibility="public" complexity="2" crap="2" count="7"/>
        <line num="857" type="stmt" count="7"/>
        <line num="858" type="stmt" count="4"/>
        <line num="861" type="stmt" count="3"/>
        <line num="867" type="method" name="getStatisticsTypeKeys" visibility="public" complexity="1" crap="1" count="1"/>
        <line num="869" type="stmt" count="1"/>
        <line num="878" type="method" name="getStatisticsTypeCodeKeys" visibility="public" complexity="2" crap="2" count="7"/>
        <line num="880" type="stmt" count="7"/>
        <line num="881" type="stmt" count="4"/>
        <line num="884" type="stmt" count="3"/>
        <line num="897" type="method" name="getSeasonTypeCode" visibility="public" complexity="3" crap="3" count="58"/>
        <line num="900" type="stmt" count="58"/>
        <line num="901" type="stmt" count="6"/>
        <line num="902" type="stmt" count="6"/>
        <line num="903" type="stmt" count="4"/>
        <line num="905" type="stmt" count="2"/>
        <line num="908" type="stmt" count="54"/>
        <line num="921" type="method" name="isSeasonalStatisticsAvailable" visibility="public" complexity="3" crap="3" count="153"/>
        <line num="923" type="stmt" count="153"/>
        <line num="924" type="stmt" count="129"/>
        <line num="925" type="stmt" count="124"/>
        <line num="928" type="stmt" count="5"/>
        <line num="940" type="method" name="getSeasonTypeMapSection" visibility="private" complexity="9" crap="9" count="208"/>
        <line num="942" type="stmt" count="208"/>
        <line num="943" type="stmt" count="204"/>
        <line num="945" type="stmt" count="4"/>
        <line num="947" type="stmt" count="204"/>
        <line num="948" type="stmt" count="108"/>
        <line num="950" type="stmt" count="108"/>
        <line num="951" type="stmt" count="87"/>
        <line num="953" type="stmt" count="21"/>
        <line num="956" type="stmt" count="183"/>
        <line num="957" type="stmt" count="61"/>
        <line num="959" type="stmt" count="61"/>
        <line num="960" type="stmt" count="58"/>
        <line num="962" type="stmt" count="3"/>
        <line num="965" type="stmt" count="180"/>
        <line num="966" type="stmt" count="156"/>
        <line num="968" type="stmt" count="156"/>
        <line num="969" type="stmt" count="155"/>
        <line num="971" type="stmt" count="3"/>
        <line num="975" type="stmt" count="179"/>
        <line num="1003" type="method" name="getRaceTypeCode" visibility="public" complexity="6" crap="6" count="81"/>
        <line num="1005" type="stmt" count="81"/>
        <line num="1006" type="stmt" count="81"/>
        <line num="1007" type="stmt" count="25"/>
        <line num="1010" type="stmt" count="81"/>
        <line num="1011" type="stmt" count="10"/>
        <line num="1014" type="stmt" count="72"/>
        <line num="1015" type="stmt" count="72"/>
        <line num="1016" type="stmt" count="72"/>
        <line num="1017" type="stmt" count="16"/>
        <line num="1019" type="stmt" count="56"/>
        <line num="1020" type="stmt" count="56"/>
        <line num="1021" type="method" name="anonymousFunction:1021#4762" complexity="1" crap="1" count="56"/>
        <line num="1022" type="stmt" count="56"/>
        <line num="1023" type="stmt" count="56"/>
        <line num="1027" type="stmt" count="72"/>
        <line num="1035" type="method" name="getRaceTypeByRaceTypeCode" visibility="public" complexity="5" crap="5" count="43"/>
        <line num="1037" type="stmt" count="43"/>
        <line num="1038" type="stmt" count="3"/>
        <line num="1041" type="stmt" count="40"/>
        <line num="1042" type="stmt" count="40"/>
        <line num="1043" type="stmt" count="40"/>
        <line num="1044" type="stmt" count="36"/>
        <line num="1049" type="stmt" count="4"/>
        <line num="1055" type="method" name="getGroupedRaceTypeCodes" visibility="public" complexity="1" crap="1" count="2"/>
        <line num="1057" type="stmt" count="2"/>
        <line num="1058" type="stmt" count="2"/>
        <line num="1059" type="stmt" count="2"/>
        <line num="1061" type="stmt" count="2"/>
        <line num="1062" type="stmt" count="2"/>
        <line num="1063" type="stmt" count="2"/>
        <line num="1064" type="stmt" count="2"/>
        <line num="1068" type="stmt" count="2"/>
        <line num="1069" type="stmt" count="2"/>
        <line num="1079" type="method" name="getRaceType" visibility="public" complexity="2" crap="2" count="4"/>
        <line num="1081" type="stmt" count="4"/>
        <line num="1082" type="stmt" count="2"/>
        <line num="1085" type="stmt" count="2"/>
        <line num="1091" type="method" name="getRaceTypeKeys" visibility="public" complexity="1" crap="1" count="35"/>
        <line num="1093" type="stmt" count="35"/>
        <line num="1102" type="method" name="getDistanceGroup" visibility="public" complexity="1" crap="1" count="34"/>
        <line num="1104" type="stmt" count="34"/>
        <line num="1113" type="method" name="getDistanceByRaceType" visibility="public" complexity="1" crap="1" count="4"/>
        <line num="1115" type="stmt" count="4"/>
        <line num="1124" type="method" name="getJumpsTypeCodes" visibility="public" complexity="1" crap="1" count="5"/>
        <line num="1126" type="stmt" count="5"/>
        <line num="1133" type="method" name="getJumpsTypeCodesKeys" visibility="public" complexity="1" crap="2" count="0"/>
        <line num="1135" type="stmt" count="0"/>
        <line num="1142" type="method" name="getJumpsTypeKeys" visibility="public" complexity="1" crap="1" count="14"/>
        <line num="1144" type="stmt" count="14"/>
        <line num="1152" type="method" name="getRaceTypeKey" visibility="public" complexity="3" crap="3" count="15"/>
        <line num="1154" type="stmt" count="15"/>
        <line num="1155" type="stmt" count="14"/>
        <line num="1156" type="stmt" count="6"/>
        <line num="1157" type="stmt" count="14"/>
        <line num="1159" type="stmt" count="1"/>
        <line num="1166" type="method" name="getRaceTypeByDate" visibility="public" complexity="3" crap="3.14" count="1"/>
        <line num="1168" type="stmt" count="1"/>
        <line num="1170" type="stmt" count="1"/>
        <line num="1171" type="stmt" count="0"/>
        <line num="1173" type="stmt" count="1"/>
        <line num="1184" type="method" name="getSearchDefaultStartDate" visibility="public" complexity="3" crap="3" count="6"/>
        <line num="1186" type="stmt" count="6"/>
        <line num="1187" type="stmt" count="2"/>
        <line num="1188" type="stmt" count="4"/>
        <line num="1189" type="stmt" count="1"/>
        <line num="1191" type="stmt" count="3"/>
        <line num="1194" type="stmt" count="4"/>
        <line num="1202" type="method" name="getRaceCardStatsGroups" visibility="public" complexity="2" crap="2" count="4"/>
        <line num="1204" type="stmt" count="4"/>
        <line num="1206" type="stmt" count="2"/>
        <line num="1212" type="stmt" count="2"/>
        <line num="1226" type="method" name="getMeetingTypeByRacesTypes" visibility="public" complexity="8" crap="8" count="19"/>
        <line num="1228" type="stmt" count="19"/>
        <line num="1229" type="stmt" count="2"/>
        <line num="1231" type="stmt" count="17"/>
        <line num="1232" type="stmt" count="17"/>
        <line num="1235" type="stmt" count="17"/>
        <line num="1236" type="stmt" count="17"/>
        <line num="1240" type="stmt" count="17"/>
        <line num="1241" type="stmt" count="2"/>
        <line num="1244" type="stmt" count="16"/>
        <line num="1245" type="stmt" count="5"/>
        <line num="1246" type="stmt" count="12"/>
        <line num="1247" type="stmt" count="9"/>
        <line num="1249" type="stmt" count="5"/>
        <line num="1252" type="stmt" count="16"/>
        <line num="1262" type="method" name="anonymousFunction:1262#5765" complexity="3" crap="3" count="19"/>
        <line num="1263" type="stmt" count="19"/>
        <line num="1264" type="stmt" count="19"/>
        <line num="1265" type="stmt" count="19"/>
        <line num="1267" type="stmt" count="19"/>
        <line num="1269" type="stmt" count="19"/>
        <line num="1270" type="stmt" count="19"/>
        <line num="1271" type="stmt" count="19"/>
        <line num="1272" type="stmt" count="19"/>
        <line num="1273" type="stmt" count="19"/>
        <line num="1274" type="stmt" count="9"/>
        <line num="1275" type="stmt" count="9"/>
        <line num="1276" type="stmt" count="9"/>
        <line num="1277" type="stmt" count="9"/>
        <line num="1278" type="stmt" count="3"/>
        <line num="1282" type="stmt" count="16"/>
        <line num="1290" type="method" name="getCountryCodesBySeasonType" visibility="public" complexity="3" crap="3" count="22"/>
        <line num="1292" type="stmt" count="22"/>
        <line num="1293" type="stmt" count="5"/>
        <line num="1295" type="stmt" count="17"/>
        <line num="1298" type="stmt" count="22"/>
        <line num="1308" type="method" name="getHorseAgeSQL" visibility="public" complexity="3" crap="3" count="39"/>
        <line num="1311" type="stmt" count="39"/>
        <line num="1313" type="stmt" count="39"/>
        <line num="1314" type="stmt" count="3"/>
        <line num="1317" type="stmt" count="39"/>
        <line num="1325" type="stmt" count="39"/>
        <line num="1333" type="method" name="getCurrentTime" visibility="protected" complexity="1" crap="1" count="34"/>
        <line num="1335" type="stmt" count="34"/>
        <line num="1345" type="method" name="getBigRaceSql" visibility="public" complexity="1" crap="2" count="0"/>
        <line num="1348" type="stmt" count="0"/>
        <line num="1349" type="stmt" count="0"/>
        <line num="1350" type="stmt" count="0"/>
        <line num="1411" type="method" name="getSqlForStake" visibility="public" complexity="1" crap="2" count="0"/>
        <line num="1413" type="stmt" count="0"/>
        <line num="1436" type="method" name="purgeQuery" visibility="public" complexity="2" crap="2" count="1"/>
        <line num="1440" type="stmt" count="1"/>
        <line num="1441" type="stmt" count="1"/>
        <line num="1442" type="stmt" count="1"/>
        <line num="1443" type="stmt" count="1"/>
        <line num="1446" type="stmt" count="1"/>
        <line num="1448" type="stmt" count="1"/>
        <line num="1458" type="method" name="getRaceTypeSubGroup" visibility="public" complexity="3" crap="3.03" count="22"/>
        <line num="1460" type="stmt" count="22"/>
        <line num="1461" type="stmt" count="22"/>
        <line num="1462" type="stmt" count="12"/>
        <line num="1463" type="stmt" count="11"/>
        <line num="1465" type="stmt" count="11"/>
        <line num="1466" type="stmt" count="11"/>
        <line num="1470" type="stmt" count="0"/>
        <line num="1482" type="method" name="getRaceTypeGroupNameByRaceType" visibility="public" complexity="7" crap="7" count="29"/>
        <line num="1484" type="stmt" count="29"/>
        <line num="1485" type="stmt" count="29"/>
        <line num="1486" type="stmt" count="29"/>
        <line num="1487" type="stmt" count="10"/>
        <line num="1489" type="stmt" count="23"/>
        <line num="1490" type="stmt" count="19"/>
        <line num="1495" type="stmt" count="1"/>
        <metrics loc="1497" ncloc="1191" classes="1" methods="45" coveredmethods="40" conditionals="0" coveredconditionals="0" statements="197" coveredstatements="189" elements="242" coveredelements="229"/>
      </file>
    </package>
    <metrics files="212" loc="27823" ncloc="20879" classes="210" methods="975" coveredmethods="693" conditionals="0" coveredconditionals="0" statements="8385" coveredstatements="7370" elements="9360" coveredelements="8063"/>
  </project>
</coverage>
